INFO:root:59,0.1
INFO:root:2854,3.3
INFO:root:4770,2.5
INFO:root:6778,2.0
INFO:root:9511,2.7
INFO:root:12365,3.0
INFO:root:14308,3.3
INFO:root:16153,4.4
INFO:root:17830,2.8
INFO:root:19231,3.0
INFO:root:20621,2.6
INFO:root:21894,1.7
INFO:root:23386,2.6
INFO:root:24873,2.4
INFO:root:26738,3.6
INFO:root:28244,2.6
INFO:root:29999,3.1
INFO:root:31632,2.2
INFO:root:33580,3.3
INFO:root:35013,3.1
INFO:root:36527,2.6
INFO:root:37930,2.5
INFO:root:39495,3.1
INFO:root:40549,2.2
INFO:root:42578,4.0
INFO:root:44046,2.6
INFO:root:45570,3.8
INFO:root:46844,3.0
INFO:root:48391,3.7
INFO:root:50053,4.9
INFO:root:51469,3.3
INFO:root:53288,4.1
INFO:root:54848,3.6
INFO:root:56398,3.5
INFO:root:58140,3.7
INFO:root:60014,3.8
INFO:root:61607,2.6
INFO:root:62882,3.1
INFO:root:64576,4.5
INFO:root:65856,2.1
INFO:root:67554,3.6
INFO:root:68907,3.4
INFO:root:70127,2.8
INFO:root:71359,2.9
INFO:root:73069,3.4
INFO:root:74668,3.2
INFO:root:76498,3.6
INFO:root:77901,3.1
INFO:root:79296,4.2
INFO:root:80778,3.4
INFO:root:82212,2.8
INFO:root:83385,2.9
INFO:root:84672,2.6
INFO:root:85771,1.8
INFO:root:87069,3.1
INFO:root:88571,4.0
INFO:root:89948,2.9
INFO:root:91275,2.6
INFO:root:92845,3.8
INFO:root:94305,3.4
INFO:root:96062,3.6
INFO:root:97964,5.4
INFO:root:99401,4.3
INFO:root:101133,4.1
INFO:root:102596,3.3
INFO:root:104223,3.8
INFO:root:105756,3.6
INFO:root:107073,3.0
INFO:root:108265,3.4
INFO:root:109947,3.2
INFO:root:111442,2.9
INFO:root:112984,3.4
INFO:root:114591,4.1
INFO:root:115635,2.3
INFO:root:116930,2.4
INFO:root:118334,3.0
INFO:root:119701,3.8
INFO:root:121159,3.8
INFO:root:122944,4.4
INFO:root:124352,4.1
INFO:root:125660,3.0
INFO:root:127234,4.6
INFO:root:128709,3.4
INFO:root:130235,3.6
INFO:root:131831,4.7
INFO:root:132946,3.3
INFO:root:134332,2.9
INFO:root:135846,4.3
INFO:root:137355,3.2
INFO:root:138805,3.9
INFO:root:140436,4.0
INFO:root:141689,3.1
INFO:root:143324,3.5
INFO:root:144765,3.5
INFO:root:146115,3.1
INFO:root:148070,4.7
INFO:root:149489,3.8
INFO:root:150740,3.4
INFO:root:152325,3.9
INFO:root:153578,3.1
INFO:root:154787,3.1
INFO:root:156238,3.1
INFO:root:157948,2.9
INFO:root:159861,3.9
INFO:root:161203,3.4
INFO:root:162815,4.0
INFO:root:164251,3.1
INFO:root:165744,3.4
INFO:root:166892,2.8
INFO:root:168363,2.5
INFO:root:170152,3.7
INFO:root:171514,3.4
INFO:root:173236,4.3
INFO:root:174722,3.8
INFO:root:176123,4.3
INFO:root:177608,3.4
INFO:root:179298,3.8
INFO:root:181197,5.2
INFO:root:182612,3.2
INFO:root:183947,2.8
INFO:root:185622,3.9
INFO:root:186833,3.8
INFO:root:188284,4.4
INFO:root:189901,4.3
INFO:root:191508,4.2
INFO:root:193316,4.6
INFO:root:195173,5.5
INFO:root:196851,4.6
INFO:root:197881,2.3
INFO:root:199600,4.3
INFO:root:201213,3.5
INFO:root:202838,4.3
INFO:root:204460,4.4
INFO:root:205882,3.1
INFO:root:207588,4.2
INFO:root:209799,4.6
INFO:root:211346,3.5
INFO:root:212853,3.2
INFO:root:214403,3.5
INFO:root:215847,3.7
INFO:root:217482,4.1
INFO:root:219080,4.3
INFO:root:220939,4.7
INFO:root:222320,3.1
INFO:root:224076,4.8
INFO:root:226086,4.6
INFO:root:227444,4.6
INFO:root:228996,4.1
INFO:root:230526,4.9
INFO:root:231763,3.6
INFO:root:233436,4.4
INFO:root:235068,4.7
INFO:root:236361,4.2
INFO:root:237929,3.7
INFO:root:239160,2.8
INFO:root:240736,4.2
INFO:root:242604,4.8
INFO:root:244286,4.1
INFO:root:245623,3.6
INFO:root:247563,5.2
INFO:root:248886,3.8
INFO:root:250503,4.2
INFO:root:252483,3.7
INFO:root:253814,3.0
INFO:root:255559,3.2
INFO:root:256522,2.5
INFO:root:258454,4.8
INFO:root:259985,4.1
INFO:root:261349,3.1
INFO:root:263115,4.4
INFO:root:264639,4.8
INFO:root:266077,3.3
INFO:root:267426,4.3
INFO:root:268679,3.5
INFO:root:270268,5.2
INFO:root:271561,3.4
INFO:root:273277,5.2
INFO:root:274661,3.2
INFO:root:276025,4.6
INFO:root:277282,3.0
INFO:root:278906,4.6
INFO:root:280482,4.0
INFO:root:282538,6.3
INFO:root:284354,5.2
INFO:root:286155,4.9
INFO:root:288012,5.4
INFO:root:289564,4.1
INFO:root:291425,4.7
INFO:root:293232,4.9
INFO:root:295173,4.2
INFO:root:296859,3.6
INFO:root:298658,4.7
INFO:root:300231,3.8
INFO:root:301806,3.5
INFO:root:303568,5.2
INFO:root:305156,3.8
INFO:root:306858,5.0
INFO:root:308656,4.7
INFO:root:310620,4.6
INFO:root:312521,3.7
INFO:root:314272,4.4
INFO:root:316266,4.8
INFO:root:317896,4.0
INFO:root:319336,3.3
INFO:root:320762,4.1
INFO:root:322351,4.1
INFO:root:324631,4.2
INFO:root:326068,3.6
INFO:root:327807,4.2
INFO:root:329421,3.8
INFO:root:331159,4.7
INFO:root:332629,4.5
INFO:root:334680,5.9
INFO:root:336338,4.0
INFO:root:337652,3.1
INFO:root:339285,4.2
INFO:root:340946,4.0
INFO:root:342246,2.8
INFO:root:343731,3.7
INFO:root:345550,4.2
INFO:root:347004,4.3
INFO:root:348836,5.3
INFO:root:350499,4.0
INFO:root:352135,5.2
INFO:root:353924,4.9
INFO:root:355319,2.8
INFO:root:356902,3.7
INFO:root:358210,2.9
INFO:root:359654,4.3
INFO:root:361430,3.4
INFO:root:363202,4.6
INFO:root:364835,4.7
INFO:root:366092,3.2
INFO:root:367802,4.3
INFO:root:369251,5.1
INFO:root:370803,4.1
INFO:root:372102,3.0
INFO:root:373496,3.9
INFO:root:375019,3.6
INFO:root:376910,6.2
INFO:root:378848,4.6
INFO:root:380390,4.6
INFO:root:381858,4.2
INFO:root:383801,5.9
INFO:root:385319,5.0
INFO:root:387211,5.1
INFO:root:389142,5.5
INFO:root:390843,5.0
INFO:root:392105,3.9
INFO:root:393532,4.1
INFO:root:394961,2.4
INFO:root:396975,5.8
INFO:root:398673,5.4
INFO:root:400514,4.9
INFO:root:402470,5.4
INFO:root:404166,4.7
INFO:root:405448,4.0
INFO:root:406624,3.7
INFO:root:408113,4.6
INFO:root:409619,4.8
INFO:root:411206,4.2
INFO:root:412668,4.0
INFO:root:414015,3.5
INFO:root:415677,4.8
INFO:root:417183,3.6
INFO:root:418796,3.8
INFO:root:420140,2.9
INFO:root:421494,3.2
INFO:root:423241,4.6
INFO:root:424617,4.1
INFO:root:426203,4.6
INFO:root:427370,3.2
INFO:root:429274,5.2
INFO:root:430411,2.9
INFO:root:432413,4.6
INFO:root:434146,4.5
INFO:root:435434,4.3
INFO:root:436928,4.3
INFO:root:438590,4.4
INFO:root:440036,3.6
INFO:root:441586,4.4
INFO:root:442880,3.4
INFO:root:444619,4.9
INFO:root:446491,3.7
INFO:root:448025,4.2
INFO:root:450276,4.8
INFO:root:451684,3.2
INFO:root:453191,3.5
INFO:root:454699,4.1
INFO:root:456448,5.6
INFO:root:458167,4.4
INFO:root:459602,4.0
INFO:root:461659,5.8
INFO:root:463535,3.9
INFO:root:465173,3.8
INFO:root:466920,4.1
INFO:root:468679,3.7
INFO:root:470571,4.9
INFO:root:471984,3.1
INFO:root:473893,4.7
INFO:root:476172,4.7
INFO:root:477865,4.6
INFO:root:479309,2.9
INFO:root:480956,3.6
INFO:root:482491,4.6
INFO:root:483958,3.9
INFO:root:485683,5.3
INFO:root:487084,4.4
INFO:root:488679,4.2
INFO:root:490596,5.4
INFO:root:492267,4.6
INFO:root:494212,4.6
INFO:root:495876,4.9
INFO:root:497549,5.3
INFO:root:499405,4.6
INFO:root:501524,4.8
INFO:root:503700,5.8
INFO:root:505354,2.8
INFO:root:507101,4.2
INFO:root:508844,4.4
INFO:root:510407,3.8
INFO:root:511923,4.2
INFO:root:513322,4.2
INFO:root:514840,4.4
INFO:root:516528,3.4
INFO:root:518058,4.0
INFO:root:519834,5.1
INFO:root:521142,3.3
INFO:root:522954,5.3
INFO:root:524957,5.7
INFO:root:526863,5.3
INFO:root:528973,5.9
INFO:root:530938,5.5
INFO:root:532463,3.9
INFO:root:534109,4.8
INFO:root:535927,4.0
INFO:root:537698,4.6
INFO:root:539276,4.0
INFO:root:540712,3.8
INFO:root:542389,4.9
INFO:root:543821,3.5
INFO:root:545068,2.9
INFO:root:546770,4.0
INFO:root:548308,3.8
INFO:root:549763,4.0
INFO:root:551578,5.6
INFO:root:553363,4.7
INFO:root:555052,4.8
INFO:root:556958,6.2
INFO:root:558621,4.6
INFO:root:559776,3.2
INFO:root:561351,3.1
INFO:root:562515,2.5
INFO:root:564440,5.1
INFO:root:566043,4.7
INFO:root:567824,5.6
INFO:root:569306,4.0
INFO:root:570789,3.3
INFO:root:572873,6.0
INFO:root:574415,4.5
INFO:root:575983,4.4
INFO:root:577878,5.1
INFO:root:580090,5.1
INFO:root:581682,4.0
INFO:root:583588,5.4
INFO:root:585140,3.3
INFO:root:586707,5.9
INFO:root:588498,5.6
INFO:root:590071,4.5
INFO:root:591867,5.1
INFO:root:593239,4.0
INFO:root:594331,2.7
INFO:root:595880,3.7
INFO:root:597495,4.8
INFO:root:598830,2.7
INFO:root:600243,4.0
INFO:root:601354,2.6
INFO:root:603207,4.2
INFO:root:604961,5.2
INFO:root:606393,2.4
INFO:root:608306,4.9
INFO:root:609944,4.7
INFO:root:611076,3.4
INFO:root:612918,3.6
INFO:root:614547,5.4
INFO:root:616263,3.8
INFO:root:617899,5.4
INFO:root:618984,2.6
INFO:root:620736,4.5
INFO:root:622077,3.3
INFO:root:623970,4.5
INFO:root:625675,4.0
INFO:root:627470,4.6
INFO:root:628811,4.4
INFO:root:630263,3.2
INFO:root:631576,4.3
INFO:root:633146,4.6
INFO:root:634876,4.6
INFO:root:636847,5.2
INFO:root:638195,3.8
INFO:root:639668,3.8
INFO:root:641038,3.2
INFO:root:642749,5.4
INFO:root:644156,4.0
INFO:root:645958,4.8
INFO:root:647636,4.2
INFO:root:649089,3.9
INFO:root:650468,3.8
INFO:root:652001,4.3
INFO:root:653663,4.5
INFO:root:655197,4.0
INFO:root:656602,4.8
INFO:root:658298,5.0
INFO:root:659884,4.5
INFO:root:661207,3.3
INFO:root:662562,3.2
INFO:root:664392,4.1
INFO:root:666013,4.6
INFO:root:667784,4.7
INFO:root:669819,5.8
INFO:root:671574,4.4
INFO:root:673462,4.7
INFO:root:674909,3.7
INFO:root:676674,4.5
INFO:root:678572,4.4
INFO:root:680805,5.9
INFO:root:682582,4.1
INFO:root:684217,4.2
INFO:root:685345,2.9
INFO:root:686871,4.1
INFO:root:688440,4.6
INFO:root:690070,4.3
INFO:root:691700,4.8
INFO:root:693517,4.1
INFO:root:695559,5.2
INFO:root:697500,5.7
INFO:root:699003,3.9
INFO:root:700598,5.1
INFO:root:702091,3.9
INFO:root:703611,2.8
INFO:root:705623,4.8
INFO:root:707271,4.9
INFO:root:708742,3.5
INFO:root:710097,3.5
INFO:root:711679,5.0
INFO:root:713199,4.7
INFO:root:714891,4.8
INFO:root:716437,4.0
INFO:root:718131,5.1
INFO:root:719797,4.7
INFO:root:721552,4.3
INFO:root:723505,5.8
INFO:root:724931,4.3
INFO:root:726218,4.3
INFO:root:727948,6.1
INFO:root:729400,4.0
INFO:root:731251,5.5
INFO:root:733157,5.1
INFO:root:734967,5.5
INFO:root:736597,4.3
INFO:root:738130,4.7
INFO:root:740084,6.8
INFO:root:741736,4.6
INFO:root:743585,4.5
INFO:root:745046,4.4
INFO:root:746893,4.8
INFO:root:748333,4.2
INFO:root:749898,4.6
INFO:root:751659,4.9
INFO:root:753609,5.1
INFO:root:755178,4.5
INFO:root:756782,3.9
INFO:root:758433,4.3
INFO:root:760303,4.5
INFO:root:761769,4.2
INFO:root:763303,4.4
INFO:root:765509,6.0
INFO:root:767518,5.8
INFO:root:768898,4.3
INFO:root:770744,5.5
INFO:root:772345,4.7
INFO:root:773876,4.3
INFO:root:775387,4.9
INFO:root:776860,3.9
INFO:root:778539,4.7
INFO:root:780196,3.6
INFO:root:781936,4.7
INFO:root:783238,3.4
INFO:root:784669,4.2
INFO:root:786331,4.8
INFO:root:787998,4.6
INFO:root:789909,5.9
INFO:root:791200,3.4
INFO:root:792947,4.8
INFO:root:794436,4.2
INFO:root:796284,5.8
INFO:root:797805,4.1
INFO:root:799206,4.1
INFO:root:801051,6.4
INFO:root:802906,6.0
INFO:root:804463,5.1
INFO:root:806165,4.7
INFO:root:807774,4.4
INFO:root:809027,4.3
INFO:root:810466,4.3
INFO:root:812482,5.2
INFO:root:814158,5.0
INFO:root:815602,4.0
INFO:root:816994,4.3
INFO:root:818775,4.6
INFO:root:820064,3.3
INFO:root:821369,4.3
INFO:root:823151,4.7
INFO:root:824647,4.8
INFO:root:826196,3.7
INFO:root:827911,4.8
INFO:root:829419,4.4
INFO:root:830515,3.6
INFO:root:832165,5.1
INFO:root:834067,5.7
INFO:root:835840,4.6
INFO:root:837627,4.7
INFO:root:839517,4.9
INFO:root:841043,3.3
INFO:root:842730,4.9
INFO:root:844461,4.7
INFO:root:846330,5.0
INFO:root:848224,4.9
INFO:root:849716,4.6
INFO:root:851372,5.3
INFO:root:852570,2.7
INFO:root:854282,2.8
INFO:root:856294,5.1
INFO:root:857784,2.9
INFO:root:859732,5.5
INFO:root:861215,4.0
INFO:root:862499,3.2
INFO:root:863815,3.0
INFO:root:865325,3.9
INFO:root:866742,4.0
INFO:root:868280,4.0
INFO:root:869964,4.7
INFO:root:871303,4.0
INFO:root:872872,4.2
INFO:root:874674,5.1
INFO:root:876325,3.6
INFO:root:877706,3.2
INFO:root:879208,3.3
INFO:root:880767,4.0
INFO:root:882063,3.0
INFO:root:883458,3.8
INFO:root:884944,3.6
INFO:root:886584,5.0
INFO:root:888444,5.4
INFO:root:889798,3.4
INFO:root:891335,4.1
INFO:root:893052,5.2
INFO:root:895185,4.8
INFO:root:896694,3.6
INFO:root:898192,4.1
INFO:root:899726,4.7
INFO:root:901321,4.0
INFO:root:903100,4.8
INFO:root:904056,2.3
INFO:root:905540,4.7
INFO:root:906963,4.6
INFO:root:908484,5.2
INFO:root:909948,4.3
INFO:root:911532,4.5
INFO:root:913513,5.5
INFO:root:914849,4.2
INFO:root:916384,5.2
INFO:root:918229,5.0
INFO:root:919654,5.0
INFO:root:921477,5.5
INFO:root:922722,3.5
INFO:root:924190,4.0
INFO:root:925544,3.7
INFO:root:927111,4.9
INFO:root:928407,3.0
INFO:root:930074,4.8
INFO:root:931863,4.5
INFO:root:933248,3.7
INFO:root:935161,4.6
INFO:root:937172,5.5
INFO:root:938785,3.8
INFO:root:940111,3.6
INFO:root:941811,4.8
INFO:root:943314,4.1
INFO:root:944697,4.0
INFO:root:946295,4.4
INFO:root:947954,4.3
INFO:root:949949,5.8
INFO:root:951483,4.4
INFO:root:953118,4.1
INFO:root:954650,3.9
INFO:root:956408,4.2
INFO:root:958061,4.8
INFO:root:959645,4.9
INFO:root:961276,5.1
INFO:root:963445,6.1
INFO:root:964901,4.3
INFO:root:966403,4.3
INFO:root:968253,5.4
INFO:root:969838,3.8
INFO:root:971241,4.2
INFO:root:972384,2.6
INFO:root:974130,3.9
INFO:root:975636,4.2
INFO:root:977161,4.1
INFO:root:978511,4.4
INFO:root:980284,4.6
INFO:root:981411,4.2
INFO:root:982992,4.8
INFO:root:984172,2.7
INFO:root:985726,4.5
INFO:root:986818,3.0
INFO:root:988716,5.4
INFO:root:990120,4.1
INFO:root:992053,6.0
INFO:root:993830,5.8
INFO:root:995497,5.3
INFO:root:997081,4.3
INFO:root:998633,5.3
INFO:root:1000195,4.3
INFO:root:1001473,3.7
INFO:root:1002938,5.3
INFO:root:1004834,5.7
INFO:root:1006459,4.4
INFO:root:1007757,3.9
INFO:root:1009265,4.1
INFO:root:1010672,4.0
INFO:root:1012401,5.3
INFO:root:1014101,5.1
INFO:root:1015573,4.3
INFO:root:1017251,4.6
INFO:root:1019009,5.8
INFO:root:1020630,3.5
INFO:root:1022334,5.2
INFO:root:1024063,5.1
INFO:root:1025697,5.1
INFO:root:1027255,4.1
INFO:root:1028758,4.7
INFO:root:1030368,5.1
INFO:root:1031908,4.1
INFO:root:1033378,3.9
INFO:root:1034996,5.5
INFO:root:1036785,4.6
INFO:root:1038388,3.5
INFO:root:1039644,3.3
INFO:root:1041461,4.3
INFO:root:1042885,3.5
INFO:root:1044648,4.9
INFO:root:1045944,3.2
INFO:root:1047823,5.9
INFO:root:1049407,5.4
INFO:root:1050799,4.3
INFO:root:1052543,4.7
INFO:root:1053923,3.9
INFO:root:1055607,3.4
INFO:root:1057555,5.1
INFO:root:1059214,4.6
INFO:root:1060852,4.7
INFO:root:1062142,3.0
INFO:root:1063647,3.6
INFO:root:1065271,3.5
INFO:root:1066698,3.8
INFO:root:1067972,3.2
INFO:root:1069159,4.1
INFO:root:1070551,3.9
INFO:root:1072239,5.0
INFO:root:1073528,4.1
INFO:root:1075237,5.4
INFO:root:1076349,3.1
INFO:root:1077911,3.2
INFO:root:1079521,4.3
INFO:root:1081354,5.0
INFO:root:1082931,4.5
INFO:root:1084640,4.8
INFO:root:1086541,5.9
INFO:root:1088155,4.4
INFO:root:1089787,4.5
INFO:root:1091531,4.8
INFO:root:1093425,4.6
INFO:root:1095057,5.1
INFO:root:1096564,3.7
INFO:root:1097807,3.5
INFO:root:1099241,3.0
INFO:root:1100874,3.8
INFO:root:1102043,3.1
INFO:root:1103622,4.7
INFO:root:1105344,4.9
INFO:root:1106679,2.7
INFO:root:1107860,3.0
INFO:root:1109465,4.1
INFO:root:1110953,3.5
INFO:root:1112457,3.7
INFO:root:1114375,4.5
INFO:root:1115745,3.5
INFO:root:1117419,4.9
INFO:root:1118891,4.7
INFO:root:1120234,4.2
INFO:root:1122157,5.0
INFO:root:1123944,5.2
INFO:root:1125561,5.0
INFO:root:1127277,5.1
INFO:root:1128695,4.4
INFO:root:1130577,5.7
INFO:root:1132328,6.4
INFO:root:1133796,4.2
INFO:root:1135374,4.4
INFO:root:1137255,5.3
INFO:root:1138957,4.5
INFO:root:1140278,3.8
INFO:root:1141756,3.7
INFO:root:1143674,6.2
INFO:root:1145141,5.1
INFO:root:1146394,3.3
INFO:root:1148104,5.4
INFO:root:1149867,4.0
INFO:root:1151624,4.6
INFO:root:1153579,5.8
INFO:root:1155375,5.2
INFO:root:1157235,4.8
INFO:root:1159278,5.6
INFO:root:1160779,3.9
INFO:root:1162533,5.4
INFO:root:1164662,5.6
INFO:root:1166601,5.2
INFO:root:1168367,5.1
INFO:root:1170103,4.5
INFO:root:1171624,4.3
INFO:root:1173203,4.8
INFO:root:1175061,5.7
INFO:root:1176614,4.6
INFO:root:1178311,5.2
INFO:root:1179949,4.6
INFO:root:1181702,5.2
INFO:root:1182783,3.4
INFO:root:1184310,3.9
INFO:root:1186001,4.4
INFO:root:1187695,4.9
INFO:root:1189341,4.2
INFO:root:1190824,3.7
INFO:root:1192163,3.6
INFO:root:1193777,4.0
INFO:root:1195193,4.3
INFO:root:1196752,5.2
INFO:root:1198360,4.7
INFO:root:1200101,5.1
INFO:root:1201417,4.5
INFO:root:1203338,6.0
INFO:root:1205294,5.1
INFO:root:1206850,4.4
INFO:root:1208575,5.1
INFO:root:1210265,5.1
INFO:root:1211994,4.6
INFO:root:1213733,4.4
INFO:root:1215327,4.8
INFO:root:1216766,4.1
INFO:root:1218402,5.7
INFO:root:1220008,4.1
INFO:root:1221695,5.2
INFO:root:1223593,5.3
INFO:root:1224926,3.5
INFO:root:1226449,4.6
INFO:root:1227925,4.3
INFO:root:1229408,4.2
INFO:root:1230716,3.0
INFO:root:1232247,4.8
INFO:root:1233880,4.8
INFO:root:1235597,4.3
INFO:root:1237257,5.1
INFO:root:1238813,4.4
INFO:root:1240431,5.2
INFO:root:1242046,4.8
INFO:root:1243964,5.6
INFO:root:1245406,3.1
INFO:root:1247327,5.4
INFO:root:1248814,4.2
INFO:root:1250488,4.7
INFO:root:1252149,5.7
INFO:root:1253903,5.5
INFO:root:1255635,5.7
INFO:root:1257500,5.2
INFO:root:1258928,4.4
INFO:root:1260902,5.6
INFO:root:1262473,4.6
INFO:root:1264123,4.8
INFO:root:1265898,5.3
INFO:root:1267425,4.3
INFO:root:1269136,4.6
INFO:root:1270593,4.7
INFO:root:1272337,4.2
INFO:root:1274465,5.8
INFO:root:1275866,4.6
INFO:root:1277423,5.0
INFO:root:1279047,4.6
INFO:root:1280762,5.5
INFO:root:1282427,5.1
INFO:root:1284009,4.3
INFO:root:1285815,5.4
INFO:root:1287406,4.8
INFO:root:1289046,5.0
INFO:root:1290758,4.7
INFO:root:1292666,4.8
INFO:root:1294535,6.5
INFO:root:1296110,5.6
INFO:root:1297957,5.8
INFO:root:1299709,5.0
INFO:root:1301183,3.9
INFO:root:1302540,4.4
INFO:root:1303986,4.8
INFO:root:1305660,5.2
INFO:root:1307016,4.0
INFO:root:1308591,5.4
INFO:root:1310460,5.9
INFO:root:1312110,4.9
INFO:root:1313541,4.4
INFO:root:1315536,6.0
INFO:root:1316844,4.6
INFO:root:1318400,4.2
INFO:root:1319869,3.4
INFO:root:1321920,5.2
INFO:root:1323704,4.9
INFO:root:1325573,4.9
INFO:root:1327106,4.2
INFO:root:1328974,4.7
INFO:root:1330658,6.2
INFO:root:1331939,3.8
INFO:root:1333343,3.5
INFO:root:1334756,3.5
INFO:root:1336166,3.5
INFO:root:1337545,3.5
INFO:root:1339548,5.4
INFO:root:1341056,3.5
INFO:root:1342699,5.0
INFO:root:1344128,4.5
INFO:root:1345705,5.5
INFO:root:1347259,5.3
INFO:root:1348890,4.2
INFO:root:1350279,4.5
INFO:root:1352163,6.2
INFO:root:1353730,4.8
INFO:root:1355709,5.8
INFO:root:1357290,4.8
INFO:root:1358959,4.6
INFO:root:1360838,5.5
INFO:root:1362655,6.0
INFO:root:1364180,5.2
INFO:root:1365757,3.6
INFO:root:1367394,5.8
INFO:root:1369508,6.4
INFO:root:1371139,4.7
INFO:root:1372993,5.3
INFO:root:1374813,5.8
INFO:root:1376178,4.2
INFO:root:1378009,5.3
INFO:root:1379786,5.1
INFO:root:1381591,5.7
INFO:root:1383272,4.9
INFO:root:1384818,4.3
INFO:root:1386180,3.6
INFO:root:1387958,4.6
INFO:root:1389584,4.3
INFO:root:1391241,4.6
INFO:root:1392684,4.3
INFO:root:1394284,5.0
INFO:root:1396024,4.8
INFO:root:1397251,3.1
INFO:root:1398994,5.7
INFO:root:1400379,4.0
INFO:root:1402306,5.6
INFO:root:1404126,5.3
INFO:root:1405516,4.6
INFO:root:1406993,4.4
INFO:root:1408797,5.3
INFO:root:1410407,4.1
INFO:root:1412181,5.9
INFO:root:1413976,4.6
INFO:root:1415775,5.2
INFO:root:1417508,4.3
INFO:root:1419078,3.9
INFO:root:1420665,4.0
INFO:root:1422383,5.5
INFO:root:1424202,4.9
INFO:root:1425759,4.7
INFO:root:1427617,5.9
INFO:root:1429181,4.2
INFO:root:1430963,4.9
INFO:root:1432617,5.5
INFO:root:1434388,5.0
INFO:root:1436067,5.7
INFO:root:1437629,5.8
INFO:root:1439161,5.0
INFO:root:1440890,5.2
INFO:root:1442748,6.1
INFO:root:1443975,3.9
INFO:root:1445753,5.3
INFO:root:1447348,4.6
INFO:root:1448801,5.5
INFO:root:1450299,4.5
INFO:root:1451875,5.4
INFO:root:1453404,4.4
INFO:root:1454399,3.3
INFO:root:1456234,6.5
INFO:root:1458066,5.8
INFO:root:1459796,5.1
INFO:root:1461458,5.7
INFO:root:1463099,5.3
INFO:root:1464825,5.6
INFO:root:1466894,6.7
INFO:root:1468377,4.9
INFO:root:1470128,5.7
INFO:root:1471982,5.2
INFO:root:1473428,4.3
INFO:root:1474740,3.4
INFO:root:1476283,4.8
INFO:root:1478036,5.9
INFO:root:1479818,5.5
INFO:root:1481607,4.9
INFO:root:1483397,5.8
INFO:root:1485162,5.5
INFO:root:1486591,4.1
INFO:root:1488209,4.6
INFO:root:1489750,4.9
INFO:root:1491381,3.0
INFO:root:1493395,5.8
INFO:root:1495327,5.8
INFO:root:1496833,5.6
INFO:root:1498792,6.2
INFO:root:1500206,4.5
INFO:root:1501889,5.6
INFO:root:1503673,5.3
INFO:root:1505485,6.0
INFO:root:1507562,4.7
INFO:root:1509333,4.8
INFO:root:1510743,3.3
INFO:root:1512541,5.6
INFO:root:1513679,3.5
INFO:root:1515094,3.9
INFO:root:1516692,4.9
INFO:root:1518182,4.2
INFO:root:1520014,6.2
INFO:root:1521448,4.5
INFO:root:1523127,5.8
INFO:root:1524381,4.0
INFO:root:1526164,4.3
INFO:root:1527841,4.3
INFO:root:1529312,4.6
INFO:root:1530962,6.3
INFO:root:1532867,5.9
INFO:root:1534440,5.2
INFO:root:1535890,4.4
INFO:root:1536924,2.7
INFO:root:1538584,5.0
INFO:root:1540718,5.9
INFO:root:1542346,4.4
INFO:root:1543987,5.7
INFO:root:1545772,6.0
INFO:root:1547242,4.3
INFO:root:1548757,4.6
INFO:root:1550050,3.7
INFO:root:1552018,6.3
INFO:root:1553628,4.7
INFO:root:1555301,4.4
INFO:root:1556776,5.0
INFO:root:1558458,5.0
INFO:root:1560276,5.9
INFO:root:1561573,3.7
INFO:root:1563253,5.5
INFO:root:1564838,5.3
INFO:root:1566491,3.8
INFO:root:1568065,4.6
INFO:root:1569474,4.3
INFO:root:1571030,4.0
INFO:root:1572648,5.0
INFO:root:1574371,4.8
INFO:root:1575989,5.7
INFO:root:1577600,4.4
INFO:root:1579285,5.2
INFO:root:1580731,4.8
INFO:root:1581920,3.3
INFO:root:1583862,5.6
INFO:root:1585138,3.4
INFO:root:1586867,5.6
INFO:root:1588637,5.7
INFO:root:1590715,5.6
INFO:root:1592237,5.3
INFO:root:1593862,3.5
INFO:root:1595454,5.2
INFO:root:1597009,4.4
INFO:root:1599094,6.2
INFO:root:1600674,4.5
INFO:root:1602499,4.7
INFO:root:1603859,4.6
INFO:root:1605385,4.4
INFO:root:1606773,3.5
INFO:root:1608486,4.5
INFO:root:1610138,4.6
INFO:root:1611601,4.7
INFO:root:1612960,4.4
INFO:root:1614270,3.9
INFO:root:1615521,3.5
INFO:root:1617167,4.9
INFO:root:1619161,5.6
INFO:root:1620373,3.8
INFO:root:1622413,5.5
INFO:root:1624375,5.0
INFO:root:1626187,5.4
INFO:root:1628046,6.0
INFO:root:1629662,4.9
INFO:root:1631262,3.6
INFO:root:1632716,4.1
INFO:root:1634416,5.5
INFO:root:1635783,3.8
INFO:root:1637282,3.5
INFO:root:1639298,5.4
INFO:root:1640598,4.1
INFO:root:1642134,4.9
INFO:root:1643550,4.6
INFO:root:1645002,3.6
INFO:root:1647041,4.9
INFO:root:1648590,3.6
INFO:root:1650112,4.3
INFO:root:1651588,4.8
INFO:root:1653535,5.5
INFO:root:1655382,5.4
INFO:root:1657095,6.0
INFO:root:1659044,4.4
INFO:root:1660663,4.8
INFO:root:1661918,4.1
INFO:root:1663927,5.6
INFO:root:1666028,6.1
INFO:root:1667661,4.4
INFO:root:1669520,5.5
INFO:root:1671159,5.1
INFO:root:1672492,3.9
INFO:root:1673962,5.1
INFO:root:1675053,3.8
INFO:root:1676733,5.1
INFO:root:1678422,5.2
INFO:root:1679982,4.3
INFO:root:1681716,5.7
INFO:root:1683267,4.3
INFO:root:1684199,2.6
INFO:root:1685797,4.9
INFO:root:1687110,3.6
INFO:root:1688782,5.9
INFO:root:1690181,5.1
INFO:root:1691806,3.9
INFO:root:1693157,4.6
INFO:root:1694620,4.4
INFO:root:1696197,4.8
INFO:root:1697889,5.6
INFO:root:1699401,4.2
INFO:root:1701114,5.1
INFO:root:1702616,4.1
INFO:root:1704584,5.4
INFO:root:1706382,4.6
INFO:root:1708458,6.6
INFO:root:1709760,3.0
INFO:root:1711229,4.5
INFO:root:1712575,4.4
INFO:root:1714180,5.5
INFO:root:1715770,4.5
INFO:root:1717527,5.0
INFO:root:1719163,5.3
INFO:root:1720887,5.0
INFO:root:1722899,6.7
INFO:root:1724440,3.9
INFO:root:1725814,4.1
INFO:root:1727546,4.4
INFO:root:1728952,3.9
INFO:root:1730506,4.4
INFO:root:1732274,5.7
INFO:root:1733473,2.9
INFO:root:1735015,5.3
INFO:root:1736715,5.7
INFO:root:1738438,4.5
INFO:root:1740049,4.8
INFO:root:1741322,3.3
INFO:root:1743276,5.4
INFO:root:1744731,4.0
INFO:root:1746122,3.5
INFO:root:1747590,4.0
INFO:root:1749332,6.3
INFO:root:1750855,5.3
INFO:root:1752301,4.4
INFO:root:1753858,4.9
INFO:root:1756061,7.1
INFO:root:1757876,5.7
INFO:root:1759074,4.4
INFO:root:1760352,4.3
INFO:root:1761815,4.9
INFO:root:1763355,4.7
INFO:root:1765316,6.4
INFO:root:1766914,4.7
INFO:root:1768768,6.6
INFO:root:1769780,3.3
INFO:root:1770725,3.0
INFO:root:1772381,5.6
INFO:root:1773880,5.7
INFO:root:1775542,4.9
INFO:root:1777141,4.7
INFO:root:1778908,5.9
INFO:root:1780394,4.6
INFO:root:1781938,4.7
INFO:root:1783313,4.6
INFO:root:1784687,5.1
INFO:root:1786119,4.1
INFO:root:1788055,6.1
INFO:root:1789479,4.3
INFO:root:1790673,3.4
INFO:root:1792115,5.0
INFO:root:1793612,4.0
INFO:root:1795023,4.6
INFO:root:1796531,3.7
INFO:root:1798085,4.3
INFO:root:1799977,5.5
INFO:root:1801714,5.7
INFO:root:1803805,5.3
INFO:root:1805664,4.9
INFO:root:1807236,3.2
INFO:root:1808659,3.7
INFO:root:1810122,4.9
INFO:root:1811891,5.5
INFO:root:1813539,4.9
INFO:root:1815163,5.1
INFO:root:1816734,4.8
INFO:root:1818926,6.3
INFO:root:1820622,5.3
INFO:root:1822102,4.0
INFO:root:1823679,4.0
INFO:root:1825140,4.0
INFO:root:1826856,5.0
INFO:root:1828333,3.8
INFO:root:1829607,3.7
INFO:root:1831293,5.7
INFO:root:1832967,5.8
INFO:root:1834998,6.8
INFO:root:1836640,3.7
INFO:root:1838466,4.9
INFO:root:1839852,4.1
INFO:root:1841525,5.2
INFO:root:1843070,4.8
INFO:root:1844798,4.5
INFO:root:1846320,4.5
INFO:root:1847886,4.0
INFO:root:1849390,5.3
INFO:root:1851291,6.3
INFO:root:1852956,5.0
INFO:root:1854756,5.5
INFO:root:1856184,3.7
INFO:root:1857991,5.3
INFO:root:1859823,5.5
INFO:root:1861787,4.9
INFO:root:1863533,5.4
INFO:root:1865491,5.6
INFO:root:1866871,4.4
INFO:root:1868397,4.3
INFO:root:1869980,4.0
INFO:root:1871553,4.6
INFO:root:1873015,3.9
INFO:root:1875120,5.1
INFO:root:1876698,5.2
INFO:root:1878264,4.6
INFO:root:1879544,3.4
INFO:root:1881369,5.3
INFO:root:1882924,4.0
INFO:root:1884314,4.4
INFO:root:1885859,4.5
INFO:root:1887655,5.2
INFO:root:1889515,5.2
INFO:root:1891116,4.7
INFO:root:1892584,4.5
INFO:root:1894141,5.7
INFO:root:1895817,4.5
INFO:root:1897527,5.4
INFO:root:1899085,4.5
INFO:root:1900685,5.3
INFO:root:1902206,4.3
INFO:root:1903749,4.7
INFO:root:1905958,6.4
INFO:root:1907188,4.2
INFO:root:1908248,2.3
INFO:root:1909630,4.5
INFO:root:1911397,5.5
INFO:root:1913115,5.0
INFO:root:1915000,6.9
INFO:root:1916750,4.4
INFO:root:1918667,5.8
INFO:root:1920128,4.6
INFO:root:1921722,4.9
INFO:root:1923393,5.0
INFO:root:1925231,4.3
INFO:root:1927109,4.9
INFO:root:1928798,5.7
INFO:root:1930602,6.0
INFO:root:1932209,4.0
INFO:root:1933928,5.3
INFO:root:1935611,5.4
INFO:root:1937238,5.6
INFO:root:1939304,6.1
INFO:root:1941296,6.9
INFO:root:1942706,3.9
INFO:root:1944712,6.6
INFO:root:1946186,4.7
INFO:root:1947798,5.9
INFO:root:1949293,4.9
INFO:root:1951026,5.3
INFO:root:1953042,6.3
INFO:root:1955493,7.0
INFO:root:1957281,6.3
INFO:root:1959065,5.7
INFO:root:1960871,5.4
INFO:root:1962701,5.9
INFO:root:1964311,5.1
INFO:root:1966083,6.0
INFO:root:1967678,5.1
INFO:root:1969008,4.8
INFO:root:1970544,4.9
INFO:root:1972221,5.0
INFO:root:1973893,5.1
INFO:root:1975566,5.4
INFO:root:1977471,6.4
INFO:root:1979430,5.3
INFO:root:1981101,4.7
INFO:root:1982739,5.4
INFO:root:1984299,6.3
INFO:root:1985953,4.8
INFO:root:1987684,5.4
INFO:root:1989609,6.6
INFO:root:1991445,5.5
INFO:root:1992811,4.5
INFO:root:1994543,5.8
INFO:root:1996223,5.7
INFO:root:1997419,4.0
INFO:root:1998871,4.7
INFO:root:2000809,5.6
INFO:root:2002561,5.2
INFO:root:2004313,5.2
INFO:root:2006405,7.2
INFO:root:2007905,4.5
INFO:root:2009770,5.6
INFO:root:2011910,5.8
INFO:root:2013675,5.4
INFO:root:2015902,6.8
INFO:root:2017768,5.5
INFO:root:2019362,5.1
INFO:root:2021008,5.1
INFO:root:2023013,6.9
INFO:root:2024463,4.3
INFO:root:2026622,6.5
INFO:root:2028318,5.0
INFO:root:2029517,3.6
INFO:root:2031182,4.3
INFO:root:2032491,3.3
INFO:root:2033976,4.0
INFO:root:2035528,4.7
INFO:root:2037052,4.9
INFO:root:2038980,6.1
INFO:root:2041353,7.5
INFO:root:2043022,5.5
INFO:root:2044412,4.2
INFO:root:2046278,5.0
INFO:root:2048135,5.5
INFO:root:2049650,3.6
INFO:root:2051121,4.5
INFO:root:2052335,3.2
INFO:root:2053978,5.0
INFO:root:2055850,5.8
INFO:root:2057791,5.0
INFO:root:2059151,4.0
INFO:root:2060983,4.9
INFO:root:2062753,4.1
INFO:root:2064433,4.3
INFO:root:2066132,4.6
INFO:root:2068009,6.1
INFO:root:2069330,3.7
INFO:root:2071125,6.3
INFO:root:2073096,5.6
INFO:root:2074548,4.5
INFO:root:2076188,3.3
INFO:root:2078045,6.1
INFO:root:2079658,5.3
INFO:root:2081429,5.0
INFO:root:2082796,3.7
INFO:root:2084222,4.7
INFO:root:2085267,2.8
INFO:root:2086866,4.6
INFO:root:2088716,6.4
INFO:root:2089707,2.5
INFO:root:2091462,5.0
INFO:root:2093144,5.9
INFO:root:2094600,4.8
INFO:root:2096646,5.4
INFO:root:2098283,5.0
INFO:root:2099408,3.5
INFO:root:2100925,3.8
INFO:root:2102537,4.1
INFO:root:2104279,5.2
INFO:root:2106149,6.6
INFO:root:2107766,4.6
INFO:root:2109464,5.6
INFO:root:2111306,5.8
INFO:root:2113098,5.1
INFO:root:2114990,5.2
INFO:root:2116627,4.7
INFO:root:2118221,3.6
INFO:root:2120233,5.8
INFO:root:2121642,4.3
INFO:root:2123517,6.6
INFO:root:2125322,6.0
INFO:root:2127008,5.3
INFO:root:2128564,4.8
INFO:root:2130221,5.4
INFO:root:2132269,5.8
INFO:root:2133947,4.7
INFO:root:2135446,5.2
INFO:root:2137140,4.5
INFO:root:2138795,5.4
INFO:root:2140556,4.9
INFO:root:2142626,5.4
INFO:root:2144287,5.1
INFO:root:2146131,5.5
INFO:root:2147322,3.8
INFO:root:2148829,5.0
INFO:root:2150528,5.4
INFO:root:2152507,6.6
INFO:root:2153926,4.7
INFO:root:2155631,5.9
INFO:root:2157180,5.4
INFO:root:2159340,6.1
INFO:root:2161029,5.5
INFO:root:2163009,6.3
INFO:root:2165144,6.3
INFO:root:2167254,5.7
INFO:root:2168931,5.0
INFO:root:2170437,5.1
INFO:root:2172126,4.8
INFO:root:2173657,5.1
INFO:root:2175366,5.6
INFO:root:2177117,5.2
INFO:root:2178709,4.6
INFO:root:2180456,5.8
INFO:root:2182120,5.8
INFO:root:2183487,3.5
INFO:root:2185023,4.4
INFO:root:2186581,5.0
INFO:root:2188458,5.9
INFO:root:2190032,5.1
INFO:root:2191591,5.1
INFO:root:2193035,4.6
INFO:root:2194436,5.2
INFO:root:2196205,4.3
INFO:root:2198566,5.7
INFO:root:2199997,4.4
INFO:root:2201751,6.3
INFO:root:2203453,4.9
INFO:root:2205576,7.6
INFO:root:2207610,5.7
INFO:root:2209429,4.7
INFO:root:2211195,4.9
INFO:root:2213061,6.8
INFO:root:2215253,6.4
INFO:root:2217167,5.7
INFO:root:2219055,6.3
INFO:root:2220714,5.2
INFO:root:2222985,6.4
INFO:root:2224559,6.2
INFO:root:2226532,6.3
INFO:root:2228487,5.6
INFO:root:2230552,6.6
INFO:root:2232159,5.2
INFO:root:2233890,5.0
INFO:root:2235933,6.6
INFO:root:2237832,5.3
INFO:root:2239431,3.6
INFO:root:2241273,4.8
INFO:root:2243088,4.7
INFO:root:2245017,6.4
INFO:root:2246870,6.2
INFO:root:2248678,5.3
INFO:root:2250465,5.5
INFO:root:2251781,4.1
INFO:root:2253728,5.7
INFO:root:2255500,4.3
INFO:root:2257411,6.1
INFO:root:2259895,6.7
INFO:root:2261909,5.4
INFO:root:2263900,5.4
INFO:root:2265489,4.7
INFO:root:2267137,4.5
INFO:root:2269186,7.3
INFO:root:2270911,6.5
INFO:root:2273116,6.9
INFO:root:2274869,4.6
INFO:root:2276362,3.8
INFO:root:2278637,6.0
INFO:root:2280794,7.2
INFO:root:2282766,6.3
INFO:root:2284389,5.8
INFO:root:2285980,4.7
INFO:root:2287955,5.4
INFO:root:2289412,3.5
INFO:root:2291065,5.0
INFO:root:2292735,5.3
INFO:root:2295105,6.0
INFO:root:2297226,5.9
INFO:root:2299061,6.4
INFO:root:2300699,5.1
INFO:root:2302540,4.8
INFO:root:2304065,4.4
INFO:root:2305871,4.8
INFO:root:2307595,3.9
INFO:root:2309574,6.1
INFO:root:2311066,4.6
INFO:root:2312879,6.3
INFO:root:2315362,6.8
INFO:root:2317101,5.2
INFO:root:2319197,6.6
INFO:root:2320587,3.9
INFO:root:2322074,5.1
INFO:root:2324121,6.8
INFO:root:2325894,6.2
INFO:root:2327702,6.0
INFO:root:2329691,7.2
INFO:root:2331307,3.9
INFO:root:2332906,4.8
INFO:root:2334968,5.9
INFO:root:2336721,4.9
INFO:root:2338175,5.9
INFO:root:2340001,6.2
INFO:root:2341736,4.9
INFO:root:2343608,6.1
INFO:root:2345415,5.4
INFO:root:2347047,5.2
INFO:root:2349043,6.2
INFO:root:2351458,6.6
INFO:root:2353348,6.6
INFO:root:2355163,5.6
INFO:root:2356912,6.0
INFO:root:2358658,5.7
INFO:root:2360666,7.0
INFO:root:2362363,4.4
INFO:root:2363993,5.5
INFO:root:2365564,6.1
INFO:root:2367227,5.4
INFO:root:2369115,5.1
INFO:root:2370638,4.6
INFO:root:2372297,4.6
INFO:root:2373695,4.3
INFO:root:2375179,4.6
INFO:root:2376764,5.3
INFO:root:2378722,6.5
INFO:root:2380446,5.1
INFO:root:2381974,4.4
INFO:root:2383420,4.3
INFO:root:2385409,6.6
INFO:root:2386906,5.3
INFO:root:2389040,6.9
INFO:root:2390319,4.0
INFO:root:2391585,3.5
INFO:root:2392979,4.0
INFO:root:2394425,4.1
INFO:root:2395896,4.5
INFO:root:2397412,4.7
INFO:root:2399513,7.0
INFO:root:2401016,5.1
INFO:root:2402575,5.0
INFO:root:2403972,4.2
INFO:root:2406210,7.4
INFO:root:2408011,4.6
INFO:root:2409274,4.9
INFO:root:2410915,5.5
INFO:root:2412924,6.2
INFO:root:2414865,5.9
INFO:root:2416821,4.5
INFO:root:2418351,4.3
INFO:root:2419885,4.3
INFO:root:2421591,5.2
INFO:root:2423157,5.2
INFO:root:2425065,5.8
INFO:root:2426673,5.3
INFO:root:2428481,6.0
INFO:root:2430571,7.3
INFO:root:2432629,6.2
INFO:root:2434062,4.4
INFO:root:2436160,5.2
INFO:root:2437817,5.3
INFO:root:2439262,4.4
INFO:root:2441380,6.4
INFO:root:2442909,4.5
INFO:root:2444485,4.0
INFO:root:2446125,4.7
INFO:root:2447505,3.9
INFO:root:2449459,6.2
INFO:root:2451559,6.3
INFO:root:2453530,6.3
INFO:root:2455058,4.5
INFO:root:2456778,5.6
INFO:root:2458697,6.6
INFO:root:2461120,7.8
INFO:root:2462683,5.2
INFO:root:2464485,5.8
INFO:root:2466556,5.5
INFO:root:2468831,5.9
INFO:root:2471199,7.0
INFO:root:2473232,6.9
INFO:root:2475211,5.6
INFO:root:2476640,5.2
INFO:root:2478920,7.0
INFO:root:2480673,5.7
INFO:root:2482877,7.4
INFO:root:2484280,4.6
INFO:root:2485781,5.6
INFO:root:2487533,5.9
INFO:root:2489202,5.4
INFO:root:2490796,5.1
INFO:root:2492353,4.8
INFO:root:2494248,5.4
INFO:root:2496117,5.1
INFO:root:2497450,3.5
INFO:root:2499051,5.4
INFO:root:2501186,6.5
INFO:root:2503303,6.8
INFO:root:2504891,6.0
INFO:root:2506653,6.9
INFO:root:2508809,6.2
INFO:root:2510521,4.8
INFO:root:2511873,3.7
INFO:root:2513498,4.6
INFO:root:2515017,4.7
INFO:root:2516727,5.5
INFO:root:2518567,5.4
INFO:root:2520043,4.4
INFO:root:2521647,5.0
INFO:root:2523236,4.2
INFO:root:2524969,4.6
INFO:root:2526539,4.6
INFO:root:2528196,5.3
INFO:root:2530019,6.4
INFO:root:2531938,6.5
INFO:root:2534125,7.2
INFO:root:2535902,6.0
INFO:root:2537197,3.6
INFO:root:2538647,3.8
INFO:root:2539894,3.1
INFO:root:2542068,6.9
INFO:root:2544205,6.7
INFO:root:2545930,5.3
INFO:root:2547647,5.4
INFO:root:2549741,6.4
INFO:root:2551523,5.9
INFO:root:2553346,5.7
INFO:root:2555086,5.7
INFO:root:2556964,6.2
INFO:root:2558937,5.0
INFO:root:2560418,4.4
INFO:root:2562125,3.9
INFO:root:2563745,4.9
INFO:root:2565412,5.0
INFO:root:2567278,5.4
INFO:root:2569470,7.7
INFO:root:2571109,4.1
INFO:root:2572959,5.7
INFO:root:2574735,6.0
INFO:root:2576541,6.0
INFO:root:2577769,3.7
INFO:root:2579492,5.3
INFO:root:2581510,6.8
INFO:root:2582974,4.6
INFO:root:2584987,5.5
INFO:root:2586889,5.7
INFO:root:2588400,4.2
INFO:root:2590172,6.1
INFO:root:2592045,5.3
INFO:root:2593780,5.5
INFO:root:2595617,6.3
INFO:root:2597772,6.6
INFO:root:2599457,5.1
INFO:root:2601049,5.0
INFO:root:2602560,4.6
INFO:root:2604474,6.3
INFO:root:2606437,7.0
INFO:root:2607997,4.9
INFO:root:2610402,7.1
INFO:root:2612288,5.7
INFO:root:2613792,6.0
INFO:root:2615647,6.4
INFO:root:2617160,4.8
INFO:root:2618993,6.2
INFO:root:2620457,3.8
INFO:root:2621936,4.6
INFO:root:2623596,6.1
INFO:root:2625437,7.0
INFO:root:2627530,7.2
INFO:root:2629265,6.2
INFO:root:2631532,7.6
INFO:root:2633434,5.7
INFO:root:2635489,6.4
INFO:root:2637667,8.6
INFO:root:2639546,5.3
INFO:root:2640912,4.7
INFO:root:2643353,8.3
INFO:root:2645168,5.5
INFO:root:2646883,5.7
INFO:root:2648407,5.1
INFO:root:2650128,5.4
INFO:root:2652153,7.6
INFO:root:2653885,4.8
INFO:root:2655700,5.5
INFO:root:2657829,6.3
INFO:root:2659746,6.6
INFO:root:2661652,6.3
INFO:root:2663735,6.6
INFO:root:2666462,8.6
INFO:root:2668896,7.4
INFO:root:2670441,5.0
INFO:root:2672700,7.2
INFO:root:2674208,4.9
INFO:root:2675793,4.9
INFO:root:2677936,5.9
INFO:root:2680411,7.9
INFO:root:2682245,7.0
INFO:root:2684301,7.2
INFO:root:2686429,7.4
INFO:root:2687895,4.5
INFO:root:2689750,5.9
INFO:root:2691787,6.8
INFO:root:2694192,9.5
INFO:root:2696017,6.6
INFO:root:2697899,6.2
INFO:root:2699439,5.5
INFO:root:2700919,5.2
INFO:root:2702336,4.8
INFO:root:2704385,6.5
INFO:root:2706204,6.2
INFO:root:2708309,7.2
INFO:root:2709955,5.3
INFO:root:2711969,6.6
INFO:root:2713342,4.4
INFO:root:2714960,5.8
INFO:root:2716965,6.8
INFO:root:2718906,6.8
INFO:root:2720839,6.1
INFO:root:2722993,7.6
INFO:root:2725296,8.4
INFO:root:2726965,5.5
INFO:root:2728762,5.4
INFO:root:2730472,5.9
INFO:root:2732789,7.2
INFO:root:2735268,7.4
INFO:root:2737302,6.6
INFO:root:2739595,6.7
INFO:root:2741876,7.7
INFO:root:2743814,6.9
INFO:root:2745187,4.5
INFO:root:2747675,6.5
INFO:root:2749749,6.8
INFO:root:2751753,6.4
INFO:root:2753426,5.7
INFO:root:2755228,6.2
INFO:root:2756989,5.2
INFO:root:2758539,5.5
INFO:root:2760776,6.9
INFO:root:2762456,5.1
INFO:root:2764139,4.9
INFO:root:2766161,6.7
INFO:root:2767627,3.7
INFO:root:2769213,4.3
INFO:root:2771083,6.2
INFO:root:2773543,8.1
INFO:root:2775305,5.9
INFO:root:2777051,5.4
INFO:root:2778860,5.2
INFO:root:2780434,4.8
INFO:root:2782266,5.2
INFO:root:2783961,6.3
INFO:root:2785728,6.4
INFO:root:2788007,7.3
INFO:root:2790090,6.3
INFO:root:2791745,4.9
INFO:root:2793315,4.5
INFO:root:2795057,5.7
INFO:root:2796713,5.1
INFO:root:2798349,5.7
INFO:root:2799700,4.1
INFO:root:2801200,4.7
INFO:root:2803057,6.2
INFO:root:2805206,7.0
INFO:root:2807262,5.7
INFO:root:2808800,5.6
INFO:root:2810911,7.0
INFO:root:2812487,5.0
INFO:root:2813962,5.2
INFO:root:2815740,5.9
INFO:root:2817439,5.5
INFO:root:2819421,6.2
INFO:root:2821867,6.1
INFO:root:2823804,6.4
INFO:root:2825621,6.5
INFO:root:2827511,7.0
INFO:root:2828829,3.7
INFO:root:2830614,5.7
INFO:root:2832425,5.6
INFO:root:2833974,5.3
INFO:root:2835692,5.3
INFO:root:2837369,4.3
INFO:root:2839371,5.9
INFO:root:2841273,6.2
INFO:root:2842912,5.1
INFO:root:2845336,6.0
INFO:root:2846810,5.4
INFO:root:2848750,6.4
INFO:root:2850968,4.7
INFO:root:2852846,5.2
INFO:root:2855372,7.8
INFO:root:2857559,7.2
INFO:root:2859897,7.9
INFO:root:2861430,4.1
INFO:root:2863511,5.8
INFO:root:2866297,8.0
INFO:root:2867909,5.7
INFO:root:2869902,6.2
INFO:root:2871793,5.7
INFO:root:2874079,7.7
INFO:root:2876302,6.4
INFO:root:2877737,4.9
INFO:root:2879818,7.1
INFO:root:2882047,7.2
INFO:root:2884365,7.9
INFO:root:2886505,6.5
INFO:root:2888080,4.8
INFO:root:2890592,8.0
INFO:root:2892264,5.0
INFO:root:2894329,5.9
INFO:root:2896509,6.6
INFO:root:2898352,5.8
INFO:root:2900228,5.9
INFO:root:2901825,4.7
INFO:root:2903594,5.0
INFO:root:2905493,6.2
INFO:root:2907978,7.5
INFO:root:2909977,6.8
INFO:root:2911618,4.9
INFO:root:2913026,3.5
INFO:root:2915177,6.8
INFO:root:2917017,6.7
INFO:root:2918666,5.6
INFO:root:2920588,5.6
INFO:root:2922869,6.9
INFO:root:2925452,7.6
INFO:root:2927778,8.3
INFO:root:2929314,5.3
INFO:root:2930834,4.6
INFO:root:2932834,6.3
INFO:root:2934629,6.1
INFO:root:2936724,7.7
INFO:root:2938703,6.3
INFO:root:2940504,6.2
INFO:root:2942254,6.0
INFO:root:2944427,6.0
INFO:root:2945842,4.7
INFO:root:2947564,6.5
INFO:root:2949793,7.2
INFO:root:2952031,7.5
INFO:root:2953762,5.4
INFO:root:2955428,5.1
INFO:root:2957610,5.9
INFO:root:2959991,5.4
INFO:root:2961979,6.7
INFO:root:2964085,6.5
INFO:root:2966359,7.9
INFO:root:2968569,6.3
INFO:root:2970258,6.1
INFO:root:2972204,5.1
INFO:root:2974185,6.9
INFO:root:2975840,5.1
INFO:root:2977802,5.2
INFO:root:2979925,7.8
INFO:root:2981853,5.7
INFO:root:2983875,6.4
INFO:root:2985997,5.7
INFO:root:2987291,3.5
INFO:root:2989297,5.4
INFO:root:2991335,5.7
INFO:root:2993609,5.9
INFO:root:2995253,5.1
INFO:root:2997297,5.4
INFO:root:2999184,5.4
