INFO:root:93,0.2
INFO:root:145,0.7
INFO:root:1329,3.6
INFO:root:2946,5.2
INFO:root:4549,4.4
INFO:root:5793,4.0
INFO:root:7261,4.4
INFO:root:8659,3.9
INFO:root:10339,4.7
INFO:root:11841,2.9
INFO:root:13835,3.6
INFO:root:15400,2.6
INFO:root:16931,1.7
INFO:root:18911,2.8
INFO:root:20670,2.8
INFO:root:22499,2.4
INFO:root:24053,2.2
INFO:root:25326,1.9
INFO:root:27323,3.5
INFO:root:28876,2.5
INFO:root:30897,4.0
INFO:root:32453,3.2
INFO:root:33884,2.1
INFO:root:35904,4.3
INFO:root:37680,2.9
INFO:root:38981,2.1
INFO:root:40543,3.3
INFO:root:41864,2.9
INFO:root:43511,4.1
INFO:root:45103,4.3
INFO:root:46946,3.8
INFO:root:48594,3.0
INFO:root:50035,3.5
INFO:root:51360,2.2
INFO:root:53095,3.6
INFO:root:54447,2.9
INFO:root:55761,2.2
INFO:root:57274,3.1
INFO:root:58446,2.8
INFO:root:59981,2.7
INFO:root:61866,3.7
INFO:root:63576,3.1
INFO:root:65143,2.7
INFO:root:66688,3.2
INFO:root:68569,4.1
INFO:root:70191,3.2
INFO:root:71784,2.9
INFO:root:73236,3.1
INFO:root:74359,2.0
INFO:root:76084,3.4
INFO:root:77528,3.2
INFO:root:79204,3.6
INFO:root:80785,3.7
INFO:root:82188,3.0
INFO:root:83721,3.1
INFO:root:85167,3.2
INFO:root:86588,2.7
INFO:root:88209,3.4
INFO:root:89691,3.5
INFO:root:91172,3.2
INFO:root:92783,4.8
INFO:root:94149,3.2
INFO:root:95378,2.4
INFO:root:96906,3.3
INFO:root:98276,2.8
INFO:root:99692,2.8
INFO:root:101230,4.0
INFO:root:102662,3.2
INFO:root:104024,2.6
INFO:root:105727,3.2
INFO:root:107173,2.8
INFO:root:109261,3.7
INFO:root:110926,4.7
INFO:root:112466,4.0
INFO:root:113958,3.8
INFO:root:115474,3.7
INFO:root:116734,2.5
INFO:root:118378,4.0
INFO:root:119971,4.7
INFO:root:121428,2.7
INFO:root:123202,2.6
INFO:root:124839,3.1
INFO:root:126851,4.0
INFO:root:128643,4.2
INFO:root:129739,1.8
INFO:root:131970,3.6
INFO:root:133660,2.6
INFO:root:135584,3.6
INFO:root:137859,3.9
INFO:root:139356,3.4
INFO:root:141007,3.7
INFO:root:142430,2.9
INFO:root:144147,3.1
INFO:root:145374,2.8
INFO:root:147079,3.8
INFO:root:148254,2.7
INFO:root:150029,3.5
INFO:root:151968,4.0
INFO:root:153960,4.1
INFO:root:155871,4.0
INFO:root:157348,2.6
INFO:root:159154,3.4
INFO:root:160672,3.1
INFO:root:162504,3.3
INFO:root:164046,3.4
INFO:root:165322,3.0
INFO:root:167294,3.9
INFO:root:168859,2.1
INFO:root:170620,3.0
INFO:root:172038,3.6
INFO:root:174148,3.7
INFO:root:175563,3.0
INFO:root:177248,3.2
INFO:root:179624,3.6
INFO:root:181444,4.0
INFO:root:183450,2.9
INFO:root:184950,3.2
INFO:root:186728,4.2
INFO:root:188287,2.5
INFO:root:190014,4.6
INFO:root:191642,3.9
INFO:root:193482,3.8
INFO:root:194882,2.9
INFO:root:196826,4.7
INFO:root:198500,3.3
INFO:root:200482,3.4
INFO:root:201937,3.0
INFO:root:203752,3.7
INFO:root:205217,3.6
INFO:root:206528,3.2
INFO:root:207984,3.2
INFO:root:209687,4.0
INFO:root:210713,2.0
INFO:root:212506,4.5
INFO:root:214212,3.3
INFO:root:216087,4.4
INFO:root:217368,2.4
INFO:root:219108,4.3
INFO:root:220776,3.6
INFO:root:222108,2.4
INFO:root:223838,4.2
INFO:root:225673,3.5
INFO:root:227033,2.9
INFO:root:228855,4.5
INFO:root:230515,3.5
INFO:root:232322,3.9
INFO:root:234020,4.6
INFO:root:235810,4.6
INFO:root:237805,3.8
INFO:root:239336,2.9
INFO:root:240919,3.1
INFO:root:242297,2.2
INFO:root:243900,3.8
INFO:root:245456,3.6
INFO:root:247130,3.1
INFO:root:248945,3.7
INFO:root:250319,2.3
INFO:root:252488,5.1
INFO:root:254348,5.7
INFO:root:255750,3.6
INFO:root:257133,3.0
INFO:root:258817,4.3
INFO:root:260383,4.1
INFO:root:262488,4.9
INFO:root:264342,3.1
INFO:root:266011,2.9
INFO:root:267631,3.4
INFO:root:269581,3.9
INFO:root:271317,3.4
INFO:root:272888,3.1
INFO:root:274508,3.6
INFO:root:276071,2.9
INFO:root:277922,2.8
INFO:root:279230,2.5
INFO:root:280896,2.6
INFO:root:282547,3.7
INFO:root:284133,4.3
INFO:root:285766,3.0
INFO:root:287163,3.0
INFO:root:288600,4.5
INFO:root:290152,3.7
INFO:root:291690,3.2
INFO:root:293266,2.8
INFO:root:295077,4.3
INFO:root:296890,5.1
INFO:root:298150,2.1
INFO:root:299291,3.2
INFO:root:300996,3.8
INFO:root:302715,4.2
INFO:root:303632,2.5
INFO:root:305666,5.0
INFO:root:307423,4.5
INFO:root:309226,4.0
INFO:root:310724,4.0
INFO:root:312546,4.5
INFO:root:314478,3.8
INFO:root:316156,3.8
INFO:root:317841,5.0
INFO:root:319042,2.3
INFO:root:321174,4.6
INFO:root:322961,2.4
INFO:root:324670,4.8
INFO:root:325748,2.9
INFO:root:326987,2.7
INFO:root:328882,4.1
INFO:root:330549,4.3
INFO:root:332315,3.5
INFO:root:333694,3.1
INFO:root:334682,2.3
INFO:root:336672,3.6
INFO:root:338266,2.7
INFO:root:340306,4.0
INFO:root:341992,2.8
INFO:root:343793,3.7
INFO:root:345538,3.5
INFO:root:347063,3.8
INFO:root:349741,6.8
INFO:root:351307,4.4
INFO:root:352753,3.5
INFO:root:354147,2.9
INFO:root:355649,3.6
INFO:root:357063,4.2
INFO:root:358437,3.4
INFO:root:360108,4.0
INFO:root:361916,4.3
INFO:root:363284,2.7
INFO:root:364939,3.8
INFO:root:366643,4.6
INFO:root:368066,3.2
INFO:root:369597,3.7
INFO:root:371205,4.3
INFO:root:372797,4.9
INFO:root:374660,3.7
INFO:root:376221,3.4
INFO:root:377773,4.4
INFO:root:379223,3.6
INFO:root:380946,3.4
INFO:root:382458,3.1
INFO:root:384043,3.0
INFO:root:385974,3.5
INFO:root:388062,4.6
INFO:root:389767,3.3
INFO:root:391261,4.3
INFO:root:393000,4.5
INFO:root:394442,3.9
INFO:root:396058,3.3
INFO:root:397858,2.7
INFO:root:399853,3.6
INFO:root:401644,3.2
INFO:root:403551,3.0
INFO:root:405349,4.3
INFO:root:407050,3.2
INFO:root:408633,3.5
INFO:root:410169,3.6
INFO:root:411840,3.9
INFO:root:413517,4.1
INFO:root:415292,3.1
INFO:root:417575,4.3
INFO:root:419290,3.7
INFO:root:420920,3.0
INFO:root:422844,4.0
INFO:root:424874,3.4
INFO:root:425870,2.1
INFO:root:427895,3.1
INFO:root:429947,3.3
INFO:root:432084,4.4
INFO:root:433835,3.5
INFO:root:435776,3.9
INFO:root:436929,3.5
INFO:root:439070,4.6
INFO:root:440616,4.0
INFO:root:442002,4.5
INFO:root:443431,3.4
INFO:root:445268,4.6
INFO:root:447019,4.0
INFO:root:448572,3.7
INFO:root:450485,5.0
INFO:root:452196,5.0
INFO:root:454490,5.0
INFO:root:456071,4.1
INFO:root:457494,3.9
INFO:root:458890,3.8
INFO:root:460618,3.8
INFO:root:462196,4.4
INFO:root:463407,2.6
INFO:root:465213,4.3
INFO:root:467050,3.5
INFO:root:468754,3.7
INFO:root:470724,3.8
INFO:root:472523,3.0
INFO:root:474589,3.9
INFO:root:476779,4.8
INFO:root:478613,4.2
INFO:root:480643,4.2
INFO:root:482577,4.1
INFO:root:483953,3.1
INFO:root:485515,3.7
INFO:root:487224,3.7
INFO:root:489095,4.3
INFO:root:491114,5.4
INFO:root:492776,4.4
INFO:root:494614,4.8
INFO:root:496518,5.0
INFO:root:497908,3.2
INFO:root:499533,3.9
INFO:root:501238,3.5
INFO:root:502613,3.3
INFO:root:504487,3.2
INFO:root:506533,3.7
INFO:root:508324,3.6
INFO:root:509952,3.5
INFO:root:511949,4.0
INFO:root:513506,3.4
INFO:root:515494,4.0
INFO:root:517018,2.8
INFO:root:518601,2.7
INFO:root:520048,3.5
INFO:root:522137,3.3
INFO:root:523589,2.6
INFO:root:525633,5.3
INFO:root:527269,3.3
INFO:root:529571,4.3
INFO:root:531403,4.0
INFO:root:533163,3.9
INFO:root:534870,3.7
INFO:root:536824,4.9
INFO:root:538540,4.1
INFO:root:539962,3.1
INFO:root:541259,3.5
INFO:root:543052,3.3
INFO:root:544941,3.3
INFO:root:546812,3.1
INFO:root:548293,3.6
INFO:root:549949,3.5
INFO:root:551772,2.9
INFO:root:553336,3.1
INFO:root:554584,2.8
INFO:root:556031,2.9
INFO:root:557940,3.6
INFO:root:559533,3.8
INFO:root:560808,2.1
INFO:root:562654,3.4
INFO:root:564630,4.1
INFO:root:566519,5.3
INFO:root:568786,5.9
INFO:root:569905,3.0
INFO:root:571459,2.4
INFO:root:572687,2.8
INFO:root:574189,2.9
INFO:root:575492,3.3
INFO:root:576903,3.7
INFO:root:578264,4.0
INFO:root:579872,3.6
INFO:root:581476,3.5
INFO:root:583419,4.7
INFO:root:585043,5.0
INFO:root:586692,3.7
INFO:root:588498,4.1
INFO:root:589848,4.0
INFO:root:591787,4.9
INFO:root:593523,4.2
INFO:root:595465,4.2
INFO:root:597312,4.1
INFO:root:598938,4.0
INFO:root:600674,5.0
INFO:root:602348,4.4
INFO:root:604375,4.7
INFO:root:605936,3.8
INFO:root:607513,4.8
INFO:root:608826,3.4
INFO:root:610217,3.0
INFO:root:611817,4.0
INFO:root:613287,3.8
INFO:root:614975,4.7
INFO:root:616466,4.3
INFO:root:618094,4.8
INFO:root:620092,4.8
INFO:root:621911,3.7
INFO:root:623713,4.8
INFO:root:625290,3.6
INFO:root:626864,4.4
INFO:root:628711,5.1
INFO:root:630480,5.1
INFO:root:632074,5.3
INFO:root:633898,4.5
INFO:root:635281,4.0
INFO:root:637310,4.5
INFO:root:639301,5.4
INFO:root:640782,3.7
INFO:root:642503,3.9
INFO:root:644195,4.3
INFO:root:646073,4.3
INFO:root:647681,4.5
INFO:root:649275,4.2
INFO:root:650736,3.9
INFO:root:652647,5.0
INFO:root:654161,3.8
INFO:root:656224,5.4
INFO:root:657908,4.7
INFO:root:659865,4.8
INFO:root:661325,3.8
INFO:root:663060,5.0
INFO:root:664865,3.8
INFO:root:666273,4.1
INFO:root:667867,5.3
INFO:root:669142,3.1
INFO:root:670322,2.5
INFO:root:672027,5.0
INFO:root:673900,5.3
INFO:root:675523,3.6
INFO:root:677310,3.9
INFO:root:679531,4.6
INFO:root:681196,3.5
INFO:root:682773,4.8
INFO:root:684731,6.1
INFO:root:686381,3.9
INFO:root:687810,4.0
INFO:root:689296,4.4
INFO:root:690768,3.9
INFO:root:692330,4.1
INFO:root:694066,5.1
INFO:root:695971,4.4
INFO:root:697872,3.5
INFO:root:699096,2.7
INFO:root:701267,5.1
INFO:root:702968,5.0
INFO:root:704921,4.5
INFO:root:706764,4.7
INFO:root:708363,3.8
INFO:root:710001,4.8
INFO:root:711727,4.0
INFO:root:713507,3.8
INFO:root:715193,4.5
INFO:root:717941,6.2
INFO:root:719797,4.8
INFO:root:721344,4.8
INFO:root:723045,4.2
INFO:root:724616,4.3
INFO:root:726469,4.6
INFO:root:728364,5.2
INFO:root:730204,4.6
INFO:root:732254,4.9
INFO:root:733977,3.9
INFO:root:735295,3.2
INFO:root:736689,4.1
INFO:root:738350,3.9
INFO:root:740147,5.1
INFO:root:741791,3.0
INFO:root:743487,2.7
INFO:root:745385,4.1
INFO:root:747541,4.9
INFO:root:749334,4.4
INFO:root:750869,3.5
INFO:root:752689,4.4
INFO:root:754310,3.8
INFO:root:755716,2.9
INFO:root:757672,5.5
INFO:root:759619,4.8
INFO:root:761344,4.1
INFO:root:762986,5.6
INFO:root:764803,5.1
INFO:root:766365,5.5
INFO:root:767859,3.3
INFO:root:769337,2.8
INFO:root:770370,2.2
INFO:root:772161,4.6
INFO:root:773846,4.1
INFO:root:776068,5.4
INFO:root:777529,4.0
INFO:root:779050,4.1
INFO:root:780709,3.2
INFO:root:783143,4.8
INFO:root:784957,4.1
INFO:root:786578,4.8
INFO:root:787933,2.8
INFO:root:789363,4.0
INFO:root:791011,5.4
INFO:root:792499,4.8
INFO:root:794568,6.1
INFO:root:796122,4.2
INFO:root:797504,4.8
INFO:root:799473,6.3
INFO:root:801359,4.0
INFO:root:802808,3.4
INFO:root:804088,3.2
INFO:root:805880,4.7
INFO:root:807773,4.3
INFO:root:809550,4.1
INFO:root:811692,4.6
INFO:root:813976,4.6
INFO:root:816483,4.8
INFO:root:818181,4.8
INFO:root:819798,4.5
INFO:root:821101,3.0
INFO:root:822388,3.3
INFO:root:824236,4.8
INFO:root:825794,4.7
INFO:root:827506,5.0
INFO:root:829441,4.6
INFO:root:831220,4.0
INFO:root:832930,4.3
INFO:root:835092,5.4
INFO:root:837006,3.3
INFO:root:839158,5.5
INFO:root:840913,5.0
INFO:root:842966,3.9
INFO:root:844579,4.2
INFO:root:846427,6.0
INFO:root:848342,5.3
INFO:root:849866,3.3
INFO:root:851790,5.2
INFO:root:853377,3.3
INFO:root:855043,4.5
INFO:root:856623,4.0
INFO:root:858377,4.6
INFO:root:859959,3.5
INFO:root:861548,4.2
INFO:root:863330,5.3
INFO:root:864949,3.2
INFO:root:867177,5.0
INFO:root:869435,5.6
INFO:root:871355,4.9
INFO:root:873435,5.5
INFO:root:875389,4.4
INFO:root:877668,5.9
INFO:root:879372,4.0
INFO:root:881149,5.0
INFO:root:883278,5.8
INFO:root:884966,4.8
INFO:root:886959,4.0
INFO:root:889041,5.6
INFO:root:890588,4.7
INFO:root:892179,4.1
INFO:root:893904,4.4
INFO:root:895733,4.8
INFO:root:897122,3.9
INFO:root:898539,3.9
INFO:root:900287,5.7
INFO:root:902220,4.8
INFO:root:904384,5.6
INFO:root:906910,6.0
INFO:root:908676,3.9
INFO:root:910196,4.1
INFO:root:911866,4.5
INFO:root:913757,4.9
INFO:root:915169,4.4
INFO:root:917083,4.5
INFO:root:919200,6.7
INFO:root:921100,5.4
INFO:root:922796,4.8
INFO:root:924742,5.9
INFO:root:926496,5.1
INFO:root:927803,2.6
INFO:root:929549,5.4
INFO:root:931853,5.0
INFO:root:933691,4.8
INFO:root:935408,5.3
INFO:root:937188,4.5
INFO:root:938638,4.8
INFO:root:940275,4.6
INFO:root:942477,4.7
INFO:root:944210,4.8
INFO:root:945714,3.6
INFO:root:946950,3.6
INFO:root:948323,4.4
INFO:root:950276,5.0
INFO:root:952089,4.8
INFO:root:953806,4.2
INFO:root:955521,4.8
INFO:root:956794,2.9
INFO:root:958944,4.8
INFO:root:960742,3.2
INFO:root:962408,4.5
INFO:root:963911,4.4
INFO:root:965608,4.3
INFO:root:967415,5.1
INFO:root:969348,5.3
INFO:root:970955,4.8
INFO:root:972917,5.2
INFO:root:974689,2.9
INFO:root:976580,4.5
INFO:root:978039,3.3
INFO:root:979877,5.5
INFO:root:981584,6.2
INFO:root:983504,5.0
INFO:root:985092,4.6
INFO:root:987204,5.5
INFO:root:989030,4.7
INFO:root:990775,5.1
INFO:root:992416,4.7
INFO:root:993964,3.7
INFO:root:995721,3.7
INFO:root:998028,6.4
INFO:root:999533,4.4
INFO:root:1000740,3.3
INFO:root:1002384,5.0
INFO:root:1004274,3.8
INFO:root:1006146,6.9
INFO:root:1008277,5.6
INFO:root:1009980,4.7
INFO:root:1011511,4.1
INFO:root:1013457,4.1
INFO:root:1014989,2.9
INFO:root:1016476,3.7
INFO:root:1018078,4.0
INFO:root:1020088,4.9
INFO:root:1022349,7.0
INFO:root:1024203,4.4
INFO:root:1026267,4.4
INFO:root:1028565,5.2
INFO:root:1030672,5.5
INFO:root:1032487,5.6
INFO:root:1034226,5.2
INFO:root:1036061,6.1
INFO:root:1037663,5.1
INFO:root:1039576,5.3
INFO:root:1041089,5.0
INFO:root:1042786,4.8
INFO:root:1044346,4.5
INFO:root:1046172,4.3
INFO:root:1047999,4.2
INFO:root:1049698,4.0
INFO:root:1051393,4.8
INFO:root:1053202,5.8
INFO:root:1054698,3.7
INFO:root:1056450,3.5
INFO:root:1058335,4.8
INFO:root:1060207,5.3
INFO:root:1061650,3.3
INFO:root:1064185,5.1
INFO:root:1065862,4.7
INFO:root:1067482,4.6
INFO:root:1069082,4.1
INFO:root:1070792,6.1
INFO:root:1072283,4.2
INFO:root:1074298,5.4
INFO:root:1075650,3.3
INFO:root:1077751,5.2
INFO:root:1079491,5.8
INFO:root:1080945,3.9
INFO:root:1082597,4.9
INFO:root:1084584,4.9
INFO:root:1086145,4.3
INFO:root:1087794,5.1
INFO:root:1090047,6.6
INFO:root:1091545,4.8
INFO:root:1093345,4.8
INFO:root:1095198,5.0
INFO:root:1096625,4.2
INFO:root:1098562,4.8
INFO:root:1100556,4.4
INFO:root:1102635,6.0
INFO:root:1104495,6.1
INFO:root:1106075,4.9
INFO:root:1107803,5.1
INFO:root:1109366,4.7
INFO:root:1111654,6.2
INFO:root:1113169,3.6
INFO:root:1114907,4.5
INFO:root:1116737,4.9
INFO:root:1118655,4.6
INFO:root:1120377,4.6
INFO:root:1122317,5.2
INFO:root:1124083,4.6
INFO:root:1126039,5.4
INFO:root:1128180,5.8
INFO:root:1129597,4.4
INFO:root:1130992,4.4
INFO:root:1132734,4.0
INFO:root:1134526,5.1
INFO:root:1136216,5.5
INFO:root:1137838,4.7
INFO:root:1139516,4.3
INFO:root:1141354,5.7
INFO:root:1142866,3.6
INFO:root:1144656,4.8
INFO:root:1146223,3.2
INFO:root:1148066,5.9
INFO:root:1150033,5.7
INFO:root:1151646,5.3
INFO:root:1153400,4.8
INFO:root:1155123,4.4
INFO:root:1156840,3.1
INFO:root:1158402,4.5
INFO:root:1159831,3.7
INFO:root:1161690,4.9
INFO:root:1162893,2.8
INFO:root:1164021,2.8
INFO:root:1165547,4.1
INFO:root:1167200,4.6
INFO:root:1168716,3.4
INFO:root:1170632,3.8
INFO:root:1173143,6.4
INFO:root:1175047,6.1
INFO:root:1177147,5.5
INFO:root:1179390,5.3
INFO:root:1181050,4.4
INFO:root:1182690,5.2
INFO:root:1184470,4.5
INFO:root:1185994,4.1
INFO:root:1187907,4.5
INFO:root:1189662,5.6
INFO:root:1191457,5.1
INFO:root:1193048,4.4
INFO:root:1194800,5.2
INFO:root:1196035,3.3
INFO:root:1197493,4.4
INFO:root:1199246,4.9
INFO:root:1200733,4.8
INFO:root:1202166,4.3
INFO:root:1204295,6.7
INFO:root:1205821,4.1
INFO:root:1207578,4.6
INFO:root:1209631,5.1
INFO:root:1211185,3.8
INFO:root:1213416,5.8
INFO:root:1215569,4.9
INFO:root:1217491,4.8
INFO:root:1219253,4.7
INFO:root:1220828,4.3
INFO:root:1222903,4.0
INFO:root:1225183,6.7
INFO:root:1226881,5.0
INFO:root:1228594,5.7
INFO:root:1229763,3.0
INFO:root:1231429,5.1
INFO:root:1233292,5.8
INFO:root:1235497,4.9
INFO:root:1237503,5.5
INFO:root:1239033,3.9
INFO:root:1240506,3.9
INFO:root:1242483,6.3
INFO:root:1244620,5.8
INFO:root:1247075,5.4
INFO:root:1248749,4.6
INFO:root:1250700,3.6
INFO:root:1252429,4.1
INFO:root:1254083,4.0
INFO:root:1255732,4.6
INFO:root:1257125,3.2
INFO:root:1259285,6.5
INFO:root:1260972,3.7
INFO:root:1262811,4.3
INFO:root:1264508,4.9
INFO:root:1266551,6.2
INFO:root:1267885,3.5
INFO:root:1269432,3.8
INFO:root:1271162,4.3
INFO:root:1272916,4.6
INFO:root:1274545,4.6
INFO:root:1276650,5.8
INFO:root:1277981,3.4
INFO:root:1279538,5.0
INFO:root:1281666,5.9
INFO:root:1283288,4.2
INFO:root:1285867,6.7
INFO:root:1287686,4.8
INFO:root:1289721,6.4
INFO:root:1291444,5.1
INFO:root:1292991,4.4
INFO:root:1295300,5.8
INFO:root:1296852,3.7
INFO:root:1298246,3.3
INFO:root:1299762,5.4
INFO:root:1301342,4.9
INFO:root:1303071,5.8
INFO:root:1304504,3.1
INFO:root:1305961,2.7
INFO:root:1307823,4.7
INFO:root:1309813,4.8
INFO:root:1311983,6.0
INFO:root:1314524,5.8
INFO:root:1316762,6.0
INFO:root:1318102,3.1
INFO:root:1320101,5.7
INFO:root:1321463,4.4
INFO:root:1323375,5.5
INFO:root:1325403,5.6
INFO:root:1327207,5.5
INFO:root:1328652,3.2
INFO:root:1330268,4.5
INFO:root:1332327,5.3
INFO:root:1333959,3.7
INFO:root:1335880,4.9
INFO:root:1337740,4.0
INFO:root:1339553,4.5
INFO:root:1341020,3.6
INFO:root:1343069,5.0
INFO:root:1344584,3.5
INFO:root:1346183,4.2
INFO:root:1348343,4.7
INFO:root:1350129,4.9
INFO:root:1352042,5.5
INFO:root:1353921,5.5
INFO:root:1355475,4.0
INFO:root:1357047,4.5
INFO:root:1359070,5.3
INFO:root:1360987,5.4
INFO:root:1363014,5.0
INFO:root:1365403,5.6
INFO:root:1366938,3.5
INFO:root:1368574,4.1
INFO:root:1370044,3.8
INFO:root:1371954,5.4
INFO:root:1374026,5.3
INFO:root:1375610,3.9
INFO:root:1377388,4.9
INFO:root:1378833,3.8
INFO:root:1380508,4.4
INFO:root:1382425,5.8
INFO:root:1384859,6.0
INFO:root:1386405,5.1
INFO:root:1388443,5.4
INFO:root:1390270,4.8
INFO:root:1391764,4.2
INFO:root:1393666,4.6
INFO:root:1395077,3.3
INFO:root:1396495,2.7
INFO:root:1397727,3.3
INFO:root:1399504,4.1
INFO:root:1400986,3.5
INFO:root:1402996,5.2
INFO:root:1404761,5.1
INFO:root:1406280,5.0
INFO:root:1408291,6.1
INFO:root:1409793,4.3
INFO:root:1411505,5.3
INFO:root:1412784,3.1
INFO:root:1414727,3.9
INFO:root:1416897,4.5
INFO:root:1418652,4.8
INFO:root:1420888,5.1
INFO:root:1423122,6.0
INFO:root:1424921,4.8
INFO:root:1426800,4.4
INFO:root:1428264,4.0
INFO:root:1430258,5.7
INFO:root:1432254,5.8
INFO:root:1433939,4.3
INFO:root:1435540,4.6
INFO:root:1436884,3.9
INFO:root:1438314,3.4
INFO:root:1439833,4.6
INFO:root:1441234,3.4
INFO:root:1442517,2.8
INFO:root:1444280,4.1
INFO:root:1446542,5.2
INFO:root:1448276,4.1
INFO:root:1450434,6.2
INFO:root:1451925,3.6
INFO:root:1453170,3.5
INFO:root:1455138,4.7
INFO:root:1456961,4.3
INFO:root:1458758,4.9
INFO:root:1460266,3.9
INFO:root:1461915,3.9
INFO:root:1463912,5.1
INFO:root:1465754,4.9
INFO:root:1467377,4.7
INFO:root:1469653,5.3
INFO:root:1471673,5.0
INFO:root:1473799,4.4
INFO:root:1474850,1.8
INFO:root:1476281,3.3
INFO:root:1477667,4.0
INFO:root:1480084,6.2
INFO:root:1482028,5.0
INFO:root:1484134,5.2
INFO:root:1485921,5.0
INFO:root:1487557,4.8
INFO:root:1489248,5.2
INFO:root:1490527,3.0
INFO:root:1491946,3.8
INFO:root:1493377,3.4
INFO:root:1495533,4.3
INFO:root:1496873,3.5
INFO:root:1498345,4.1
INFO:root:1499701,4.4
INFO:root:1501222,4.5
INFO:root:1503174,5.4
INFO:root:1504893,4.0
INFO:root:1506604,4.7
INFO:root:1508340,4.8
INFO:root:1509851,4.4
INFO:root:1511380,5.2
INFO:root:1512690,3.4
INFO:root:1514178,3.7
INFO:root:1515838,3.9
INFO:root:1517774,4.4
INFO:root:1519162,4.1
INFO:root:1520763,4.8
INFO:root:1522303,3.9
INFO:root:1523858,4.0
INFO:root:1525293,4.0
INFO:root:1527344,6.1
INFO:root:1529444,4.5
INFO:root:1531005,4.1
INFO:root:1532832,5.4
INFO:root:1534628,3.9
INFO:root:1536007,3.7
INFO:root:1537505,4.2
INFO:root:1539293,3.9
INFO:root:1540943,4.4
INFO:root:1542428,4.3
INFO:root:1543835,3.9
INFO:root:1545619,4.4
INFO:root:1546905,3.1
INFO:root:1548657,4.7
INFO:root:1550400,5.5
INFO:root:1551899,4.5
INFO:root:1553866,5.3
INFO:root:1555486,5.2
INFO:root:1557366,6.2
INFO:root:1558872,4.3
INFO:root:1560851,5.7
INFO:root:1562358,4.8
INFO:root:1563994,4.9
INFO:root:1565309,2.8
INFO:root:1567268,5.4
INFO:root:1568896,4.4
INFO:root:1570722,4.7
INFO:root:1572703,4.3
INFO:root:1574187,3.2
INFO:root:1575743,3.6
INFO:root:1577247,4.4
INFO:root:1579048,4.3
INFO:root:1580601,3.8
INFO:root:1582072,4.1
INFO:root:1583506,4.4
INFO:root:1585547,5.5
INFO:root:1587279,4.0
INFO:root:1589538,6.6
INFO:root:1591138,4.7
INFO:root:1592241,3.6
INFO:root:1593811,4.2
INFO:root:1595346,3.5
INFO:root:1596954,4.6
INFO:root:1598932,5.5
INFO:root:1600524,4.1
INFO:root:1602166,4.4
INFO:root:1603934,4.2
INFO:root:1605492,3.5
INFO:root:1607389,3.6
INFO:root:1609184,4.9
INFO:root:1610777,4.5
INFO:root:1612394,4.3
INFO:root:1614102,4.5
INFO:root:1616340,5.4
INFO:root:1617795,3.7
INFO:root:1619492,4.1
INFO:root:1621491,5.6
INFO:root:1623048,4.3
INFO:root:1624407,3.4
INFO:root:1626203,5.4
INFO:root:1627806,4.4
INFO:root:1630073,5.4
INFO:root:1632479,5.3
INFO:root:1634764,6.0
INFO:root:1636668,5.1
INFO:root:1638516,4.8
INFO:root:1640582,5.5
INFO:root:1642496,6.4
INFO:root:1644379,4.9
INFO:root:1646138,4.1
INFO:root:1647928,4.7
INFO:root:1649402,3.5
INFO:root:1651779,6.2
INFO:root:1653290,4.5
INFO:root:1654950,5.2
INFO:root:1656447,4.2
INFO:root:1658000,4.9
INFO:root:1659059,2.3
INFO:root:1661235,4.8
INFO:root:1663484,5.9
INFO:root:1665580,5.3
INFO:root:1667269,5.8
INFO:root:1668993,5.7
INFO:root:1670955,5.8
INFO:root:1673082,7.0
INFO:root:1674494,4.9
INFO:root:1675871,4.6
INFO:root:1677480,5.4
INFO:root:1678834,2.8
INFO:root:1680032,3.4
INFO:root:1682091,5.6
INFO:root:1683860,5.4
INFO:root:1685910,6.3
INFO:root:1687648,4.6
INFO:root:1689465,4.6
INFO:root:1691122,5.2
INFO:root:1693124,4.3
INFO:root:1694674,3.4
INFO:root:1696275,3.7
INFO:root:1697755,3.9
INFO:root:1699192,4.5
INFO:root:1700546,3.9
INFO:root:1702568,4.6
INFO:root:1704549,5.3
INFO:root:1705936,3.3
INFO:root:1707902,5.4
INFO:root:1709745,4.9
INFO:root:1711348,4.8
INFO:root:1712889,3.7
INFO:root:1714512,5.3
INFO:root:1716156,5.7
INFO:root:1718010,5.1
INFO:root:1720053,6.4
INFO:root:1721666,4.3
INFO:root:1723397,4.4
INFO:root:1725572,6.0
INFO:root:1727521,5.4
INFO:root:1729353,4.1
INFO:root:1731372,5.0
INFO:root:1732959,5.2
INFO:root:1734223,4.0
INFO:root:1735802,4.4
INFO:root:1737173,4.1
INFO:root:1738509,3.6
INFO:root:1740134,2.8
INFO:root:1741705,3.7
INFO:root:1743130,3.6
INFO:root:1745127,5.4
INFO:root:1747400,5.7
INFO:root:1748946,3.3
INFO:root:1750647,3.2
INFO:root:1752284,3.6
INFO:root:1754728,4.5
INFO:root:1756178,4.2
INFO:root:1757663,4.1
INFO:root:1759275,4.8
INFO:root:1761006,4.0
INFO:root:1762857,5.1
INFO:root:1765031,6.0
INFO:root:1766542,4.3
INFO:root:1768030,4.3
INFO:root:1769927,4.8
INFO:root:1771526,3.9
INFO:root:1773269,4.6
INFO:root:1775232,4.8
INFO:root:1777067,4.9
INFO:root:1779233,6.0
INFO:root:1781508,5.3
INFO:root:1783743,6.0
INFO:root:1785866,6.3
INFO:root:1787913,5.0
INFO:root:1789715,6.2
INFO:root:1791522,4.6
INFO:root:1793296,4.2
INFO:root:1794937,4.4
INFO:root:1796802,4.7
INFO:root:1798015,2.2
INFO:root:1800084,3.9
INFO:root:1802040,4.4
INFO:root:1804016,4.6
INFO:root:1806032,5.1
INFO:root:1808221,6.1
INFO:root:1810045,4.2
INFO:root:1812113,5.2
INFO:root:1813330,3.0
INFO:root:1814881,3.2
INFO:root:1816386,3.7
INFO:root:1818435,6.0
INFO:root:1820874,5.9
INFO:root:1822798,4.8
INFO:root:1824658,4.0
INFO:root:1826276,4.6
INFO:root:1827892,4.6
INFO:root:1830092,6.4
INFO:root:1831733,4.2
INFO:root:1833426,4.4
INFO:root:1834768,4.6
INFO:root:1836626,5.3
INFO:root:1838500,4.6
INFO:root:1840675,6.6
INFO:root:1842203,4.1
INFO:root:1843627,4.0
INFO:root:1845690,6.1
INFO:root:1847178,3.5
INFO:root:1848709,4.2
INFO:root:1850979,6.3
INFO:root:1852927,4.9
INFO:root:1854662,4.4
INFO:root:1856718,4.7
INFO:root:1858230,5.1
INFO:root:1859395,2.3
INFO:root:1860985,4.0
INFO:root:1862559,4.3
INFO:root:1864826,6.2
INFO:root:1866391,4.2
INFO:root:1868603,3.8
INFO:root:1870509,5.6
INFO:root:1872881,4.8
INFO:root:1874790,5.6
INFO:root:1876722,5.8
INFO:root:1878620,5.5
INFO:root:1880057,3.2
INFO:root:1881770,4.7
INFO:root:1883512,5.5
INFO:root:1885083,3.9
INFO:root:1887420,6.4
INFO:root:1890159,7.5
INFO:root:1892179,6.4
INFO:root:1894036,5.3
INFO:root:1895734,5.9
INFO:root:1896938,3.0
INFO:root:1898228,4.2
INFO:root:1899711,4.9
INFO:root:1901483,5.2
INFO:root:1903474,4.8
INFO:root:1905330,5.1
INFO:root:1906824,4.7
INFO:root:1908566,5.5
INFO:root:1909961,3.4
INFO:root:1911446,3.7
INFO:root:1913007,4.0
INFO:root:1914794,3.4
INFO:root:1916387,5.0
INFO:root:1918390,5.3
INFO:root:1920212,5.0
INFO:root:1922004,4.7
INFO:root:1923987,5.4
INFO:root:1925739,6.0
INFO:root:1927229,4.6
INFO:root:1928763,4.1
INFO:root:1930133,4.8
INFO:root:1931913,4.9
INFO:root:1933777,5.0
INFO:root:1935350,4.0
INFO:root:1936534,3.0
INFO:root:1938285,5.2
INFO:root:1940294,4.3
INFO:root:1942149,4.7
INFO:root:1943879,4.9
INFO:root:1945663,5.0
INFO:root:1947322,5.2
INFO:root:1948938,3.8
INFO:root:1950636,4.2
INFO:root:1952473,5.2
INFO:root:1953622,4.0
INFO:root:1956387,7.4
INFO:root:1959013,7.5
INFO:root:1960718,3.0
INFO:root:1963014,6.1
INFO:root:1964832,5.1
INFO:root:1966407,4.0
INFO:root:1968556,6.4
INFO:root:1969965,4.6
INFO:root:1971586,4.5
INFO:root:1973226,5.2
INFO:root:1974904,4.4
INFO:root:1976776,5.1
INFO:root:1978454,5.4
INFO:root:1980113,4.9
INFO:root:1981519,4.7
INFO:root:1983355,4.9
INFO:root:1984792,4.1
INFO:root:1986370,4.9
INFO:root:1988395,4.8
INFO:root:1990776,5.8
INFO:root:1992925,5.4
INFO:root:1994535,4.0
INFO:root:1996587,7.5
INFO:root:1998503,5.8
INFO:root:2000737,6.8
INFO:root:2002464,5.2
INFO:root:2004668,5.4
INFO:root:2006608,6.1
INFO:root:2008087,4.6
INFO:root:2009777,4.0
INFO:root:2011428,4.6
INFO:root:2013212,4.9
INFO:root:2014804,4.7
INFO:root:2016550,4.8
INFO:root:2018076,4.1
INFO:root:2019553,4.9
INFO:root:2021017,3.9
INFO:root:2023287,4.9
INFO:root:2025212,3.8
INFO:root:2027069,3.4
INFO:root:2028795,4.7
INFO:root:2031005,6.1
INFO:root:2032457,4.2
INFO:root:2034451,5.3
INFO:root:2036036,4.2
INFO:root:2037777,5.2
INFO:root:2039525,5.5
INFO:root:2041231,4.7
INFO:root:2043416,6.8
INFO:root:2045109,5.4
INFO:root:2046601,3.4
INFO:root:2048409,5.2
INFO:root:2050396,5.1
INFO:root:2051634,2.9
INFO:root:2053788,5.5
INFO:root:2055549,4.6
INFO:root:2057402,5.4
INFO:root:2059010,5.3
INFO:root:2060981,5.2
INFO:root:2062632,5.6
INFO:root:2064635,5.4
INFO:root:2066318,4.4
INFO:root:2068498,5.4
INFO:root:2069825,4.0
INFO:root:2071549,6.0
INFO:root:2073310,5.0
INFO:root:2075034,5.9
INFO:root:2076342,3.9
INFO:root:2077442,2.7
INFO:root:2079069,4.1
INFO:root:2080583,4.8
INFO:root:2081710,2.8
INFO:root:2083886,6.2
INFO:root:2085361,5.5
INFO:root:2086909,5.0
INFO:root:2088547,5.5
INFO:root:2090400,5.5
INFO:root:2092341,5.3
INFO:root:2093835,3.8
INFO:root:2095616,2.8
INFO:root:2097264,3.8
INFO:root:2098862,4.9
INFO:root:2100695,5.3
INFO:root:2102984,4.9
INFO:root:2105446,6.1
INFO:root:2107467,4.7
INFO:root:2109917,6.7
INFO:root:2112031,4.8
INFO:root:2113805,6.2
INFO:root:2115973,6.1
INFO:root:2118178,5.2
INFO:root:2120042,5.8
INFO:root:2121597,5.2
INFO:root:2123063,3.9
INFO:root:2125165,6.2
INFO:root:2127196,5.1
INFO:root:2128630,3.5
INFO:root:2130268,4.1
INFO:root:2132065,4.8
INFO:root:2133859,5.4
INFO:root:2135616,5.0
INFO:root:2137975,7.0
INFO:root:2139479,4.9
INFO:root:2141297,4.9
INFO:root:2142795,4.7
INFO:root:2144634,5.1
INFO:root:2146509,5.6
INFO:root:2148315,4.9
INFO:root:2150146,4.9
INFO:root:2152195,5.6
INFO:root:2154091,4.6
INFO:root:2155846,4.5
INFO:root:2158015,5.9
INFO:root:2159518,4.3
INFO:root:2160906,3.9
INFO:root:2162900,4.7
INFO:root:2164830,4.5
INFO:root:2166820,5.0
INFO:root:2168477,4.2
INFO:root:2169812,3.6
INFO:root:2171210,3.6
INFO:root:2172747,3.1
INFO:root:2174644,4.8
INFO:root:2176602,5.5
INFO:root:2178510,4.8
INFO:root:2180731,5.7
INFO:root:2183505,7.1
INFO:root:2186188,6.7
INFO:root:2188137,5.7
INFO:root:2189804,4.8
INFO:root:2191242,4.5
INFO:root:2192755,4.2
INFO:root:2194539,5.4
INFO:root:2196112,5.3
INFO:root:2197702,3.5
INFO:root:2199399,4.4
INFO:root:2200757,4.5
INFO:root:2202346,4.3
INFO:root:2203623,3.0
INFO:root:2205213,4.2
INFO:root:2206836,5.1
INFO:root:2208515,4.3
INFO:root:2210024,4.1
INFO:root:2211887,5.4
INFO:root:2213832,6.2
INFO:root:2215937,6.2
INFO:root:2217618,4.4
INFO:root:2219336,5.3
INFO:root:2221250,5.4
INFO:root:2222877,4.5
INFO:root:2225039,5.4
INFO:root:2226832,4.5
INFO:root:2228541,4.8
INFO:root:2230039,3.5
INFO:root:2232151,5.5
INFO:root:2234238,4.4
INFO:root:2235822,5.0
INFO:root:2237594,5.4
INFO:root:2239550,6.2
INFO:root:2241541,5.6
INFO:root:2243339,5.2
INFO:root:2245072,5.0
INFO:root:2247276,6.8
INFO:root:2249353,6.5
INFO:root:2251415,5.7
INFO:root:2253269,4.2
INFO:root:2254655,3.4
INFO:root:2256347,4.2
INFO:root:2258238,3.6
INFO:root:2260207,5.0
INFO:root:2261651,3.5
INFO:root:2263263,4.7
INFO:root:2264860,4.1
INFO:root:2266740,5.8
INFO:root:2268421,4.1
INFO:root:2270043,3.8
INFO:root:2271296,2.9
INFO:root:2273064,5.9
INFO:root:2274627,4.9
INFO:root:2276436,5.5
INFO:root:2278375,5.4
INFO:root:2279969,3.6
INFO:root:2282186,5.4
INFO:root:2283531,3.6
INFO:root:2285593,4.4
INFO:root:2287765,5.4
INFO:root:2289560,4.5
INFO:root:2291461,5.4
INFO:root:2293585,5.3
INFO:root:2295252,5.6
INFO:root:2297297,5.4
INFO:root:2299889,6.6
INFO:root:2302085,5.2
INFO:root:2304463,6.2
INFO:root:2306136,4.5
INFO:root:2308461,5.7
INFO:root:2310340,5.5
INFO:root:2312362,3.9
INFO:root:2314239,5.7
INFO:root:2316063,5.0
INFO:root:2318153,6.0
INFO:root:2319934,5.5
INFO:root:2322489,7.0
INFO:root:2324457,5.2
INFO:root:2326186,5.3
INFO:root:2327746,4.6
INFO:root:2329680,5.4
INFO:root:2331959,5.2
INFO:root:2333707,3.6
INFO:root:2335665,5.4
INFO:root:2337615,5.2
INFO:root:2340035,5.1
INFO:root:2342278,5.9
INFO:root:2344017,4.8
INFO:root:2345838,4.5
INFO:root:2347405,4.3
INFO:root:2349020,4.7
INFO:root:2350988,4.6
INFO:root:2353110,4.9
INFO:root:2354442,3.7
INFO:root:2356140,4.0
INFO:root:2357872,5.0
INFO:root:2360280,4.8
INFO:root:2362960,5.9
INFO:root:2365101,6.6
INFO:root:2367037,5.6
INFO:root:2368474,2.4
INFO:root:2370458,4.2
INFO:root:2371807,2.9
INFO:root:2373323,3.7
INFO:root:2375537,4.1
INFO:root:2378054,4.0
INFO:root:2380165,6.3
INFO:root:2381769,4.9
INFO:root:2383606,4.3
INFO:root:2385388,4.3
INFO:root:2387950,5.5
INFO:root:2389750,4.2
INFO:root:2391888,5.0
INFO:root:2393522,3.3
INFO:root:2396191,7.2
INFO:root:2397883,4.2
INFO:root:2399669,4.7
INFO:root:2401053,3.5
INFO:root:2403200,6.0
INFO:root:2404915,4.4
INFO:root:2406171,4.2
INFO:root:2408468,6.0
INFO:root:2410385,4.9
INFO:root:2412267,6.5
INFO:root:2414145,5.3
INFO:root:2415588,3.7
INFO:root:2417643,5.7
INFO:root:2419180,4.8
INFO:root:2420952,5.3
INFO:root:2422724,6.1
INFO:root:2424432,4.8
INFO:root:2426153,4.7
INFO:root:2427962,5.1
INFO:root:2429784,4.5
INFO:root:2432088,4.2
INFO:root:2434124,5.1
INFO:root:2435902,4.3
INFO:root:2438343,6.1
INFO:root:2440386,5.7
INFO:root:2442768,5.8
INFO:root:2445262,6.4
INFO:root:2447180,4.7
INFO:root:2448350,3.0
INFO:root:2450484,6.1
INFO:root:2453345,6.7
INFO:root:2455188,4.7
INFO:root:2457107,5.7
INFO:root:2459053,4.5
INFO:root:2461852,6.0
INFO:root:2463466,4.6
INFO:root:2465524,5.5
INFO:root:2467824,4.3
INFO:root:2470965,6.8
INFO:root:2472325,4.1
INFO:root:2474372,5.9
INFO:root:2475869,3.8
INFO:root:2477617,4.2
INFO:root:2480158,6.2
INFO:root:2482749,5.4
INFO:root:2484077,2.6
INFO:root:2485794,4.0
INFO:root:2487492,3.6
INFO:root:2489085,3.3
INFO:root:2490866,4.6
INFO:root:2492594,4.5
INFO:root:2494312,4.2
INFO:root:2496078,4.8
INFO:root:2498142,5.6
INFO:root:2499901,4.9
INFO:root:2502727,5.7
INFO:root:2504930,6.6
INFO:root:2507458,7.1
INFO:root:2509066,4.4
INFO:root:2511665,6.7
INFO:root:2513310,5.4
INFO:root:2515744,5.7
INFO:root:2518248,6.0
INFO:root:2520502,6.4
INFO:root:2522374,5.1
INFO:root:2523903,4.5
INFO:root:2525601,4.8
INFO:root:2527347,4.7
INFO:root:2529441,6.0
INFO:root:2531263,4.2
INFO:root:2533120,5.5
INFO:root:2534960,5.0
INFO:root:2536351,4.1
INFO:root:2537857,3.8
INFO:root:2539639,5.9
INFO:root:2541010,5.0
INFO:root:2542455,5.1
INFO:root:2544151,4.9
INFO:root:2546251,6.0
INFO:root:2547852,4.8
INFO:root:2549703,5.3
INFO:root:2551697,5.0
INFO:root:2553445,5.2
INFO:root:2555249,3.9
INFO:root:2556973,5.7
INFO:root:2559127,5.7
INFO:root:2562393,6.7
INFO:root:2564001,3.5
INFO:root:2566326,6.7
INFO:root:2568036,4.2
INFO:root:2569969,6.6
INFO:root:2572174,6.6
INFO:root:2573869,4.9
INFO:root:2575047,3.5
INFO:root:2577148,4.8
INFO:root:2578625,5.0
INFO:root:2580432,4.9
INFO:root:2582434,5.8
INFO:root:2584268,5.8
INFO:root:2586935,7.3
INFO:root:2588890,5.9
INFO:root:2591124,5.7
INFO:root:2592820,5.6
INFO:root:2594493,4.4
INFO:root:2596280,5.0
INFO:root:2597798,4.1
INFO:root:2599806,5.5
INFO:root:2602656,8.0
INFO:root:2604943,6.2
INFO:root:2607334,6.0
INFO:root:2610617,6.6
INFO:root:2613071,5.6
INFO:root:2615539,6.2
INFO:root:2617275,4.6
INFO:root:2618947,3.6
INFO:root:2620690,4.4
INFO:root:2622870,5.6
INFO:root:2624886,4.3
INFO:root:2626596,5.8
INFO:root:2629093,5.9
INFO:root:2630917,4.7
INFO:root:2632516,4.1
INFO:root:2633891,4.0
INFO:root:2635831,3.6
INFO:root:2637601,4.3
INFO:root:2639095,4.0
INFO:root:2641018,5.9
INFO:root:2642619,4.2
INFO:root:2644575,5.3
INFO:root:2646782,5.7
INFO:root:2648214,5.2
INFO:root:2650124,6.1
INFO:root:2652049,5.7
INFO:root:2654121,6.3
INFO:root:2656162,4.4
INFO:root:2658421,5.4
INFO:root:2660296,6.2
INFO:root:2662173,5.1
INFO:root:2663702,3.7
INFO:root:2665200,3.6
INFO:root:2667430,3.7
INFO:root:2669471,4.6
INFO:root:2671378,4.6
INFO:root:2673644,5.0
INFO:root:2675638,5.6
INFO:root:2677325,4.9
INFO:root:2678990,4.0
INFO:root:2680852,4.5
INFO:root:2682528,5.7
INFO:root:2684336,5.9
INFO:root:2686339,5.7
INFO:root:2688379,5.6
INFO:root:2690572,5.8
INFO:root:2692057,4.3
INFO:root:2693716,4.0
INFO:root:2695790,6.2
INFO:root:2697957,6.4
INFO:root:2700011,5.1
INFO:root:2701916,4.6
INFO:root:2703955,6.3
INFO:root:2706458,7.2
INFO:root:2708845,6.2
INFO:root:2710876,5.0
INFO:root:2712368,3.9
INFO:root:2714210,4.5
INFO:root:2716234,5.6
INFO:root:2717738,4.2
INFO:root:2719723,5.3
INFO:root:2721685,6.5
INFO:root:2723998,6.4
INFO:root:2726062,5.2
INFO:root:2727839,5.1
INFO:root:2729493,4.5
INFO:root:2731097,4.8
INFO:root:2732850,5.4
INFO:root:2734976,6.1
INFO:root:2736953,4.8
INFO:root:2738704,5.1
INFO:root:2740847,6.6
INFO:root:2742684,5.3
INFO:root:2744875,6.7
INFO:root:2747828,7.4
INFO:root:2750187,6.9
INFO:root:2752136,5.2
INFO:root:2754065,5.8
INFO:root:2755988,4.5
INFO:root:2758316,5.1
INFO:root:2759999,6.2
INFO:root:2762409,6.6
INFO:root:2764124,4.9
INFO:root:2766215,5.9
INFO:root:2767658,3.7
INFO:root:2769684,5.2
INFO:root:2771540,5.6
INFO:root:2773504,6.5
INFO:root:2775407,4.7
INFO:root:2777184,4.9
INFO:root:2779245,6.8
INFO:root:2781226,4.9
INFO:root:2783539,6.6
INFO:root:2785245,5.0
INFO:root:2786891,4.7
INFO:root:2788968,5.9
INFO:root:2791100,5.3
INFO:root:2793419,5.0
INFO:root:2795369,4.2
INFO:root:2797330,6.2
INFO:root:2798822,3.9
INFO:root:2800830,6.0
INFO:root:2802847,6.5
INFO:root:2805232,6.4
INFO:root:2807082,4.8
INFO:root:2809260,5.4
INFO:root:2811355,5.3
INFO:root:2812976,5.6
INFO:root:2814701,4.7
INFO:root:2817091,7.1
INFO:root:2818797,6.1
INFO:root:2820624,4.8
INFO:root:2822378,4.4
INFO:root:2823990,4.8
INFO:root:2825458,3.5
INFO:root:2827444,5.8
INFO:root:2829892,6.4
INFO:root:2831949,5.4
INFO:root:2833850,5.9
INFO:root:2836249,6.7
INFO:root:2838534,6.0
INFO:root:2840318,5.6
INFO:root:2841982,4.2
INFO:root:2843554,4.5
INFO:root:2844989,4.4
INFO:root:2846830,5.1
INFO:root:2849355,6.8
INFO:root:2851069,5.4
INFO:root:2852438,4.2
INFO:root:2853813,3.5
INFO:root:2855293,3.6
INFO:root:2856924,5.2
INFO:root:2858601,5.4
INFO:root:2860290,5.1
INFO:root:2861822,3.7
INFO:root:2863155,3.2
INFO:root:2864932,4.6
INFO:root:2866129,3.2
INFO:root:2867699,4.2
INFO:root:2869631,5.3
INFO:root:2871036,4.0
INFO:root:2872770,5.0
INFO:root:2874529,5.1
INFO:root:2876670,5.6
INFO:root:2878567,5.6
INFO:root:2880250,5.4
INFO:root:2881787,4.0
INFO:root:2883617,5.4
INFO:root:2885183,4.2
INFO:root:2886908,4.5
INFO:root:2888627,4.7
INFO:root:2890235,4.7
INFO:root:2891682,3.5
INFO:root:2893588,5.5
INFO:root:2894891,3.3
INFO:root:2896653,4.2
INFO:root:2898625,4.6
INFO:root:2900396,4.9
INFO:root:2902257,4.9
INFO:root:2903862,4.0
INFO:root:2905491,4.4
INFO:root:2906734,3.3
INFO:root:2908532,4.4
INFO:root:2910352,4.9
INFO:root:2912190,5.3
INFO:root:2914221,4.7
INFO:root:2916198,4.7
INFO:root:2918018,5.9
INFO:root:2920112,6.3
INFO:root:2922193,4.7
INFO:root:2924195,3.8
INFO:root:2926578,6.3
INFO:root:2928362,4.8
INFO:root:2930257,4.9
INFO:root:2932154,5.2
INFO:root:2934026,5.0
INFO:root:2936268,4.8
INFO:root:2938594,5.0
INFO:root:2940595,3.6
INFO:root:2942869,6.1
INFO:root:2945104,6.4
INFO:root:2947207,5.2
INFO:root:2948816,4.1
INFO:root:2950561,5.6
INFO:root:2952204,4.6
INFO:root:2954247,5.5
INFO:root:2956343,5.4
INFO:root:2958145,4.9
INFO:root:2960090,5.6
INFO:root:2961716,4.3
INFO:root:2963519,4.9
INFO:root:2965344,5.5
INFO:root:2967326,5.4
INFO:root:2968819,4.6
INFO:root:2970289,3.4
INFO:root:2971453,3.7
INFO:root:2973107,3.9
INFO:root:2974609,4.3
INFO:root:2976145,4.1
INFO:root:2978078,6.0
INFO:root:2979518,3.5
INFO:root:2981332,5.1
INFO:root:2983063,5.1
INFO:root:2985626,5.7
INFO:root:2988024,4.5
INFO:root:2989834,4.4
INFO:root:2991975,5.0
INFO:root:2993609,4.5
INFO:root:2995124,3.5
INFO:root:2996735,5.5
INFO:root:2998255,4.6
INFO:root:2999983,4.8
