INFO:root:179,0.7
INFO:root:1593,4.0
INFO:root:3095,4.8
INFO:root:4481,4.3
INFO:root:5988,5.3
INFO:root:7328,4.0
INFO:root:8600,3.8
INFO:root:9856,4.0
INFO:root:11974,5.3
INFO:root:13781,3.1
INFO:root:15679,2.2
INFO:root:17575,2.4
INFO:root:19390,2.7
INFO:root:20857,3.7
INFO:root:22293,2.4
INFO:root:23921,2.8
INFO:root:25806,3.0
INFO:root:27609,1.9
INFO:root:29090,1.8
INFO:root:30732,3.3
INFO:root:32117,2.9
INFO:root:33310,2.6
INFO:root:34973,3.1
INFO:root:36582,2.9
INFO:root:37784,1.8
INFO:root:39383,3.3
INFO:root:40914,3.6
INFO:root:42430,3.1
INFO:root:43898,2.3
INFO:root:45285,2.6
INFO:root:46334,1.9
INFO:root:47390,1.8
INFO:root:48839,2.9
INFO:root:49527,1.7
INFO:root:50922,3.1
INFO:root:52489,2.5
INFO:root:53940,2.0
INFO:root:55730,3.5
INFO:root:57565,3.7
INFO:root:59168,3.3
INFO:root:60444,3.0
INFO:root:62078,2.9
INFO:root:63138,2.1
INFO:root:64638,3.0
INFO:root:65855,2.5
INFO:root:67446,3.0
INFO:root:68774,2.6
INFO:root:70186,3.3
INFO:root:71603,3.1
INFO:root:72918,2.7
INFO:root:74485,5.5
INFO:root:76079,3.9
INFO:root:77493,3.9
INFO:root:78713,3.2
INFO:root:79995,2.3
INFO:root:81418,3.2
INFO:root:82711,3.0
INFO:root:83993,3.3
INFO:root:85582,3.5
INFO:root:86973,3.0
INFO:root:88681,3.8
INFO:root:90056,2.3
INFO:root:91467,2.5
INFO:root:92988,1.2
INFO:root:94372,2.3
INFO:root:95661,2.0
INFO:root:97312,3.0
INFO:root:99319,4.6
INFO:root:100585,2.2
INFO:root:102281,3.8
INFO:root:103773,2.6
INFO:root:105128,3.1
INFO:root:106510,2.7
INFO:root:108538,4.2
INFO:root:110362,4.0
INFO:root:111979,3.6
INFO:root:113514,3.4
INFO:root:115704,4.2
INFO:root:117177,3.8
INFO:root:118656,2.8
INFO:root:120369,2.9
INFO:root:121859,3.4
INFO:root:123394,3.2
INFO:root:125207,3.7
INFO:root:126985,3.8
INFO:root:128773,3.6
INFO:root:130149,2.7
INFO:root:131794,2.8
INFO:root:133308,3.1
INFO:root:134905,3.3
INFO:root:136250,3.2
INFO:root:137933,4.4
INFO:root:139317,2.1
INFO:root:140865,3.4
INFO:root:142595,3.7
INFO:root:144241,3.5
INFO:root:145616,3.6
INFO:root:147050,3.5
INFO:root:149041,5.0
INFO:root:150631,3.9
INFO:root:152035,3.0
INFO:root:153271,2.6
INFO:root:154743,4.0
INFO:root:156134,3.1
INFO:root:157644,3.2
INFO:root:159582,4.6
INFO:root:161017,4.1
INFO:root:162592,3.2
INFO:root:164004,3.3
INFO:root:165245,3.7
INFO:root:167041,3.6
INFO:root:168436,2.7
INFO:root:169837,3.1
INFO:root:171171,2.2
INFO:root:172714,2.3
INFO:root:174236,2.8
INFO:root:175690,3.1
INFO:root:177380,2.9
INFO:root:178875,3.3
INFO:root:180378,3.5
INFO:root:182113,2.6
INFO:root:184165,3.9
INFO:root:185938,3.3
INFO:root:187504,2.6
INFO:root:188853,2.1
INFO:root:190742,3.7
INFO:root:192066,2.6
INFO:root:193693,3.4
INFO:root:195321,3.5
INFO:root:196681,3.2
INFO:root:198002,3.1
INFO:root:199654,3.0
INFO:root:201161,3.8
INFO:root:202507,3.5
INFO:root:204225,3.6
INFO:root:205585,3.6
INFO:root:207608,4.1
INFO:root:209050,3.3
INFO:root:210994,3.1
INFO:root:212621,4.2
INFO:root:214078,2.9
INFO:root:215596,3.3
INFO:root:216882,3.5
INFO:root:218771,3.2
INFO:root:220528,3.8
INFO:root:222123,3.0
INFO:root:223683,4.0
INFO:root:225281,3.3
INFO:root:227119,4.6
INFO:root:228707,2.8
INFO:root:230014,3.2
INFO:root:231632,3.3
INFO:root:233261,3.3
INFO:root:234790,3.4
INFO:root:236393,4.2
INFO:root:237975,2.8
INFO:root:239450,3.3
INFO:root:240951,3.4
INFO:root:242595,1.9
INFO:root:243992,2.8
INFO:root:245955,3.9
INFO:root:247279,2.5
INFO:root:248558,2.7
INFO:root:249691,1.9
INFO:root:251690,4.5
INFO:root:253467,2.6
INFO:root:255057,2.5
INFO:root:256194,2.6
INFO:root:257999,3.6
INFO:root:259864,4.0
INFO:root:261274,3.6
INFO:root:262676,2.7
INFO:root:264365,3.4
INFO:root:266232,3.5
INFO:root:267695,3.0
INFO:root:269275,2.9
INFO:root:270839,3.9
INFO:root:272234,2.6
INFO:root:273565,2.6
INFO:root:274947,3.1
INFO:root:276100,2.1
INFO:root:277841,3.1
INFO:root:279695,3.2
INFO:root:281301,2.7
INFO:root:283209,4.2
INFO:root:285028,4.4
INFO:root:286777,2.8
INFO:root:288491,3.2
INFO:root:289835,3.2
INFO:root:291453,3.5
INFO:root:293039,3.2
INFO:root:294470,3.2
INFO:root:296080,3.8
INFO:root:297919,4.4
INFO:root:299700,3.6
INFO:root:300873,2.6
INFO:root:302543,3.4
INFO:root:304019,3.3
INFO:root:305240,2.9
INFO:root:306784,3.5
INFO:root:308188,2.5
INFO:root:309690,3.5
INFO:root:311695,4.6
INFO:root:313087,3.0
INFO:root:314921,3.9
INFO:root:316474,3.2
INFO:root:318284,4.0
INFO:root:320015,4.0
INFO:root:321866,4.6
INFO:root:323586,3.4
INFO:root:324997,3.4
INFO:root:326451,3.7
INFO:root:327913,3.2
INFO:root:329421,3.0
INFO:root:331056,3.7
INFO:root:332885,4.5
INFO:root:334555,4.3
INFO:root:336266,3.7
INFO:root:338022,3.1
INFO:root:339326,2.5
INFO:root:340967,3.9
INFO:root:342762,3.7
INFO:root:344522,2.9
INFO:root:346126,3.3
INFO:root:347540,4.0
INFO:root:348983,4.4
INFO:root:350857,4.1
INFO:root:352316,3.7
INFO:root:353698,3.6
INFO:root:355487,3.2
INFO:root:356808,3.1
INFO:root:357960,2.4
INFO:root:359756,4.3
INFO:root:361190,3.0
INFO:root:362677,3.4
INFO:root:364606,4.3
INFO:root:366149,3.7
INFO:root:367685,2.4
INFO:root:368987,2.9
INFO:root:370142,2.8
INFO:root:371645,3.9
INFO:root:373159,3.3
INFO:root:374630,3.2
INFO:root:376123,2.4
INFO:root:377693,3.4
INFO:root:378935,2.4
INFO:root:380470,3.3
INFO:root:381954,3.1
INFO:root:383376,4.0
INFO:root:384491,1.8
INFO:root:386163,3.7
INFO:root:387586,3.5
INFO:root:389079,3.7
INFO:root:390744,3.6
INFO:root:391954,3.1
INFO:root:393271,2.9
INFO:root:394905,3.2
INFO:root:396459,3.3
INFO:root:397845,3.5
INFO:root:399359,3.9
INFO:root:400848,3.1
INFO:root:401934,2.5
INFO:root:403552,2.8
INFO:root:404978,2.7
INFO:root:406384,3.7
INFO:root:407985,3.6
INFO:root:409424,3.7
INFO:root:410972,4.8
INFO:root:412607,4.4
INFO:root:413938,2.9
INFO:root:415170,3.4
INFO:root:416618,4.2
INFO:root:418091,3.2
INFO:root:419640,3.6
INFO:root:421163,3.7
INFO:root:422919,3.5
INFO:root:424659,3.6
INFO:root:426083,3.6
INFO:root:427273,3.4
INFO:root:428928,3.7
INFO:root:430550,4.1
INFO:root:431994,2.6
INFO:root:432947,2.0
INFO:root:434185,2.8
INFO:root:435279,2.1
INFO:root:436785,3.9
INFO:root:438356,2.7
INFO:root:439782,2.6
INFO:root:441403,2.6
INFO:root:443005,3.9
INFO:root:444579,3.9
INFO:root:446038,3.9
INFO:root:447959,3.4
INFO:root:449754,3.5
INFO:root:451619,4.0
INFO:root:453106,3.1
INFO:root:455060,4.4
INFO:root:456583,3.9
INFO:root:457994,3.6
INFO:root:459675,4.2
INFO:root:461256,4.2
INFO:root:462770,3.4
INFO:root:464112,3.0
INFO:root:466088,4.4
INFO:root:467564,3.3
INFO:root:468763,2.3
INFO:root:470269,3.0
INFO:root:471790,2.7
INFO:root:473526,4.1
INFO:root:474820,2.6
INFO:root:476279,3.6
INFO:root:477813,3.3
INFO:root:479521,2.9
INFO:root:481080,3.5
INFO:root:483198,3.8
INFO:root:484699,3.7
INFO:root:486639,5.6
INFO:root:488152,3.7
INFO:root:489959,4.0
INFO:root:491524,3.0
INFO:root:493078,3.9
INFO:root:494289,3.3
INFO:root:495702,3.8
INFO:root:497217,2.5
INFO:root:499043,4.8
INFO:root:500554,3.4
INFO:root:501916,3.5
INFO:root:503529,3.2
INFO:root:505242,4.5
INFO:root:506742,3.5
INFO:root:508308,3.2
INFO:root:509634,3.1
INFO:root:511102,2.5
INFO:root:512874,3.1
INFO:root:514550,3.2
INFO:root:515829,2.2
INFO:root:517407,3.9
INFO:root:519163,4.2
INFO:root:520870,4.1
INFO:root:522537,3.6
INFO:root:524187,5.2
INFO:root:525526,2.8
INFO:root:527229,4.4
INFO:root:528565,3.3
INFO:root:530204,4.2
INFO:root:531785,3.9
INFO:root:533721,4.8
INFO:root:535057,1.8
INFO:root:536463,2.3
INFO:root:538262,4.8
INFO:root:539761,3.9
INFO:root:541097,3.3
INFO:root:542782,3.7
INFO:root:544469,2.9
INFO:root:546207,4.0
INFO:root:547756,2.9
INFO:root:549304,4.5
INFO:root:550830,3.4
INFO:root:552285,3.5
INFO:root:554015,3.8
INFO:root:555462,3.5
INFO:root:556929,4.0
INFO:root:558580,3.4
INFO:root:560211,4.1
INFO:root:561477,2.9
INFO:root:563124,3.7
INFO:root:564864,3.7
INFO:root:566633,4.1
INFO:root:568128,3.4
INFO:root:569757,4.4
INFO:root:571576,3.1
INFO:root:572957,2.7
INFO:root:574215,2.8
INFO:root:576116,4.0
INFO:root:578011,4.4
INFO:root:579688,3.8
INFO:root:581175,3.1
INFO:root:582667,2.8
INFO:root:583943,3.4
INFO:root:585381,3.2
INFO:root:586838,2.8
INFO:root:588451,2.9
INFO:root:590156,4.3
INFO:root:591663,2.8
INFO:root:593531,3.7
INFO:root:594576,2.6
INFO:root:596202,4.2
INFO:root:597620,3.0
INFO:root:599069,3.1
INFO:root:600460,2.6
INFO:root:601442,2.4
INFO:root:603184,4.1
INFO:root:604974,2.8
INFO:root:606397,3.1
INFO:root:608030,4.0
INFO:root:609605,4.3
INFO:root:611420,4.8
INFO:root:612999,3.3
INFO:root:614409,3.5
INFO:root:616382,4.3
INFO:root:617994,2.9
INFO:root:619509,3.3
INFO:root:620880,3.2
INFO:root:622166,3.3
INFO:root:623778,4.3
INFO:root:625497,3.2
INFO:root:627079,4.2
INFO:root:628603,4.1
INFO:root:630071,4.0
INFO:root:631753,4.0
INFO:root:633566,5.2
INFO:root:634974,4.3
INFO:root:636426,4.0
INFO:root:637887,3.3
INFO:root:639519,3.6
INFO:root:641060,3.7
INFO:root:642776,4.9
INFO:root:644240,3.4
INFO:root:645956,3.9
INFO:root:647440,3.2
INFO:root:648832,4.2
INFO:root:649911,2.4
INFO:root:651281,3.8
INFO:root:653183,4.5
INFO:root:654659,3.5
INFO:root:656406,3.6
INFO:root:657643,2.3
INFO:root:659239,4.4
INFO:root:660842,4.1
INFO:root:662568,3.2
INFO:root:664209,4.5
INFO:root:665739,3.6
INFO:root:666912,2.0
INFO:root:668634,3.2
INFO:root:670528,3.5
INFO:root:672064,4.1
INFO:root:673583,3.4
INFO:root:675072,3.2
INFO:root:676784,2.9
INFO:root:678163,2.9
INFO:root:679466,2.5
INFO:root:680985,3.2
INFO:root:682403,3.0
INFO:root:683752,3.1
INFO:root:685466,4.4
INFO:root:686631,2.5
INFO:root:688190,3.4
INFO:root:689840,3.5
INFO:root:691262,2.7
INFO:root:692561,2.8
INFO:root:694362,3.8
INFO:root:695938,3.0
INFO:root:697382,4.0
INFO:root:699132,3.2
INFO:root:700734,2.8
INFO:root:702214,3.0
INFO:root:703612,2.6
INFO:root:705230,4.2
INFO:root:706696,4.0
INFO:root:708438,4.5
INFO:root:709958,2.8
INFO:root:711269,2.7
INFO:root:712440,2.8
INFO:root:714236,4.6
INFO:root:715696,2.7
INFO:root:717517,4.0
INFO:root:719405,5.7
INFO:root:721417,5.1
INFO:root:723181,4.2
INFO:root:724657,2.7
INFO:root:726349,3.9
INFO:root:727908,3.7
INFO:root:729714,3.9
INFO:root:731127,3.7
INFO:root:732910,3.4
INFO:root:734931,3.8
INFO:root:736423,4.0
INFO:root:737876,3.8
INFO:root:739667,4.2
INFO:root:741193,3.8
INFO:root:743175,4.6
INFO:root:744926,4.0
INFO:root:746549,3.6
INFO:root:748244,3.8
INFO:root:749983,3.6
INFO:root:751948,3.9
INFO:root:753161,2.9
INFO:root:754865,3.6
INFO:root:756189,3.1
INFO:root:757509,2.6
INFO:root:759182,2.9
INFO:root:760580,2.9
INFO:root:762552,5.2
INFO:root:764289,4.4
INFO:root:765975,4.2
INFO:root:767618,4.8
INFO:root:768960,2.7
INFO:root:770370,3.4
INFO:root:771998,3.8
INFO:root:773443,3.2
INFO:root:775060,3.7
INFO:root:776858,3.8
INFO:root:778668,3.8
INFO:root:780194,2.2
INFO:root:781452,2.8
INFO:root:783067,3.4
INFO:root:784474,2.8
INFO:root:785827,3.0
INFO:root:787374,3.7
INFO:root:788686,3.2
INFO:root:790556,4.8
INFO:root:792100,4.1
INFO:root:793333,2.4
INFO:root:794763,3.3
INFO:root:796817,6.2
INFO:root:798534,4.6
INFO:root:799917,3.5
INFO:root:801477,3.4
INFO:root:803081,4.4
INFO:root:804754,3.0
INFO:root:806156,3.6
INFO:root:807553,3.1
INFO:root:809007,2.9
INFO:root:810735,3.1
INFO:root:812438,3.2
INFO:root:813658,2.6
INFO:root:814973,3.4
INFO:root:816646,4.1
INFO:root:817911,2.8
INFO:root:819443,3.5
INFO:root:821011,4.0
INFO:root:822573,4.5
INFO:root:823892,3.9
INFO:root:825349,3.6
INFO:root:826566,3.6
INFO:root:827778,3.2
INFO:root:828981,3.2
INFO:root:830583,3.4
INFO:root:831967,3.0
INFO:root:833406,3.3
INFO:root:835227,4.4
INFO:root:836880,3.4
INFO:root:838399,3.6
INFO:root:840003,3.6
INFO:root:841700,3.8
INFO:root:843331,3.7
INFO:root:845425,4.9
INFO:root:846900,3.0
INFO:root:848209,3.1
INFO:root:849516,2.9
INFO:root:851344,4.7
INFO:root:853040,3.7
INFO:root:854354,2.9
INFO:root:855874,3.9
INFO:root:857367,3.2
INFO:root:858763,2.9
INFO:root:860218,3.5
INFO:root:861779,3.4
INFO:root:863134,3.6
INFO:root:864467,3.4
INFO:root:865994,3.0
INFO:root:867507,3.0
INFO:root:869264,4.2
INFO:root:870968,3.5
INFO:root:872929,4.1
INFO:root:874629,3.9
INFO:root:876271,3.8
INFO:root:877926,4.4
INFO:root:879576,4.0
INFO:root:881260,4.2
INFO:root:882811,3.0
INFO:root:884408,3.6
INFO:root:885715,3.4
INFO:root:887292,4.0
INFO:root:888987,3.7
INFO:root:890824,3.7
INFO:root:892526,3.1
INFO:root:894234,4.3
INFO:root:895567,3.8
INFO:root:896917,2.6
INFO:root:898484,4.3
INFO:root:899457,1.7
INFO:root:900980,2.8
INFO:root:902449,4.3
INFO:root:903862,2.9
INFO:root:905386,3.6
INFO:root:906888,3.2
INFO:root:908112,2.8
INFO:root:909643,3.0
INFO:root:911232,4.4
INFO:root:912881,4.0
INFO:root:914754,3.9
INFO:root:916293,3.2
INFO:root:918285,4.8
INFO:root:920014,2.7
INFO:root:921273,3.2
INFO:root:922768,3.2
INFO:root:924469,4.0
INFO:root:926070,3.3
INFO:root:927422,2.6
INFO:root:928997,3.5
INFO:root:930516,3.7
INFO:root:932111,3.6
INFO:root:933594,3.7
INFO:root:935194,4.4
INFO:root:936702,3.6
INFO:root:938367,4.4
INFO:root:940187,4.0
INFO:root:942270,4.9
INFO:root:943883,4.0
INFO:root:944944,2.3
INFO:root:946161,2.7
INFO:root:947592,3.0
INFO:root:949010,3.1
INFO:root:950472,3.1
INFO:root:952285,3.4
INFO:root:953751,3.4
INFO:root:954922,2.4
INFO:root:956058,2.5
INFO:root:957665,3.3
INFO:root:959167,3.2
INFO:root:960641,3.1
INFO:root:962105,3.8
INFO:root:963558,3.7
INFO:root:965409,3.4
INFO:root:967334,4.7
INFO:root:968860,3.7
INFO:root:969998,2.6
INFO:root:971260,3.2
INFO:root:972893,4.3
INFO:root:974563,4.3
INFO:root:975801,3.2
INFO:root:977217,4.3
INFO:root:978751,3.3
INFO:root:980075,2.9
INFO:root:981431,3.4
INFO:root:982792,4.3
INFO:root:984438,3.5
INFO:root:985895,3.4
INFO:root:987178,3.1
INFO:root:988701,4.0
INFO:root:990090,3.1
INFO:root:991536,3.5
INFO:root:992806,3.3
INFO:root:994378,3.7
INFO:root:996009,2.9
INFO:root:997523,3.9
INFO:root:998824,2.8
