INFO:root:132,0.2
INFO:root:1483,3.3
INFO:root:3172,4.4
INFO:root:4395,3.1
INFO:root:5730,3.1
INFO:root:7119,2.5
INFO:root:8658,3.6
INFO:root:10400,3.8
INFO:root:11690,2.8
INFO:root:13191,3.8
INFO:root:14722,2.7
INFO:root:16102,3.4
INFO:root:17469,2.9
INFO:root:18942,2.6
INFO:root:20196,3.2
INFO:root:21737,3.4
INFO:root:22887,2.9
INFO:root:24252,3.9
INFO:root:25746,3.5
INFO:root:26965,2.8
INFO:root:28513,3.3
INFO:root:29947,3.2
INFO:root:31416,2.5
INFO:root:32647,2.0
INFO:root:34030,2.7
INFO:root:35081,2.1
INFO:root:36453,2.9
INFO:root:37714,2.1
INFO:root:39124,3.0
INFO:root:40636,4.1
INFO:root:41812,2.9
INFO:root:42984,2.3
INFO:root:44395,3.2
INFO:root:45851,2.9
INFO:root:47249,3.7
INFO:root:48631,2.8
INFO:root:49930,2.8
INFO:root:51165,2.5
INFO:root:52517,2.6
INFO:root:53536,2.7
INFO:root:54778,2.6
INFO:root:56358,3.5
INFO:root:57644,2.4
INFO:root:58918,3.0
INFO:root:60577,3.0
INFO:root:62149,4.0
INFO:root:63699,3.4
INFO:root:65340,4.0
INFO:root:66678,2.8
INFO:root:68201,2.7
INFO:root:69364,2.5
INFO:root:70677,3.1
INFO:root:72281,3.2
INFO:root:74041,3.4
INFO:root:75345,2.6
INFO:root:76526,3.4
INFO:root:77831,2.9
INFO:root:79710,3.5
INFO:root:80963,2.4
INFO:root:82348,3.3
INFO:root:83559,2.2
INFO:root:84922,3.4
INFO:root:86029,2.1
INFO:root:87639,4.0
INFO:root:89045,2.3
INFO:root:90223,2.2
INFO:root:91763,2.7
INFO:root:93306,3.6
INFO:root:94383,1.9
INFO:root:95834,3.2
INFO:root:97103,2.2
INFO:root:98506,3.2
INFO:root:100051,3.5
INFO:root:101729,4.9
INFO:root:103197,3.5
INFO:root:104788,3.7
INFO:root:106171,2.3
INFO:root:107324,2.7
INFO:root:108844,3.5
INFO:root:110150,2.7
INFO:root:111409,2.4
INFO:root:112829,2.5
INFO:root:114540,4.3
INFO:root:115983,3.5
INFO:root:117408,2.7
INFO:root:119023,2.9
INFO:root:120509,3.0
INFO:root:121856,2.7
INFO:root:123053,2.5
INFO:root:124221,2.6
INFO:root:125359,2.9
INFO:root:126813,3.2
INFO:root:128082,3.3
INFO:root:129483,2.1
INFO:root:130840,2.7
INFO:root:132098,2.7
INFO:root:133328,3.3
INFO:root:134938,2.9
INFO:root:136543,3.7
INFO:root:137767,2.3
INFO:root:139373,3.0
INFO:root:140879,2.9
INFO:root:142126,2.9
INFO:root:143503,2.8
INFO:root:144612,2.3
INFO:root:145781,3.0
INFO:root:147243,2.8
INFO:root:148872,3.0
INFO:root:150143,2.4
INFO:root:151433,2.3
INFO:root:152790,2.4
INFO:root:154051,2.4
INFO:root:155362,2.7
INFO:root:156670,3.1
INFO:root:157992,3.0
INFO:root:159504,3.1
INFO:root:161144,4.0
INFO:root:162530,3.3
INFO:root:163437,2.2
INFO:root:164728,2.9
INFO:root:166050,3.7
INFO:root:167324,2.2
INFO:root:168624,2.4
INFO:root:170084,3.0
INFO:root:171653,3.6
INFO:root:173049,3.1
INFO:root:174312,2.6
INFO:root:175875,3.6
INFO:root:177125,2.7
INFO:root:178647,3.2
INFO:root:179967,2.6
INFO:root:181259,2.3
INFO:root:182701,3.1
INFO:root:183895,3.1
INFO:root:184992,2.6
INFO:root:186089,2.3
INFO:root:187431,2.7
INFO:root:188420,2.8
INFO:root:189658,2.7
INFO:root:191227,2.7
INFO:root:192489,2.7
INFO:root:194034,3.7
INFO:root:195578,4.2
INFO:root:197093,3.5
INFO:root:198320,2.4
INFO:root:199903,4.0
INFO:root:201375,3.0
INFO:root:202753,2.9
INFO:root:204018,2.5
INFO:root:205453,2.6
INFO:root:207091,3.9
INFO:root:208386,2.1
INFO:root:209751,2.4
INFO:root:211187,2.3
INFO:root:212598,2.9
INFO:root:214125,3.6
INFO:root:215422,3.4
INFO:root:216896,3.5
INFO:root:218292,3.5
INFO:root:219696,3.8
INFO:root:220923,2.9
INFO:root:222155,2.7
INFO:root:223564,2.5
INFO:root:224935,3.7
INFO:root:226331,2.7
INFO:root:228279,4.7
INFO:root:229950,4.1
INFO:root:231199,2.0
INFO:root:232873,3.5
INFO:root:234137,2.8
INFO:root:235720,3.4
INFO:root:237211,2.9
INFO:root:238685,2.1
INFO:root:240227,3.1
INFO:root:241686,3.6
INFO:root:243113,3.1
INFO:root:244650,3.3
INFO:root:246100,3.3
INFO:root:247614,2.7
INFO:root:248826,2.3
INFO:root:250279,2.9
INFO:root:251968,3.3
INFO:root:253483,3.1
INFO:root:254887,2.8
INFO:root:256330,3.2
INFO:root:258132,3.8
INFO:root:259506,2.7
INFO:root:261167,3.2
INFO:root:262314,2.4
INFO:root:263889,2.4
INFO:root:265345,3.3
INFO:root:266744,3.2
INFO:root:267961,2.7
INFO:root:269210,2.6
INFO:root:270576,3.2
INFO:root:271743,3.0
INFO:root:273296,3.2
INFO:root:274774,4.3
INFO:root:276272,3.3
INFO:root:277328,2.7
INFO:root:278634,2.8
INFO:root:280092,3.1
INFO:root:281368,2.9
INFO:root:282668,2.8
INFO:root:283978,2.5
INFO:root:285477,2.8
INFO:root:286812,2.3
INFO:root:287952,2.0
INFO:root:289285,2.7
INFO:root:290895,2.9
INFO:root:292188,2.5
INFO:root:293674,2.5
INFO:root:294903,2.2
INFO:root:296287,2.7
INFO:root:297777,2.9
INFO:root:299483,4.0
INFO:root:301003,3.4
INFO:root:302302,3.0
INFO:root:303856,3.9
INFO:root:305627,4.4
INFO:root:306983,2.4
INFO:root:308480,3.3
INFO:root:310071,3.1
INFO:root:311186,2.4
INFO:root:312764,3.2
INFO:root:314242,3.2
INFO:root:315438,3.4
INFO:root:316760,3.1
INFO:root:318255,3.6
INFO:root:319618,3.3
INFO:root:321033,3.0
INFO:root:322238,2.3
INFO:root:323671,2.9
INFO:root:325094,2.8
INFO:root:326502,3.5
INFO:root:327738,2.1
INFO:root:328924,2.5
INFO:root:330107,2.7
INFO:root:331537,3.1
INFO:root:333042,3.1
INFO:root:334271,2.1
INFO:root:335529,2.7
INFO:root:336844,3.1
INFO:root:338422,3.1
INFO:root:339956,3.8
INFO:root:341342,3.4
INFO:root:342803,3.0
INFO:root:344172,2.4
INFO:root:345607,3.4
INFO:root:346767,3.2
INFO:root:347949,2.2
INFO:root:349415,3.8
INFO:root:350725,3.0
INFO:root:352260,2.6
INFO:root:353684,3.1
INFO:root:355129,3.1
INFO:root:356756,3.3
INFO:root:357908,2.8
INFO:root:359264,3.3
INFO:root:360674,3.0
INFO:root:361931,2.3
INFO:root:363643,2.8
INFO:root:365241,3.3
INFO:root:366498,1.7
INFO:root:367483,2.2
INFO:root:369093,3.7
INFO:root:370238,1.9
INFO:root:371888,3.7
INFO:root:373238,2.4
INFO:root:374755,4.0
INFO:root:376009,2.4
INFO:root:377279,2.0
INFO:root:378325,2.0
INFO:root:379920,3.2
INFO:root:381293,3.3
INFO:root:382754,3.3
INFO:root:384158,3.2
INFO:root:385358,2.6
INFO:root:386748,3.2
INFO:root:388200,2.4
INFO:root:389255,2.1
INFO:root:390665,3.2
INFO:root:392439,3.8
INFO:root:393764,2.3
INFO:root:395281,2.6
INFO:root:396713,4.0
INFO:root:398063,3.5
INFO:root:399369,2.1
INFO:root:400797,2.7
INFO:root:402110,2.8
INFO:root:403897,4.1
INFO:root:405579,3.6
INFO:root:407097,3.1
INFO:root:408595,3.0
INFO:root:409702,2.3
INFO:root:411298,3.3
INFO:root:412894,3.2
INFO:root:414551,3.6
INFO:root:415862,2.7
INFO:root:417380,2.7
INFO:root:418608,2.9
INFO:root:420041,2.5
INFO:root:421447,3.0
INFO:root:422804,2.9
INFO:root:424249,2.2
INFO:root:425360,3.2
INFO:root:426941,2.7
INFO:root:428161,2.5
INFO:root:429468,2.5
INFO:root:430776,2.8
INFO:root:431970,2.5
INFO:root:433496,2.3
INFO:root:434750,2.5
INFO:root:436092,2.5
INFO:root:437740,3.2
INFO:root:438849,2.5
INFO:root:440143,3.2
INFO:root:441646,3.8
INFO:root:443192,3.2
INFO:root:444452,2.8
INFO:root:445787,3.2
INFO:root:447014,1.8
INFO:root:448440,3.7
INFO:root:449999,3.1
INFO:root:451351,2.5
INFO:root:452877,3.5
INFO:root:454388,3.6
INFO:root:455787,2.5
INFO:root:457245,3.2
INFO:root:458305,2.1
INFO:root:459806,3.6
INFO:root:461343,3.7
INFO:root:462920,3.5
INFO:root:463992,2.1
INFO:root:465531,3.6
INFO:root:467007,2.5
INFO:root:468533,2.7
INFO:root:470237,4.1
INFO:root:471758,4.1
INFO:root:473325,3.1
INFO:root:474626,2.2
INFO:root:476151,3.8
INFO:root:477664,3.3
INFO:root:479066,2.5
INFO:root:480638,2.7
INFO:root:482049,2.7
INFO:root:483429,3.1
INFO:root:484969,3.1
INFO:root:486409,3.1
INFO:root:487987,3.5
INFO:root:489022,2.3
INFO:root:490652,2.9
INFO:root:492145,3.0
INFO:root:493762,2.7
INFO:root:495147,2.3
INFO:root:496386,2.7
INFO:root:497689,2.9
INFO:root:499226,3.2
INFO:root:500536,2.9
INFO:root:502117,3.6
INFO:root:503522,3.5
INFO:root:504546,2.2
INFO:root:505730,1.9
INFO:root:506996,2.9
INFO:root:508441,2.7
INFO:root:509817,3.6
INFO:root:511565,3.8
INFO:root:512845,2.8
INFO:root:514512,3.0
INFO:root:515645,2.2
INFO:root:517328,3.2
INFO:root:518725,2.6
INFO:root:520298,3.0
INFO:root:521518,2.7
INFO:root:522642,2.7
INFO:root:524091,3.3
INFO:root:525475,2.9
INFO:root:526517,2.1
INFO:root:527935,2.5
INFO:root:529219,3.0
INFO:root:530803,3.7
INFO:root:532146,3.6
INFO:root:533614,3.3
INFO:root:534919,2.3
INFO:root:536294,3.2
INFO:root:537608,3.4
INFO:root:539046,2.7
INFO:root:540196,3.3
INFO:root:541260,2.6
INFO:root:542632,3.4
INFO:root:544467,3.9
INFO:root:545971,3.0
INFO:root:547157,2.4
INFO:root:548413,3.3
INFO:root:549781,2.3
INFO:root:551258,3.7
INFO:root:552396,2.5
INFO:root:553609,2.1
INFO:root:555191,3.5
INFO:root:556620,3.5
INFO:root:557880,3.8
INFO:root:559258,3.6
INFO:root:560519,2.9
INFO:root:561919,2.8
INFO:root:563348,2.7
INFO:root:564412,1.9
INFO:root:565830,2.6
INFO:root:567063,2.9
INFO:root:568550,3.7
INFO:root:569886,2.9
INFO:root:571222,2.4
INFO:root:572482,2.7
INFO:root:573505,2.1
INFO:root:574671,2.3
INFO:root:575984,3.5
INFO:root:577130,2.7
INFO:root:578433,3.3
INFO:root:580006,3.8
INFO:root:581336,2.6
INFO:root:582895,3.7
INFO:root:584162,2.5
INFO:root:585549,3.2
INFO:root:587106,2.5
INFO:root:588265,2.3
INFO:root:589680,3.7
INFO:root:590870,2.0
INFO:root:592105,3.1
INFO:root:593710,3.8
INFO:root:595136,3.5
INFO:root:596657,2.5
INFO:root:598319,3.1
INFO:root:599766,3.3
INFO:root:601293,3.7
INFO:root:602828,2.8
INFO:root:603946,2.5
INFO:root:605414,3.7
INFO:root:606755,2.5
INFO:root:607973,2.9
INFO:root:609420,3.2
INFO:root:611100,3.3
INFO:root:612825,3.5
INFO:root:614309,3.1
INFO:root:615694,3.2
INFO:root:617194,3.0
INFO:root:618786,3.2
INFO:root:620289,3.2
INFO:root:621533,2.6
INFO:root:622713,2.5
INFO:root:623955,3.0
INFO:root:625385,3.1
INFO:root:627151,4.7
INFO:root:628678,3.9
INFO:root:630198,2.9
INFO:root:631687,3.3
INFO:root:633220,3.6
INFO:root:634811,3.8
INFO:root:635979,3.3
INFO:root:637560,3.4
INFO:root:639168,2.6
INFO:root:640240,3.4
INFO:root:641489,2.6
INFO:root:642725,2.4
INFO:root:643895,1.8
INFO:root:645477,3.4
INFO:root:646939,2.6
INFO:root:648258,2.7
INFO:root:649619,2.8
INFO:root:651159,4.1
INFO:root:652484,2.8
INFO:root:654119,3.3
INFO:root:655648,3.4
INFO:root:657110,3.8
INFO:root:658579,3.7
INFO:root:660208,3.0
INFO:root:661974,3.9
INFO:root:663106,3.0
INFO:root:664662,3.3
INFO:root:665873,3.0
INFO:root:666919,2.4
INFO:root:668647,3.3
INFO:root:670057,4.0
INFO:root:671708,3.3
INFO:root:672860,2.4
INFO:root:674317,2.7
INFO:root:675710,2.9
INFO:root:677196,3.0
INFO:root:678258,1.9
INFO:root:679829,2.9
INFO:root:681202,3.8
INFO:root:682609,3.1
INFO:root:684178,3.8
INFO:root:685566,2.8
INFO:root:687217,3.2
INFO:root:688548,2.7
INFO:root:689748,2.6
INFO:root:691033,2.4
INFO:root:692463,2.6
INFO:root:693825,2.5
INFO:root:695260,2.9
INFO:root:696608,3.3
INFO:root:698105,3.7
INFO:root:699456,3.1
INFO:root:701004,3.6
INFO:root:702604,3.8
INFO:root:704014,3.0
INFO:root:705326,2.6
INFO:root:706712,3.1
INFO:root:708286,3.3
INFO:root:709746,2.6
INFO:root:711610,3.7
INFO:root:713055,2.4
INFO:root:714668,2.6
INFO:root:716305,3.9
INFO:root:717920,3.8
INFO:root:719338,3.3
INFO:root:720844,2.5
INFO:root:722162,2.5
INFO:root:723726,3.3
INFO:root:724992,2.4
INFO:root:726506,3.2
INFO:root:728164,3.6
INFO:root:729741,3.6
INFO:root:731542,4.3
INFO:root:732816,3.1
INFO:root:734261,3.0
INFO:root:735734,3.7
INFO:root:737215,3.3
INFO:root:738782,3.7
INFO:root:739916,2.1
INFO:root:741036,2.4
INFO:root:742190,2.8
INFO:root:743473,3.0
INFO:root:744807,2.7
INFO:root:746206,2.7
INFO:root:747804,3.3
INFO:root:749448,3.6
INFO:root:750934,3.4
INFO:root:752277,2.5
INFO:root:753803,3.5
INFO:root:755334,3.3
INFO:root:756850,2.8
INFO:root:758192,3.4
INFO:root:759650,3.4
INFO:root:761189,3.2
INFO:root:762707,3.2
INFO:root:764237,3.5
INFO:root:765779,3.5
INFO:root:767204,2.5
INFO:root:768784,3.1
INFO:root:769945,2.5
INFO:root:771258,2.6
INFO:root:773037,3.4
INFO:root:774565,2.4
INFO:root:775909,2.1
INFO:root:777343,2.5
INFO:root:778931,3.6
INFO:root:780319,3.0
INFO:root:781792,3.6
INFO:root:782849,2.8
INFO:root:784403,3.5
INFO:root:786085,3.3
INFO:root:787504,3.7
INFO:root:788924,1.9
INFO:root:790503,3.7
INFO:root:791904,2.9
INFO:root:793696,4.0
INFO:root:795148,3.0
INFO:root:796830,3.9
INFO:root:798250,3.6
INFO:root:799709,4.2
INFO:root:801056,3.3
INFO:root:802574,2.6
INFO:root:804046,3.6
INFO:root:805416,3.0
INFO:root:806921,3.0
INFO:root:808331,3.0
INFO:root:809666,2.1
INFO:root:811232,3.2
INFO:root:812450,2.4
INFO:root:813685,2.3
INFO:root:814919,2.4
INFO:root:816092,2.3
INFO:root:817451,2.5
INFO:root:819116,3.6
INFO:root:820550,3.2
INFO:root:821635,2.4
INFO:root:823072,2.5
INFO:root:824812,4.1
INFO:root:826278,3.0
INFO:root:827854,4.3
INFO:root:829159,1.9
INFO:root:830594,2.6
INFO:root:832061,3.5
INFO:root:834025,4.1
INFO:root:835442,3.1
INFO:root:837069,3.6
INFO:root:838283,2.5
INFO:root:839878,3.9
INFO:root:841176,2.9
INFO:root:842740,3.0
INFO:root:844034,2.9
INFO:root:845476,3.3
INFO:root:846675,2.9
INFO:root:848088,3.1
INFO:root:849213,3.3
INFO:root:850311,2.2
INFO:root:851753,3.4
INFO:root:853324,4.0
INFO:root:854629,2.9
INFO:root:856083,2.9
INFO:root:857437,3.3
INFO:root:858538,2.1
INFO:root:860412,5.1
INFO:root:862083,3.5
INFO:root:863412,3.8
INFO:root:864906,2.9
INFO:root:866493,3.6
INFO:root:868024,4.4
INFO:root:869431,3.5
INFO:root:870808,2.7
INFO:root:871940,2.1
INFO:root:873320,2.7
INFO:root:874970,2.8
INFO:root:876532,3.2
INFO:root:877966,3.3
INFO:root:879142,2.7
INFO:root:880848,3.7
INFO:root:882406,3.2
INFO:root:884055,3.5
INFO:root:885695,2.5
INFO:root:887196,4.7
INFO:root:888546,2.3
INFO:root:890198,3.1
INFO:root:891751,2.6
INFO:root:893046,3.1
INFO:root:894870,3.4
INFO:root:896291,3.0
INFO:root:897593,2.9
INFO:root:899108,3.1
INFO:root:900693,4.0
INFO:root:902442,3.9
INFO:root:904125,4.4
INFO:root:905541,3.3
INFO:root:906972,2.5
INFO:root:908374,2.9
INFO:root:909874,3.4
INFO:root:911584,3.0
INFO:root:912800,2.0
INFO:root:914228,3.4
INFO:root:915889,3.2
INFO:root:917455,3.5
INFO:root:918769,3.0
INFO:root:920154,3.6
INFO:root:921493,2.6
INFO:root:923159,3.5
INFO:root:924856,3.7
INFO:root:926237,2.8
INFO:root:927458,2.4
INFO:root:929224,4.1
INFO:root:930705,3.2
INFO:root:932200,3.0
INFO:root:933756,3.4
INFO:root:934944,3.7
INFO:root:936095,2.1
INFO:root:937527,3.0
INFO:root:938846,2.9
INFO:root:940443,3.3
INFO:root:941710,2.4
INFO:root:943019,3.2
INFO:root:944095,2.5
INFO:root:945486,2.8
INFO:root:946977,3.6
INFO:root:948578,3.2
INFO:root:950250,3.2
INFO:root:951858,3.9
INFO:root:953637,4.5
INFO:root:955077,2.0
INFO:root:956468,3.1
INFO:root:958502,5.2
INFO:root:959683,2.8
INFO:root:961425,3.8
INFO:root:962689,3.8
INFO:root:964227,3.4
INFO:root:965934,3.5
INFO:root:967402,3.5
INFO:root:968716,3.3
INFO:root:970123,2.9
INFO:root:971410,2.4
INFO:root:973084,3.7
INFO:root:974320,2.7
INFO:root:975545,2.4
INFO:root:976701,2.4
INFO:root:978265,4.2
INFO:root:980042,4.1
INFO:root:981589,3.7
INFO:root:982954,2.7
INFO:root:984784,4.3
INFO:root:986163,3.0
INFO:root:987765,3.5
INFO:root:989117,2.8
INFO:root:990474,3.2
INFO:root:991907,3.4
INFO:root:993381,2.7
INFO:root:994801,3.6
INFO:root:996261,2.9
INFO:root:997525,2.2
INFO:root:999010,3.7
