INFO:root:132,0.2
INFO:root:1483,3.3
INFO:root:3172,4.4
INFO:root:4395,3.1
INFO:root:5730,3.1
INFO:root:7119,2.5
INFO:root:8658,3.6
INFO:root:130,0.1
INFO:root:1516,1.9
INFO:root:2636,1.4
INFO:root:3832,1.9
INFO:root:4928,1.8
INFO:root:5804,1.1
INFO:root:6963,1.9
INFO:root:8159,1.4
INFO:root:9484,2.2
INFO:root:10960,2.1
INFO:root:12589,2.2
INFO:root:14075,3.7
INFO:root:15525,2.6
INFO:root:18015,4.2
INFO:root:19419,1.7
INFO:root:21878,4.4
INFO:root:23399,2.1
INFO:root:24873,2.6
INFO:root:26288,2.9
INFO:root:27699,3.1
INFO:root:29460,2.9
INFO:root:31135,3.0
INFO:root:32915,2.6
INFO:root:34536,3.3
INFO:root:36573,3.6
INFO:root:38785,3.6
INFO:root:40469,3.1
INFO:root:42286,2.2
INFO:root:44013,2.6
INFO:root:45412,3.1
INFO:root:47029,3.6
INFO:root:48396,2.9
INFO:root:49862,3.8
INFO:root:51335,2.6
INFO:root:53049,3.6
INFO:root:54680,3.0
INFO:root:56214,2.3
INFO:root:57370,2.8
INFO:root:58525,3.0
INFO:root:60099,2.0
INFO:root:61156,1.6
INFO:root:62697,3.1
INFO:root:64433,3.0
INFO:root:66403,3.4
INFO:root:68141,3.9
INFO:root:69858,3.8
INFO:root:71373,2.5
INFO:root:72902,4.0
INFO:root:74381,3.5
INFO:root:75709,2.7
INFO:root:77328,3.1
INFO:root:78792,2.2
INFO:root:79726,2.0
INFO:root:81339,3.7
INFO:root:82923,3.5
INFO:root:84766,4.8
INFO:root:86305,3.0
INFO:root:87680,2.6
INFO:root:89629,4.6
INFO:root:91495,4.1
INFO:root:93235,4.3
INFO:root:94789,3.4
INFO:root:96698,3.9
INFO:root:98565,4.3
INFO:root:100426,3.6
INFO:root:101935,3.8
INFO:root:103351,2.9
INFO:root:104593,3.1
INFO:root:107153,5.7
INFO:root:109015,3.5
INFO:root:110551,3.2
INFO:root:112294,3.8
INFO:root:113679,3.6
INFO:root:115417,3.5
INFO:root:116973,3.1
INFO:root:118764,2.8
INFO:root:120383,3.3
INFO:root:121973,3.0
INFO:root:123285,2.1
INFO:root:124709,3.3
INFO:root:126671,3.7
INFO:root:128022,2.2
INFO:root:129953,3.8
INFO:root:131416,3.5
INFO:root:133024,2.8
INFO:root:134592,4.0
INFO:root:135967,3.1
INFO:root:137695,4.5
INFO:root:139239,2.7
INFO:root:140822,2.8
INFO:root:141895,2.0
INFO:root:143020,2.9
INFO:root:144816,2.8
INFO:root:146868,5.1
INFO:root:148426,3.1
INFO:root:150002,3.6
INFO:root:151732,3.1
INFO:root:153449,3.8
INFO:root:155008,2.8
INFO:root:156878,3.6
INFO:root:158288,2.8
INFO:root:160334,4.1
INFO:root:161976,2.3
INFO:root:164074,4.3
INFO:root:165674,4.6
INFO:root:167537,3.8
INFO:root:169045,3.6
INFO:root:170812,4.0
INFO:root:172251,2.7
INFO:root:173954,4.8
INFO:root:176439,4.4
INFO:root:178289,3.6
INFO:root:180033,3.7
INFO:root:181866,3.9
INFO:root:183152,2.6
INFO:root:185180,4.1
INFO:root:186733,4.0
INFO:root:188372,3.8
INFO:root:190147,4.4
INFO:root:191887,3.4
INFO:root:194085,4.8
INFO:root:196067,4.2
INFO:root:198051,4.4
INFO:root:200357,4.0
INFO:root:201992,3.4
INFO:root:203477,2.6
INFO:root:205013,3.0
INFO:root:206569,3.0
INFO:root:208172,4.1
INFO:root:209871,3.8
INFO:root:211332,4.4
INFO:root:213032,3.5
INFO:root:214915,4.1
INFO:root:216525,3.7
INFO:root:218652,3.6
INFO:root:219882,2.6
INFO:root:221627,3.7
INFO:root:223497,3.5
INFO:root:225224,4.2
INFO:root:226827,2.5
INFO:root:228377,3.3
INFO:root:229997,3.2
INFO:root:232384,4.7
INFO:root:234521,3.1
INFO:root:236803,4.5
INFO:root:238299,3.4
INFO:root:240009,4.2
INFO:root:241474,2.6
INFO:root:243509,4.0
INFO:root:245096,4.8
INFO:root:247116,5.0
INFO:root:249191,4.4
INFO:root:251215,3.4
INFO:root:252884,3.3
INFO:root:254890,3.8
INFO:root:257187,4.6
INFO:root:258752,3.6
INFO:root:260380,2.7
INFO:root:262458,3.8
INFO:root:264363,3.1
INFO:root:265877,3.3
INFO:root:267425,2.9
INFO:root:269112,3.5
INFO:root:270819,3.8
INFO:root:272551,2.8
INFO:root:274367,2.5
INFO:root:276303,2.9
INFO:root:278391,3.4
INFO:root:280178,3.3
INFO:root:282674,3.7
INFO:root:284391,4.2
INFO:root:286208,3.4
INFO:root:288113,4.2
INFO:root:290149,4.0
INFO:root:292070,3.9
INFO:root:293878,5.2
INFO:root:295953,4.2
INFO:root:298019,4.6
INFO:root:299439,3.2
INFO:root:300719,2.3
INFO:root:302416,2.4
INFO:root:303689,2.9
INFO:root:305602,3.6
INFO:root:307122,3.1
INFO:root:309175,3.5
INFO:root:311235,2.4
INFO:root:312875,2.5
INFO:root:314617,3.5
INFO:root:316536,4.4
INFO:root:318506,4.1
INFO:root:320105,3.7
INFO:root:321781,2.7
INFO:root:323403,3.9
INFO:root:324755,4.0
INFO:root:326450,3.4
INFO:root:328491,4.4
INFO:root:330273,4.6
INFO:root:331969,3.6
INFO:root:333739,4.6
INFO:root:335504,4.2
INFO:root:337514,3.8
INFO:root:339378,4.3
INFO:root:340736,2.8
INFO:root:342462,4.3
INFO:root:344363,3.3
INFO:root:345950,4.0
INFO:root:347587,3.5
INFO:root:349405,2.6
INFO:root:351656,4.3
INFO:root:354028,3.3
INFO:root:356021,2.9
INFO:root:357458,3.6
INFO:root:359395,3.8
INFO:root:361897,5.8
INFO:root:364089,4.6
INFO:root:365745,3.7
INFO:root:367937,5.2
INFO:root:369525,4.6
INFO:root:370978,2.7
INFO:root:373434,5.5
INFO:root:375212,4.2
INFO:root:377618,5.4
INFO:root:379255,4.0
INFO:root:380534,3.3
INFO:root:382935,4.7
INFO:root:384638,4.6
INFO:root:386500,4.4
INFO:root:388778,5.1
INFO:root:391182,4.7
INFO:root:393180,3.4
INFO:root:395702,5.6
INFO:root:398000,4.5
INFO:root:399728,3.0
INFO:root:402198,6.0
INFO:root:404042,3.8
INFO:root:405870,4.2
INFO:root:408040,5.2
INFO:root:410223,4.2
INFO:root:412000,3.8
INFO:root:414170,4.8
INFO:root:416182,4.0
INFO:root:418342,4.5
INFO:root:420030,4.3
INFO:root:422183,4.4
INFO:root:423834,3.7
INFO:root:426421,6.1
INFO:root:428688,4.7
INFO:root:431022,5.2
INFO:root:433280,5.3
INFO:root:434524,2.1
INFO:root:436728,5.1
INFO:root:438639,3.5
INFO:root:440439,3.5
INFO:root:443211,5.3
INFO:root:445104,4.0
INFO:root:447385,5.2
INFO:root:449412,4.5
INFO:root:451493,4.1
INFO:root:453746,4.4
INFO:root:455791,4.6
INFO:root:457387,3.5
INFO:root:459458,3.2
INFO:root:462698,5.4
INFO:root:464182,2.2
INFO:root:465848,3.8
INFO:root:467963,4.6
INFO:root:470034,6.3
INFO:root:471805,4.0
INFO:root:473492,4.1
INFO:root:474968,3.4
INFO:root:476790,3.3
INFO:root:479309,4.9
INFO:root:481863,5.1
INFO:root:483963,4.3
INFO:root:485797,2.9
INFO:root:487911,4.1
INFO:root:489393,2.5
INFO:root:491162,3.4
INFO:root:492964,3.5
INFO:root:495366,5.0
INFO:root:497189,3.5
INFO:root:499278,4.9
INFO:root:500735,4.7
INFO:root:502243,3.3
INFO:root:503774,3.9
INFO:root:505772,4.4
INFO:root:507607,3.3
INFO:root:509342,4.2
INFO:root:511883,5.4
INFO:root:513625,3.5
INFO:root:516432,5.3
INFO:root:518624,4.5
INFO:root:520784,4.8
INFO:root:523353,5.0
INFO:root:524687,2.7
INFO:root:527054,4.1
INFO:root:528951,4.7
INFO:root:531736,6.4
INFO:root:533932,5.2
INFO:root:536744,6.2
INFO:root:539425,6.5
INFO:root:542062,5.6
INFO:root:544232,4.8
INFO:root:546477,4.1
INFO:root:548893,4.6
INFO:root:551600,5.6
INFO:root:554808,6.6
INFO:root:556775,4.8
INFO:root:559155,4.3
INFO:root:561610,4.7
INFO:root:563532,4.5
INFO:root:565481,4.3
INFO:root:567004,4.1
INFO:root:569752,6.0
INFO:root:572123,4.5
INFO:root:574478,4.4
INFO:root:576541,4.4
INFO:root:579057,5.5
INFO:root:581393,5.1
INFO:root:583194,4.7
INFO:root:584702,3.2
INFO:root:586921,6.0
INFO:root:589066,4.2
INFO:root:591708,5.1
INFO:root:593621,4.5
INFO:root:596292,5.8
INFO:root:598397,5.2
INFO:root:599739,3.5
INFO:root:601599,5.5
INFO:root:604032,3.9
INFO:root:605678,3.0
INFO:root:607443,4.6
INFO:root:609856,5.5
INFO:root:612259,5.7
INFO:root:613765,4.7
INFO:root:615989,5.4
INFO:root:618191,4.8
INFO:root:620218,5.5
INFO:root:622335,5.1
INFO:root:624571,4.5
INFO:root:626134,2.7
INFO:root:628150,2.5
INFO:root:630057,3.1
INFO:root:632480,3.9
INFO:root:634520,5.7
INFO:root:637673,6.6
INFO:root:639570,4.4
INFO:root:642155,5.7
INFO:root:644384,4.9
INFO:root:646582,5.4
INFO:root:648408,4.8
INFO:root:650739,5.4
INFO:root:652827,5.0
INFO:root:655180,6.4
INFO:root:657024,4.4
INFO:root:658858,5.3
INFO:root:660435,3.5
INFO:root:662169,4.7
INFO:root:664261,5.5
INFO:root:666248,6.2
INFO:root:668504,6.0
INFO:root:670336,4.2
INFO:root:671870,4.7
INFO:root:673918,4.8
INFO:root:675984,5.1
INFO:root:677826,4.2
INFO:root:679809,3.1
INFO:root:682257,6.8
INFO:root:684183,4.6
INFO:root:686071,4.8
INFO:root:688197,5.9
INFO:root:690187,4.8
INFO:root:692782,6.7
INFO:root:694813,4.9
INFO:root:697325,7.0
INFO:root:699603,6.9
INFO:root:701419,4.2
INFO:root:703271,4.3
INFO:root:705096,5.3
INFO:root:707415,5.3
INFO:root:709084,4.3
INFO:root:711672,6.2
INFO:root:714997,7.8
INFO:root:716762,4.4
INFO:root:719200,5.3
INFO:root:720969,5.3
INFO:root:723585,6.5
INFO:root:725355,5.5
INFO:root:727129,5.0
INFO:root:730047,6.4
INFO:root:731670,2.8
INFO:root:733802,4.8
INFO:root:736210,5.1
INFO:root:738379,4.4
INFO:root:740746,5.1
INFO:root:743714,6.0
INFO:root:746391,6.3
INFO:root:749421,6.6
INFO:root:752433,4.9
INFO:root:754639,4.3
INFO:root:756829,6.2
INFO:root:758740,3.9
INFO:root:760566,3.8
INFO:root:763227,5.0
INFO:root:767112,6.1
INFO:root:770199,5.3
INFO:root:772011,4.6
INFO:root:773878,3.4
INFO:root:776275,5.8
INFO:root:777921,5.2
INFO:root:779909,4.0
INFO:root:782623,5.4
INFO:root:785159,5.1
INFO:root:786899,4.7
INFO:root:789545,6.8
INFO:root:791314,4.3
INFO:root:793125,5.0
INFO:root:795645,4.8
INFO:root:798968,7.9
INFO:root:801147,4.9
INFO:root:804041,4.4
INFO:root:805627,4.1
INFO:root:808085,4.2
INFO:root:810333,5.5
INFO:root:812047,5.2
INFO:root:814082,6.0
INFO:root:816470,5.7
INFO:root:818360,3.7
INFO:root:820192,5.2
INFO:root:821355,3.4
INFO:root:822731,3.8
INFO:root:825024,5.7
INFO:root:827022,5.0
INFO:root:829115,5.4
INFO:root:830930,3.6
INFO:root:833273,4.7
INFO:root:835287,3.8
INFO:root:836960,4.3
INFO:root:838655,3.7
INFO:root:840633,5.8
INFO:root:842247,4.8
INFO:root:843838,2.3
INFO:root:846082,5.4
INFO:root:847385,3.3
INFO:root:849267,4.7
INFO:root:851269,3.3
INFO:root:852913,4.1
INFO:root:854376,2.9
INFO:root:856638,4.9
INFO:root:858841,4.6
INFO:root:860486,4.2
INFO:root:862599,5.6
INFO:root:866648,5.4
INFO:root:868559,3.9
INFO:root:870866,5.7
INFO:root:872867,4.9
INFO:root:876429,5.4
INFO:root:878315,4.2
INFO:root:880206,5.1
INFO:root:881868,3.4
INFO:root:884291,5.5
INFO:root:886120,5.5
INFO:root:888305,5.1
INFO:root:890925,6.6
INFO:root:892961,5.1
INFO:root:894836,5.0
INFO:root:896425,4.1
INFO:root:897855,3.5
INFO:root:901216,6.7
INFO:root:903604,6.3
INFO:root:906233,6.6
INFO:root:908623,4.8
INFO:root:911786,6.9
INFO:root:914786,7.4
INFO:root:916801,5.8
INFO:root:919230,5.7
INFO:root:921702,5.8
INFO:root:923689,4.6
INFO:root:925723,4.4
INFO:root:927813,5.3
INFO:root:929986,5.4
INFO:root:931920,4.8
INFO:root:934569,6.4
INFO:root:937884,7.4
INFO:root:940100,4.9
INFO:root:942570,6.0
INFO:root:945221,6.2
INFO:root:947888,6.7
INFO:root:950071,5.0
INFO:root:952205,5.4
INFO:root:953821,4.2
INFO:root:955872,5.8
INFO:root:958741,6.1
INFO:root:960943,4.9
INFO:root:963575,5.8
INFO:root:966624,6.1
INFO:root:968808,5.7
INFO:root:971313,4.7
INFO:root:973616,5.1
INFO:root:976017,6.1
INFO:root:977734,4.7
INFO:root:979359,4.8
INFO:root:982322,7.1
INFO:root:984204,6.2
INFO:root:985789,4.1
INFO:root:988370,5.9
INFO:root:990957,7.0
INFO:root:993204,6.5
INFO:root:995261,5.5
INFO:root:997718,6.6
INFO:root:1000085,5.9
