INFO:root:8000,0
INFO:root:16000,815.3602416992187
INFO:root:24000,1114.6707336425782
INFO:root:32000,1189.4709716796874
INFO:root:40000,1221.6210998535157
INFO:root:48000,1224.9112121582032
INFO:root:56000,1495.0514099121094
INFO:root:64000,1899.901416015625
INFO:root:72000,1927.8517700195312
INFO:root:80000,1945.1820556640625
INFO:root:88000,1848.2426879882812
INFO:root:96000,1927.7819946289062
INFO:root:104000,2385.0533813476563
INFO:root:112000,2444.815222167969
INFO:root:120000,2026.6410888671876
INFO:root:128000,1989.41826171875
INFO:root:136000,1781.6802124023438
INFO:root:144000,2315.0092895507814
INFO:root:152000,2342.632421875
INFO:root:160000,1705.8326782226563
INFO:root:168000,1878.4317260742187
INFO:root:176000,2062.148486328125
INFO:root:184000,2437.7281127929687
INFO:root:192000,2312.4586547851563
INFO:root:200000,2210.749377441406
INFO:root:208000,2376.828479003906
INFO:root:216000,2044.6491943359374
INFO:root:224000,2347.4399291992186
INFO:root:232000,2118.950897216797
INFO:root:240000,2316.45595703125
INFO:root:248000,2575.693322753906
INFO:root:256000,1595.4696899414062
INFO:root:264000,1642.5094604492188
INFO:root:272000,2126.4289794921874
INFO:root:280000,2520.97109375
INFO:root:288000,2415.5078002929686
INFO:root:296000,2076.7263061523436
INFO:root:304000,2289.475378417969
INFO:root:312000,2494.8857299804686
INFO:root:320000,2106.195446777344
INFO:root:328000,1935.4517700195313
INFO:root:336000,1823.3752075195312
INFO:root:344000,2503.4120361328123
INFO:root:352000,2812.4728515625
INFO:root:360000,1715.9306640625
INFO:root:368000,1635.6377807617187
INFO:root:376000,1493.4584350585938
INFO:root:384000,1838.1891723632812
INFO:root:392000,1856.1539916992188
INFO:root:400000,1712.3214782714845
INFO:root:408000,1789.9683898925782
INFO:root:416000,2301.735888671875
INFO:root:424000,1944.8058776855469
INFO:root:432000,2419.348352050781
INFO:root:440000,2475.5905151367188
INFO:root:448000,2148.941442871094
INFO:root:456000,2031.50791015625
INFO:root:464000,2255.635705566406
INFO:root:472000,2591.5680908203126
INFO:root:480000,1995.0905029296875
INFO:root:488000,1672.05029296875
INFO:root:496000,2638.0191650390625
INFO:root:504000,2936.999792480469
INFO:root:512000,2446.8439086914063
INFO:root:520000,1904.6906616210938
INFO:root:528000,1869.0096740722656
INFO:root:536000,1444.1498962402343
INFO:root:544000,2205.900280761719
INFO:root:552000,1847.0321899414062
INFO:root:560000,2099.723425292969
INFO:root:568000,2502.9295166015627
INFO:root:576000,2568.799206542969
INFO:root:584000,1800.3123901367187
INFO:root:592000,2380.3300537109376
INFO:root:600000,2515.0472900390623
INFO:root:608000,2313.4625
INFO:root:616000,1747.7859680175782
INFO:root:624000,1746.6798889160157
INFO:root:632000,1823.08037109375
INFO:root:640000,1596.0807495117188
INFO:root:648000,1704.8012756347657
INFO:root:656000,1881.8619323730468
INFO:root:664000,1770.453594970703
INFO:root:672000,2318.3565307617187
INFO:root:680000,2404.8550659179687
INFO:root:688000,2079.1303833007814
INFO:root:696000,1973.9579223632813
INFO:root:704000,2187.2983642578124
INFO:root:712000,2556.9634765625
INFO:root:720000,2795.7121459960936
INFO:root:728000,2460.954870605469
INFO:root:736000,2477.314892578125
INFO:root:744000,1911.861669921875
INFO:root:752000,1979.0709289550782
INFO:root:760000,1873.7588134765624
INFO:root:768000,2028.210693359375
INFO:root:776000,2216.7073364257812
INFO:root:784000,2760.5818115234374
INFO:root:792000,2394.978137207031
INFO:root:800000,1904.0916137695312
INFO:root:808000,1934.8903686523438
INFO:root:816000,2325.9472778320314
INFO:root:824000,2085.5795776367186
INFO:root:832000,2116.4296997070314
INFO:root:840000,2181.782092285156
INFO:root:848000,2454.6463012695312
INFO:root:856000,2142.935498046875
INFO:root:864000,1944.8131469726563
INFO:root:872000,2065.87841796875
INFO:root:880000,2333.7830810546875
INFO:root:888000,2276.136999511719
INFO:root:896000,2104.870739746094
INFO:root:904000,2101.5277465820313
INFO:root:912000,1995.4448852539062
INFO:root:920000,2241.6366455078123
INFO:root:928000,2353.713098144531
INFO:root:936000,2256.334033203125
INFO:root:944000,2118.3744689941404
INFO:root:952000,2085.8063781738283
INFO:root:960000,2070.398327636719
INFO:root:968000,2009.60771484375
INFO:root:976000,2305.776416015625
INFO:root:984000,2263.2225708007813
INFO:root:992000,2040.45859375
INFO:root:1000000,2256.5061645507812
INFO:root:1008000,2110.9685302734374
INFO:root:1016000,1577.3423706054687
INFO:root:1024000,1780.322314453125
INFO:root:1032000,1892.3215087890626
INFO:root:1040000,1943.2101928710938
INFO:root:1048000,1722.2406005859375
INFO:root:1056000,1597.2204162597657
INFO:root:1064000,1687.450262451172
INFO:root:1072000,2613.883898925781
INFO:root:1080000,2401.333447265625
INFO:root:1088000,2069.2166137695312
INFO:root:1096000,2048.476110839844
INFO:root:1104000,2426.73642578125
INFO:root:1112000,2636.773815917969
INFO:root:1120000,2142.5099853515626
INFO:root:1128000,2568.551104736328
INFO:root:1136000,2496.114782714844
INFO:root:1144000,2312.4070739746094
INFO:root:1152000,1601.78173828125
INFO:root:1160000,1670.21552734375
INFO:root:1168000,2148.593310546875
INFO:root:1176000,2274.757849121094
INFO:root:1184000,2137.0314331054688
INFO:root:1192000,2391.866174316406
INFO:root:1200000,1828.9515808105468
INFO:root:1208000,2274.745886230469
INFO:root:1216000,2265.939013671875
INFO:root:1224000,2538.0856689453126
INFO:root:1232000,2414.3791381835936
INFO:root:1240000,2004.4899780273438
INFO:root:1248000,1927.2513061523437
INFO:root:1256000,2145.205432128906
INFO:root:1264000,2051.184777832031
INFO:root:1272000,1606.5169494628906
INFO:root:1280000,1673.8070983886719
INFO:root:1288000,1596.110821533203
INFO:root:1296000,1889.1711791992188
INFO:root:1304000,1994.089892578125
INFO:root:1312000,2265.709826660156
INFO:root:1320000,2281.6067504882812
INFO:root:1328000,2398.5010009765624
INFO:root:1336000,2069.965283203125
INFO:root:1344000,1796.9109497070312
INFO:root:1352000,2205.2278686523437
INFO:root:1360000,2089.3055786132813
INFO:root:1368000,2197.5802978515626
INFO:root:1376000,2409.069445800781
INFO:root:1384000,2283.4854736328125
INFO:root:1392000,2128.7896057128905
INFO:root:1400000,2097.425244140625
INFO:root:1408000,2135.8651489257813
INFO:root:1416000,2328.193994140625
INFO:root:1424000,2090.0544555664064
INFO:root:1432000,2018.6563293457032
INFO:root:1440000,1622.6105895996093
INFO:root:1448000,2238.1792602539062
INFO:root:1456000,1777.13828125
INFO:root:1464000,1573.2975341796875
INFO:root:1472000,1741.9098022460937
INFO:root:1480000,1979.2200805664063
INFO:root:1488000,1983.300537109375
INFO:root:1496000,2049.4458251953124
INFO:root:1504000,2347.22421875
INFO:root:1512000,1870.7413757324218
INFO:root:1520000,1611.500799560547
INFO:root:1528000,1814.3900817871095
INFO:root:1536000,2022.1952392578125
INFO:root:1544000,1535.4605590820313
INFO:root:1552000,1375.5997436523437
INFO:root:1560000,1885.3335021972657
INFO:root:1568000,1954.5620849609375
INFO:root:1576000,1969.5677429199218
INFO:root:1584000,2294.8129638671876
INFO:root:1592000,1896.3868530273437
INFO:root:1600000,1720.5611328125
INFO:root:1608000,1802.8809326171875
INFO:root:1616000,1818.2823486328125
INFO:root:1624000,2890.1805419921875
INFO:root:1632000,2459.2079956054686
INFO:root:1640000,1898.7205688476563
INFO:root:1648000,1997.0332275390624
INFO:root:1656000,1984.2814086914063
INFO:root:1664000,2256.339141845703
INFO:root:1672000,2249.0772033691405
INFO:root:1680000,1897.0704650878906
INFO:root:1688000,2128.3471801757814
INFO:root:1696000,1838.8115966796875
INFO:root:1704000,1948.9565185546876
INFO:root:1712000,1888.4875122070312
INFO:root:1720000,1910.2117431640625
INFO:root:1728000,1996.4719604492188
INFO:root:1736000,2328.475537109375
INFO:root:1744000,2333.1160400390627
INFO:root:1752000,2221.436975097656
INFO:root:1760000,1939.409356689453
INFO:root:1768000,1933.6191284179688
INFO:root:1776000,1909.4416870117188
INFO:root:1784000,1911.7177001953125
INFO:root:1792000,2036.6100280761718
INFO:root:1800000,2207.78681640625
INFO:root:1808000,2088.5943115234377
INFO:root:1816000,2063.656774902344
INFO:root:1824000,2046.0389709472656
INFO:root:1832000,2365.557666015625
INFO:root:1840000,2686.3436767578123
INFO:root:1848000,2182.3696166992186
INFO:root:1856000,1977.0636962890626
INFO:root:1864000,2438.3474731445312
INFO:root:1872000,2040.5695678710938
INFO:root:1880000,2190.259729003906
INFO:root:1888000,1961.2998779296875
INFO:root:1896000,2190.8199096679687
INFO:root:1904000,2345.8470458984375
INFO:root:1912000,2721.340576171875
INFO:root:1920000,2700.6430419921876
INFO:root:1928000,1909.2806396484375
INFO:root:1936000,2239.1868286132812
INFO:root:1944000,2217.3181884765627
INFO:root:1952000,2269.010876464844
INFO:root:1960000,1691.962139892578
INFO:root:1968000,2031.520196533203
INFO:root:1976000,2112.1885681152344
INFO:root:1984000,2393.098193359375
INFO:root:1992000,2204.64951171875
INFO:root:2000000,1925.4125244140625
INFO:root:2008000,2450.3473388671873
INFO:root:2016000,2079.907824707031
INFO:root:2024000,2234.8261596679686
INFO:root:2032000,1779.790087890625
INFO:root:2040000,1706.589990234375
INFO:root:2048000,1819.1802612304687
INFO:root:2056000,1819.1802612304687
INFO:root:2064000,1920.3125610351562
INFO:root:2072000,2728.554309082031
INFO:root:2080000,2137.430712890625
INFO:root:2088000,2007.280938720703
INFO:root:2096000,2654.7495300292967
INFO:root:2104000,2471.5422180175783
INFO:root:2112000,2300.680529785156
INFO:root:2120000,2031.7011352539062
INFO:root:2128000,2598.6736083984374
INFO:root:2136000,2029.5804443359375
INFO:root:2144000,1664.1004577636718
INFO:root:2152000,2265.755126953125
INFO:root:2160000,2203.6804321289064
INFO:root:2168000,1828.6172607421875
INFO:root:2176000,2362.8152099609374
INFO:root:2184000,2388.051123046875
INFO:root:2192000,1871.0710571289062
INFO:root:2200000,2102.110693359375
INFO:root:2208000,2409.717822265625
INFO:root:2216000,2181.0587646484373
INFO:root:2224000,1761.5321411132813
INFO:root:2232000,1876.3992065429688
INFO:root:2240000,2166.4355712890624
INFO:root:2248000,2360.9243896484377
INFO:root:2256000,2546.439697265625
INFO:root:2264000,2337.109484863281
INFO:root:2272000,1818.4120849609376
INFO:root:2280000,1862.8909057617188
INFO:root:2288000,2473.504675292969
INFO:root:2296000,2513.795031738281
INFO:root:2304000,2325.3015869140627
INFO:root:2312000,2479.07744140625
INFO:root:2320000,1668.9423706054688
INFO:root:2328000,2394.039685058594
INFO:root:2336000,2212.7491088867187
INFO:root:2344000,2368.925427246094
INFO:root:2352000,2170.0478515625
INFO:root:2360000,2143.03974609375
INFO:root:2368000,2064.239434814453
INFO:root:2376000,2216.8385498046873
INFO:root:2384000,2250.068212890625
INFO:root:2392000,2477.2170532226564
INFO:root:2400000,2100.1284423828124
INFO:root:2408000,1903.4814331054688
INFO:root:2416000,2345.9064697265626
INFO:root:2424000,2185.9073974609373
INFO:root:2432000,1789.3697021484375
INFO:root:2440000,1976.9172607421874
INFO:root:2448000,2197.9774780273438
INFO:root:2456000,1854.5707763671876
INFO:root:2464000,1906.9412475585937
INFO:root:2472000,1621.4720092773437
INFO:root:2480000,1817.44296875
INFO:root:2488000,2557.9029907226563
INFO:root:2496000,2521.490283203125
INFO:root:2504000,1811.0362182617187
INFO:root:2512000,2265.4564819335938
INFO:root:2520000,2240.9802001953126
INFO:root:2528000,1832.2018676757812
INFO:root:2536000,1951.0822143554688
INFO:root:2544000,2011.272265625
INFO:root:2552000,2280.1666748046873
INFO:root:2560000,2183.066815185547
INFO:root:2568000,1951.1893310546875
INFO:root:2576000,1909.7276550292968
INFO:root:2584000,2012.8021606445313
INFO:root:2592000,2060.3657104492186
INFO:root:2600000,2167.2369750976563
INFO:root:2608000,1714.80048828125
INFO:root:2616000,2100.6156372070313
INFO:root:2624000,2626.3798950195314
INFO:root:2632000,2147.140771484375
INFO:root:2640000,1972.02109375
INFO:root:2648000,1378.7814208984375
INFO:root:2656000,2610.5047607421875
INFO:root:2664000,2194.199578857422
INFO:root:2672000,1694.3694396972655
INFO:root:2680000,2060.10947265625
INFO:root:2688000,2011.13095703125
INFO:root:2696000,1758.540283203125
INFO:root:2704000,2553.814343261719
INFO:root:2712000,2212.793182373047
INFO:root:2720000,2055.241290283203
INFO:root:2728000,2495.806994628906
INFO:root:2736000,1897.1282592773437
INFO:root:2744000,1877.13203125
INFO:root:2752000,2415.3771728515626
INFO:root:2760000,2181.0616088867187
INFO:root:2768000,2198.7833618164063
INFO:root:2776000,2365.8746337890625
INFO:root:2784000,2446.3052490234377
INFO:root:2792000,2539.01455078125
INFO:root:2800000,2551.744421386719
INFO:root:2808000,2123.5361572265624
INFO:root:2816000,2302.347705078125
INFO:root:2824000,2351.4212158203127
INFO:root:2832000,2385.4077026367186
INFO:root:2840000,1885.6573608398437
INFO:root:2848000,2073.6792602539062
INFO:root:2856000,2112.119140625
INFO:root:2864000,2263.506787109375
INFO:root:2872000,2523.060754394531
INFO:root:2880000,2546.339013671875
INFO:root:2888000,2220.456201171875
INFO:root:2896000,2195.7874389648437
INFO:root:2904000,2160.240576171875
INFO:root:2912000,2189.0092956542967
INFO:root:2920000,2287.5413330078127
INFO:root:2928000,1827.3919067382812
INFO:root:2936000,1900.5582641601563
INFO:root:2944000,2235.8146240234373
INFO:root:2952000,1841.3374145507812
INFO:root:2960000,2073.2975463867188
INFO:root:2968000,2114.7779541015625
INFO:root:2976000,2000.8200073242188
INFO:root:2984000,2061.9801025390625
INFO:root:2992000,2574.800085449219
INFO:root:3000000,1912.9420288085937
INFO:root:3008000,1689.6097534179687
INFO:root:3016000,1873.2894165039063
INFO:root:3024000,2139.399694824219
INFO:root:3032000,2045.5891967773437
INFO:root:3040000,2185.257861328125
INFO:root:3048000,2442.05576171875
INFO:root:3056000,2512.641650390625
INFO:root:3064000,2489.544470214844
INFO:root:3072000,2127.3889404296874
INFO:root:3080000,2366.5607788085936
INFO:root:3088000,2097.1001586914062
INFO:root:3096000,2344.1287109375
INFO:root:3104000,2352.4179565429686
INFO:root:3112000,2016.1404418945312
INFO:root:3120000,1929.3087524414063
INFO:root:3128000,2813.490856933594
INFO:root:3136000,2794.046826171875
INFO:root:3144000,2374.8483825683593
INFO:root:3152000,2061.1984008789063
INFO:root:3160000,2043.4000610351563
INFO:root:3168000,2135.779327392578
INFO:root:3176000,1829.5709045410156
INFO:root:3184000,2315.1980224609374
INFO:root:3192000,2237.2516967773436
INFO:root:3200000,1937.36171875
INFO:root:3208000,2061.7368408203124
INFO:root:3216000,2207.78779296875
INFO:root:3224000,2200.757275390625
INFO:root:3232000,2721.684704589844
INFO:root:3240000,2272.9997436523436
INFO:root:3248000,1988.4526489257812
INFO:root:3256000,2446.267614746094
INFO:root:3264000,1935.121142578125
INFO:root:3272000,1719.170587158203
INFO:root:3280000,1669.9974304199218
INFO:root:3288000,2151.7163696289062
INFO:root:3296000,2881.400500488281
INFO:root:3304000,2171.3333740234375
INFO:root:3312000,2477.26943359375
INFO:root:3320000,1794.7897033691406
INFO:root:3328000,2592.591833496094
INFO:root:3336000,2127.8095458984376
INFO:root:3344000,2038.6718627929688
INFO:root:3352000,1735.1113525390624
INFO:root:3360000,2684.4706787109376
INFO:root:3368000,2495.2831787109376
INFO:root:3376000,2065.879772949219
INFO:root:3384000,2585.1921264648436
INFO:root:3392000,1954.0986572265624
INFO:root:3400000,1963.5502319335938
INFO:root:3408000,2200.727197265625
INFO:root:3416000,2260.3084716796875
INFO:root:3424000,2378.688543701172
INFO:root:3432000,2666.9439453125
INFO:root:3440000,2042.1636535644532
INFO:root:3448000,2484.9083557128906
INFO:root:3456000,2598.1047424316407
INFO:root:3464000,2393.415246582031
INFO:root:3472000,1971.840869140625
INFO:root:3480000,2068.6009765625
INFO:root:3488000,2146.27802734375
INFO:root:3496000,2553.5241943359374
INFO:root:3504000,2436.303369140625
INFO:root:3512000,2185.7156372070312
INFO:root:3520000,1830.0273559570312
INFO:root:3528000,2779.8471923828124
INFO:root:3536000,2887.704931640625
INFO:root:3544000,2389.8360107421877
INFO:root:3552000,2404.128454589844
INFO:root:3560000,2486.5161987304687
INFO:root:3568000,2124.9574951171876
INFO:root:3576000,2390.0748046875
INFO:root:3584000,2419.9240966796874
INFO:root:3592000,2449.1179321289064
INFO:root:3600000,2439.3091430664062
INFO:root:3608000,2260.477197265625
INFO:root:3616000,1733.2180114746093
INFO:root:3624000,1734.2580017089845
INFO:root:3632000,1981.1782104492188
INFO:root:3640000,2386.7369750976563
INFO:root:3648000,2781.1131225585937
INFO:root:3656000,2917.872314453125
INFO:root:3664000,2237.348193359375
INFO:root:3672000,2270.9896728515623
INFO:root:3680000,2414.2018920898436
INFO:root:3688000,2272.32421875
INFO:root:3696000,2352.5314331054688
INFO:root:3704000,2531.5746826171876
INFO:root:3712000,2000.6269653320312
INFO:root:3720000,2181.938342285156
INFO:root:3728000,2012.5797241210937
INFO:root:3736000,1856.5718383789062
INFO:root:3744000,1774.00146484375
INFO:root:3752000,1760.6120361328126
INFO:root:3760000,1927.1617309570313
INFO:root:3768000,2269.0619506835938
INFO:root:3776000,2221.310693359375
INFO:root:3784000,2147.9269287109373
INFO:root:3792000,2250.665869140625
INFO:root:3800000,2420.1719970703125
INFO:root:3808000,2348.914416503906
INFO:root:3816000,2274.641003417969
INFO:root:3824000,2254.6794189453126
INFO:root:3832000,2328.4155029296876
INFO:root:3840000,1828.478857421875
INFO:root:3848000,2280.740283203125
INFO:root:3856000,2494.796594238281
INFO:root:3864000,2473.638464355469
INFO:root:3872000,2263.6594482421874
INFO:root:3880000,2323.6148071289062
INFO:root:3888000,2660.009631347656
INFO:root:3896000,2776.9475952148437
INFO:root:3904000,2691.431115722656
INFO:root:3912000,2581.4236450195312
INFO:root:3920000,2297.5599609375
INFO:root:3928000,2715.1052490234374
INFO:root:3936000,2721.9651123046874
INFO:root:3944000,2918.587841796875
INFO:root:3952000,2389.654821777344
INFO:root:3960000,2663.2826538085938
INFO:root:3968000,2533.3730346679686
INFO:root:3976000,2117.5204223632813
INFO:root:3984000,1808.0510009765626
INFO:root:3992000,2539.3154174804686
INFO:root:4000000,2336.339306640625
INFO:root:4008000,1984.7314208984376
INFO:root:4016000,1899.7520874023437
INFO:root:4024000,1962.0801879882813
INFO:root:4032000,2032.567626953125
INFO:root:4040000,2069.0283325195314
INFO:root:4048000,2274.766394042969
INFO:root:4056000,2055.100134277344
INFO:root:4064000,2085.0816650390625
INFO:root:4072000,2148.241455078125
INFO:root:4080000,2414.2241821289062
INFO:root:4088000,2372.9588134765627
INFO:root:4096000,2009.3501037597657
INFO:root:4104000,2324.3833923339844
INFO:root:4112000,2052.55986328125
INFO:root:4120000,2184.358056640625
INFO:root:4128000,2268.9201416015626
INFO:root:4136000,1755.6283264160156
INFO:root:4144000,1927.358087158203
INFO:root:4152000,2506.807727050781
INFO:root:4160000,2265.3586547851564
INFO:root:4168000,1776.097216796875
INFO:root:4176000,2525.922723388672
INFO:root:4184000,2508.066064453125
INFO:root:4192000,2651.5533813476563
INFO:root:4200000,1918.2094848632812
INFO:root:4208000,2152.4779663085938
INFO:root:4216000,1947.371337890625
INFO:root:4224000,1804.809619140625
INFO:root:4232000,2268.2869873046875
INFO:root:4240000,2021.0198303222655
INFO:root:4248000,2345.0703857421877
INFO:root:4256000,2196.1535034179688
INFO:root:4264000,1678.9120544433595
INFO:root:4272000,1798.3707214355468
INFO:root:4280000,2265.3996826171874
INFO:root:4288000,2277.8050048828127
INFO:root:4296000,2208.812365722656
INFO:root:4304000,1674.5705200195312
INFO:root:4312000,1827.1307250976563
INFO:root:4320000,2216.6854736328123
INFO:root:4328000,2221.0280151367188
INFO:root:4336000,1977.888983154297
INFO:root:4344000,2151.697442626953
INFO:root:4352000,1785.8705627441407
INFO:root:4360000,2608.69892578125
INFO:root:4368000,2428.2673950195312
INFO:root:4376000,1943.6592895507813
INFO:root:4384000,2374.7733459472656
INFO:root:4392000,2106.0685913085936
INFO:root:4400000,2513.5974365234374
INFO:root:4408000,1899.8412841796876
INFO:root:4416000,2557.753771972656
INFO:root:4424000,2438.197705078125
INFO:root:4432000,2431.0722106933595
INFO:root:4440000,2045.2447509765625
INFO:root:4448000,1911.881005859375
INFO:root:4456000,2270.9784301757813
INFO:root:4464000,1632.0203674316406
INFO:root:4472000,1899.4491088867187
INFO:root:4480000,2022.7986450195312
INFO:root:4488000,2540.4072875976562
INFO:root:4496000,2006.9263061523438
INFO:root:4504000,1826.7818603515625
INFO:root:4512000,2352.9078857421873
INFO:root:4520000,2323.748876953125
INFO:root:4528000,2152.4289306640626
INFO:root:4536000,2159.489794921875
INFO:root:4544000,2240.91884765625
INFO:root:4552000,1820.2305053710938
INFO:root:4560000,2439.3390625
INFO:root:4568000,2710.2184448242188
INFO:root:4576000,2250.02744140625
INFO:root:4584000,2309.327001953125
INFO:root:4592000,2172.249792480469
INFO:root:4600000,1973.1498413085938
INFO:root:4608000,1955.5101013183594
INFO:root:4616000,1952.0990783691407
INFO:root:4624000,1989.9593322753906
INFO:root:4632000,2219.1407104492187
INFO:root:4640000,2526.6458251953127
INFO:root:4648000,2254.4875732421874
INFO:root:4656000,2171.2864624023437
INFO:root:4664000,1739.1793579101563
INFO:root:4672000,2215.699169921875
INFO:root:4680000,2713.4161010742187
INFO:root:4688000,2868.4255981445312
INFO:root:4696000,2621.6962646484376
INFO:root:4704000,2255.0754638671874
INFO:root:4712000,2321.945263671875
INFO:root:4720000,2036.6044189453125
INFO:root:4728000,2235.5256958007812
INFO:root:4736000,2340.1568969726563
INFO:root:4744000,2292.7086669921873
INFO:root:4752000,2430.4477783203124
INFO:root:4760000,2149.598455810547
INFO:root:4768000,2059.328234863281
INFO:root:4776000,2611.8260498046875
INFO:root:4784000,2193.409637451172
INFO:root:4792000,1937.0111511230468
INFO:root:4800000,2314.8359375
INFO:root:4808000,2505.2441284179686
INFO:root:4816000,2286.9595703125
INFO:root:4824000,2037.3901489257812
INFO:root:4832000,2187.699755859375
INFO:root:4840000,2286.526892089844
INFO:root:4848000,2404.9847900390623
INFO:root:4856000,2376.5884033203124
INFO:root:4864000,2781.8543212890627
INFO:root:4872000,2514.99072265625
INFO:root:4880000,2180.8933959960937
INFO:root:4888000,2107.434924316406
INFO:root:4896000,2172.504602050781
INFO:root:4904000,2333.9776245117187
INFO:root:4912000,2088.759387207031
INFO:root:4920000,1749.3012084960938
INFO:root:4928000,2110.00810546875
INFO:root:4936000,2446.23515625
INFO:root:4944000,1833.3626586914063
INFO:root:4952000,2072.6303100585938
INFO:root:4960000,2451.2196411132813
INFO:root:4968000,2298.77998046875
INFO:root:4976000,2348.8956665039063
INFO:root:4984000,2211.0768798828126
INFO:root:4992000,2143.9179809570314
INFO:root:5000000,2043.8010864257812
INFO:root:5008000,2342.975866699219
INFO:root:5016000,2181.0275329589845
INFO:root:5024000,1839.6108093261719
INFO:root:5032000,2357.9557250976563
INFO:root:5040000,2205.2987426757813
INFO:root:5048000,1926.2406005859375
INFO:root:5056000,1853.3825073242188
INFO:root:5064000,2094.0821533203125
INFO:root:5072000,2129.141467285156
INFO:root:5080000,2271.6990234375
INFO:root:5088000,1938.9101196289062
INFO:root:5096000,1895.73916015625
INFO:root:5104000,1932.4621948242188
INFO:root:5112000,1971.0424926757812
INFO:root:5120000,1821.0019409179688
INFO:root:5128000,1948.218017578125
INFO:root:5136000,2160.55029296875
INFO:root:5144000,2932.6343017578124
INFO:root:5152000,2663.2467651367188
INFO:root:5160000,2031.0994384765625
INFO:root:5168000,2634.8134643554686
INFO:root:5176000,2479.9951416015624
INFO:root:5184000,1972.46064453125
INFO:root:5192000,2229.0981323242186
INFO:root:5200000,2040.3070678710938
INFO:root:5208000,1744.878240966797
INFO:root:5216000,1606.2126159667969
INFO:root:5224000,2268.6626708984377
INFO:root:5232000,2071.5993530273436
INFO:root:5240000,2457.0533203125
INFO:root:5248000,2595.414440917969
INFO:root:5256000,2405.1461547851563
INFO:root:5264000,2505.515234375
INFO:root:5272000,2360.7638427734373
INFO:root:5280000,2330.813854980469
INFO:root:5288000,2082.1200927734376
INFO:root:5296000,2565.58720703125
INFO:root:5304000,2559.097058105469
INFO:root:5312000,2051.231237792969
INFO:root:5320000,2387.5781860351562
INFO:root:5328000,1999.9392456054688
INFO:root:5336000,2169.4466064453127
INFO:root:5344000,2159.449816894531
INFO:root:5352000,2705.7422119140624
INFO:root:5360000,2527.8601196289064
INFO:root:5368000,2669.652490234375
INFO:root:5376000,2729.30712890625
INFO:root:5384000,2407.489337158203
INFO:root:5392000,2205.5775451660156
INFO:root:5400000,2381.1459838867186
INFO:root:5408000,1939.4425659179688
INFO:root:5416000,2060.16845703125
INFO:root:5424000,2666.472375488281
INFO:root:5432000,2066.617053222656
INFO:root:5440000,1589.541845703125
INFO:root:5448000,2564.8548828125
INFO:root:5456000,2172.0288208007814
INFO:root:5464000,2423.8971923828126
INFO:root:5472000,2447.198864746094
INFO:root:5480000,1777.8314819335938
INFO:root:5488000,1791.97919921875
INFO:root:5496000,2113.766491699219
INFO:root:5504000,1977.3248413085937
INFO:root:5512000,1895.5709106445313
INFO:root:5520000,2355.21875
INFO:root:5528000,2047.9919799804688
INFO:root:5536000,2105.578125
INFO:root:5544000,1958.0911376953125
INFO:root:5552000,1940.0006591796875
INFO:root:5560000,1838.4220825195312
INFO:root:5568000,2007.011376953125
INFO:root:5576000,2143.6389038085936
INFO:root:5584000,2057.758233642578
INFO:root:5592000,2079.9371643066406
INFO:root:5600000,2122.9868286132814
INFO:root:5608000,2183.736083984375
INFO:root:5616000,1869.1293090820313
INFO:root:5624000,2448.825817871094
INFO:root:5632000,2055.0114501953126
INFO:root:5640000,1810.46103515625
INFO:root:5648000,2008.8608154296876
INFO:root:5656000,2134.571008300781
INFO:root:5664000,2122.24794921875
INFO:root:5672000,2725.5644409179686
INFO:root:5680000,2000.858203125
INFO:root:5688000,1553.6720092773437
INFO:root:5696000,2270.5547119140624
INFO:root:5704000,2513.96181640625
INFO:root:5712000,2742.540905761719
INFO:root:5720000,2201.3906982421877
INFO:root:5728000,2664.354528808594
INFO:root:5736000,2816.6917724609375
INFO:root:5744000,2584.414892578125
INFO:root:5752000,2020.7692993164062
INFO:root:5760000,2701.373986816406
INFO:root:5768000,1934.753955078125
INFO:root:5776000,2029.6817932128906
INFO:root:5784000,2475.727911376953
INFO:root:5792000,2275.2160766601564
INFO:root:5800000,1945.6311401367188
INFO:root:5808000,2354.667370605469
INFO:root:5816000,2339.4660522460936
INFO:root:5824000,2035.1479125976562
INFO:root:5832000,2276.1386840820314
INFO:root:5840000,2327.444543457031
INFO:root:5848000,2348.049597167969
INFO:root:5856000,1861.1512451171875
INFO:root:5864000,2227.557971191406
INFO:root:5872000,2457.08662109375
INFO:root:5880000,2118.947613525391
INFO:root:5888000,2413.4487731933596
INFO:root:5896000,2058.670758056641
INFO:root:5904000,2143.476837158203
INFO:root:5912000,2313.705694580078
INFO:root:5920000,2145.90361328125
INFO:root:5928000,2059.16630859375
INFO:root:5936000,1954.3481689453124
INFO:root:5944000,2081.475830078125
INFO:root:5952000,2017.0182861328126
INFO:root:5960000,1999.7077331542969
INFO:root:5968000,1956.2724975585938
INFO:root:5976000,2539.319787597656
INFO:root:5984000,1884.5381225585938
INFO:root:5992000,2141.3100341796876
INFO:root:6000000,2198.25283203125
INFO:root:6008000,2078.149658203125
INFO:root:6016000,1804.8907348632813
INFO:root:6024000,1631.9120971679688
INFO:root:6032000,2379.6963745117187
INFO:root:6040000,2358.5133422851563
INFO:root:6048000,1967.3491088867188
INFO:root:6056000,2256.5591064453124
INFO:root:6064000,2334.7678405761717
INFO:root:6072000,3001.81328125
INFO:root:6080000,2434.146142578125
INFO:root:6088000,2418.4181396484373
INFO:root:6096000,2345.997033691406
INFO:root:6104000,2459.7243041992188
INFO:root:6112000,2174.539416503906
INFO:root:6120000,2099.149560546875
INFO:root:6128000,2496.0744384765626
INFO:root:6136000,2240.2556884765627
INFO:root:6144000,2753.442138671875
INFO:root:6152000,2522.5408569335937
INFO:root:6160000,2010.7800537109374
INFO:root:6168000,2414.5173828125
INFO:root:6176000,2515.2638916015626
INFO:root:6184000,2250.927294921875
INFO:root:6192000,2139.839709472656
INFO:root:6200000,2556.554541015625
INFO:root:6208000,2604.694055175781
INFO:root:6216000,2065.3823364257814
INFO:root:6224000,2128.54892578125
INFO:root:6232000,2053.210479736328
INFO:root:6240000,2111.370556640625
INFO:root:6248000,2202.4499633789064
INFO:root:6256000,2072.040490722656
INFO:root:6264000,2275.5898193359376
INFO:root:6272000,2047.2688354492188
INFO:root:6280000,2088.701062011719
INFO:root:6288000,2832.7947021484374
INFO:root:6296000,1946.4116088867188
INFO:root:6304000,1607.0015258789062
INFO:root:6312000,1729.6524169921875
INFO:root:6320000,2246.008837890625
INFO:root:6328000,2077.6578979492188
INFO:root:6336000,2133.3958374023437
INFO:root:6344000,2153.276220703125
INFO:root:6352000,2771.5720092773436
INFO:root:6360000,2030.6380432128906
INFO:root:6368000,2208.610137939453
INFO:root:6376000,2505.0373413085936
INFO:root:6384000,1974.9003173828125
INFO:root:6392000,2258.6987548828124
INFO:root:6400000,1679.1997802734375
INFO:root:6408000,1779.4272094726562
INFO:root:6416000,1501.851123046875
INFO:root:6424000,1987.1580810546875
INFO:root:6432000,2188.7582763671876
INFO:root:6440000,2869.4074584960936
INFO:root:6448000,2744.422155761719
INFO:root:6456000,2477.822314453125
INFO:root:6464000,2678.984338378906
INFO:root:6472000,2721.4245361328126
INFO:root:6480000,2103.8793090820313
INFO:root:6488000,2118.9205078125
INFO:root:6496000,2755.493603515625
INFO:root:6504000,2945.5031860351564
INFO:root:6512000,2572.3936767578125
INFO:root:6520000,2544.1866821289063
INFO:root:6528000,2336.1295654296873
INFO:root:6536000,2037.4792358398438
INFO:root:6544000,2183.8054321289064
INFO:root:6552000,2648.7058227539064
INFO:root:6560000,2256.9799072265623
INFO:root:6568000,1827.9117248535156
INFO:root:6576000,1786.2778869628905
INFO:root:6584000,1999.590625
INFO:root:6592000,2211.2644287109374
INFO:root:6600000,2211.485974121094
INFO:root:6608000,2352.8357543945312
INFO:root:6616000,2346.0332214355467
INFO:root:6624000,2349.7758911132814
INFO:root:6632000,2742.767919921875
INFO:root:6640000,1721.3298645019531
INFO:root:6648000,1230.171160888672
INFO:root:6656000,2437.9945068359375
INFO:root:6664000,2410.038671875
INFO:root:6672000,2084.8789916992187
INFO:root:6680000,1870.4990844726562
INFO:root:6688000,1931.0569580078125
INFO:root:6696000,2580.4154418945313
INFO:root:6704000,2228.679797363281
INFO:root:6712000,2400.027734375
INFO:root:6720000,2285.1887939453127
INFO:root:6728000,2200.23876953125
INFO:root:6736000,2711.6917114257812
INFO:root:6744000,2210.816442871094
INFO:root:6752000,1581.2113159179687
INFO:root:6760000,1895.5715698242188
INFO:root:6768000,2441.31669921875
INFO:root:6776000,2898.9346313476562
INFO:root:6784000,1834.4402954101563
INFO:root:6792000,2055.2295776367187
INFO:root:6800000,2198.917120361328
INFO:root:6808000,2358.06767578125
INFO:root:6816000,1873.84287109375
INFO:root:6824000,1959.038671875
INFO:root:6832000,2349.665661621094
INFO:root:6840000,2045.2088134765625
INFO:root:6848000,2024.4109985351563
INFO:root:6856000,2176.81083984375
INFO:root:6864000,2411.406982421875
INFO:root:6872000,2218.76845703125
INFO:root:6880000,2225.849987792969
INFO:root:6888000,2030.9688659667968
INFO:root:6896000,2113.109411621094
INFO:root:6904000,2249.0514282226563
INFO:root:6912000,2375.557275390625
INFO:root:6920000,2674.7154174804687
INFO:root:6928000,2290.7374633789063
INFO:root:6936000,1895.131854248047
INFO:root:6944000,2167.2735595703125
INFO:root:6952000,3062.109228515625
INFO:root:6960000,2277.5753784179688
INFO:root:6968000,1698.3995422363282
INFO:root:6976000,1836.511456298828
INFO:root:6984000,2243.661053466797
INFO:root:6992000,2216.9829956054687
INFO:root:7000000,2233.965185546875
INFO:root:7008000,2395.7248779296874
INFO:root:7016000,2139.74814453125
INFO:root:7024000,2213.4895263671874
INFO:root:7032000,2080.6081420898436
INFO:root:7040000,2191.7175048828126
INFO:root:7048000,2089.718859863281
INFO:root:7056000,2236.540386962891
INFO:root:7064000,2143.8294006347655
INFO:root:7072000,2285.198132324219
INFO:root:7080000,2012.1814453125
INFO:root:7088000,2267.349822998047
INFO:root:7096000,2237.0489135742187
INFO:root:7104000,2114.346472167969
INFO:root:7112000,2676.8141845703126
INFO:root:7120000,2516.1240783691405
INFO:root:7128000,2039.3500366210938
INFO:root:7136000,2314.305798339844
INFO:root:7144000,2092.197235107422
INFO:root:7152000,2242.3845092773436
INFO:root:7160000,2781.003454589844
INFO:root:7168000,2504.508093261719
INFO:root:7176000,2665.5916137695312
INFO:root:7184000,2449.734655761719
INFO:root:7192000,2386.8664428710936
INFO:root:7200000,2677.3150634765625
INFO:root:7208000,2663.4738525390626
INFO:root:7216000,2332.5389892578123
INFO:root:7224000,2729.973876953125
INFO:root:7232000,1844.8992858886718
INFO:root:7240000,2299.5632568359374
INFO:root:7248000,2801.6032836914064
INFO:root:7256000,2087.92861328125
INFO:root:7264000,1702.91162109375
INFO:root:7272000,1915.3652709960938
INFO:root:7280000,2540.525341796875
INFO:root:7288000,2816.7826416015623
INFO:root:7296000,2720.27099609375
INFO:root:7304000,2576.8416015625
INFO:root:7312000,2392.0486328125
INFO:root:7320000,2590.539794921875
INFO:root:7328000,2687.8188598632814
INFO:root:7336000,2456.7204711914064
INFO:root:7344000,2040.4773803710937
INFO:root:7352000,2122.1088134765623
INFO:root:7360000,2257.9506958007814
INFO:root:7368000,2394.7681640625
INFO:root:7376000,2315.3687377929687
INFO:root:7384000,2697.2686279296877
INFO:root:7392000,2534.628839111328
INFO:root:7400000,2457.966345214844
INFO:root:7408000,2543.1857421875
INFO:root:7416000,2548.8955810546877
INFO:root:7424000,1904.6581665039062
INFO:root:7432000,1993.8082641601563
INFO:root:7440000,2124.2062744140626
INFO:root:7448000,1941.9572265625
INFO:root:7456000,2042.82734375
INFO:root:7464000,2780.9935668945313
INFO:root:7472000,3228.3601806640627
INFO:root:7480000,3063.2024780273437
INFO:root:7488000,2117.26005859375
INFO:root:7496000,2125.8001953125
INFO:root:7504000,2570.3928833007812
INFO:root:7512000,2143.830358886719
INFO:root:7520000,2224.0288330078124
INFO:root:7528000,2753.575158691406
INFO:root:7536000,3028.4312255859377
INFO:root:7544000,2645.8422729492186
INFO:root:7552000,2441.326708984375
INFO:root:7560000,2423.650598144531
INFO:root:7568000,2309.3472290039062
INFO:root:7576000,2158.6142456054686
INFO:root:7584000,2035.154931640625
INFO:root:7592000,1895.40146484375
INFO:root:7600000,2457.674450683594
INFO:root:7608000,2553.01552734375
INFO:root:7616000,2554.38681640625
INFO:root:7624000,2837.7945922851563
INFO:root:7632000,2065.339392089844
INFO:root:7640000,1939.260205078125
INFO:root:7648000,2318.4975341796876
INFO:root:7656000,2633.7236328125
INFO:root:7664000,2414.6937744140623
INFO:root:7672000,2707.2530517578125
INFO:root:7680000,2321.809521484375
INFO:root:7688000,2055.3533569335937
INFO:root:7696000,1967.2573364257812
INFO:root:7704000,2297.6100830078126
INFO:root:7712000,2330.965930175781
INFO:root:7720000,2151.628063964844
INFO:root:7728000,2400.848828125
INFO:root:7736000,1978.649609375
INFO:root:7744000,2125.6281127929688
INFO:root:7752000,2478.094201660156
INFO:root:7760000,3033.5494873046873
INFO:root:7768000,1804.3706298828124
INFO:root:7776000,1817.1871826171875
INFO:root:7784000,2161.7054809570313
INFO:root:7792000,2245.88837890625
INFO:root:7800000,2292.265087890625
INFO:root:7808000,2598.1342041015623
INFO:root:7816000,2761.271276855469
INFO:root:7824000,2314.255725097656
INFO:root:7832000,2156.0980895996095
INFO:root:7840000,2351.736187744141
INFO:root:7848000,2648.0134155273436
INFO:root:7856000,1996.2832763671875
INFO:root:7864000,2142.1362365722657
INFO:root:7872000,2048.444189453125
INFO:root:7880000,3018.788220214844
INFO:root:7888000,2594.5427124023436
INFO:root:7896000,2207.7145385742188
INFO:root:7904000,1492.98193359375
INFO:root:7912000,2435.6642944335936
INFO:root:7920000,1990.948291015625
INFO:root:7928000,2879.1897094726564
INFO:root:7936000,2573.62119140625
INFO:root:7944000,2213.55849609375
INFO:root:7952000,2392.607373046875
INFO:root:7960000,2329.7605102539064
INFO:root:7968000,2549.7802490234376
INFO:root:7976000,2255.1240783691405
INFO:root:7984000,2528.6631286621096
INFO:root:7992000,2712.8500793457033
INFO:root:8000000,2275.917724609375
INFO:root:8008000,1883.6997192382812
INFO:root:8016000,2330.2552978515623
INFO:root:8024000,2892.4248657226562
INFO:root:8032000,2328.8589111328124
INFO:root:8040000,2407.359240722656
INFO:root:8048000,2408.897106933594
INFO:root:8056000,2835.35078125
INFO:root:8064000,2559.0057983398438
INFO:root:8072000,1880.4593872070313
INFO:root:8080000,2330.8363403320313
INFO:root:8088000,2077.6906188964845
INFO:root:8096000,2403.3826904296875
INFO:root:8104000,1912.5619506835938
INFO:root:8112000,2312.0270874023436
INFO:root:8120000,2492.0140625
INFO:root:8128000,2157.781042480469
INFO:root:8136000,2030.530615234375
INFO:root:8144000,1738.3812866210938
INFO:root:8152000,1934.6300903320312
INFO:root:8160000,2242.4795532226562
INFO:root:8168000,2148.2893920898437
INFO:root:8176000,1612.671630859375
INFO:root:8184000,1654.0797729492188
INFO:root:8192000,2064.955352783203
INFO:root:8200000,2670.3754150390623
INFO:root:8208000,2279.0079711914063
INFO:root:8216000,2155.4293212890625
INFO:root:8224000,2409.2050048828123
INFO:root:8232000,2498.958056640625
INFO:root:8240000,2112.169189453125
INFO:root:8248000,2173.8571044921873
INFO:root:8256000,2076.276055908203
INFO:root:8264000,1950.8404724121094
INFO:root:8272000,2189.827197265625
INFO:root:8280000,2269.8369140625
INFO:root:8288000,2168.2239624023437
INFO:root:8296000,2144.2009033203126
INFO:root:8304000,2016.2188354492187
INFO:root:8312000,2064.9235717773436
INFO:root:8320000,1951.0075317382812
INFO:root:8328000,2328.91826171875
INFO:root:8336000,2048.4584899902343
INFO:root:8344000,2317.546142578125
INFO:root:8352000,2169.7776611328127
INFO:root:8360000,2169.7776611328127
INFO:root:8368000,2184.6611572265624
INFO:root:8376000,1909.1397277832032
INFO:root:8384000,3015.637078857422
INFO:root:8392000,2092.8988647460938
INFO:root:8400000,2441.1142333984376
INFO:root:8408000,2281.930212402344
INFO:root:8416000,2062.7305603027344
INFO:root:8424000,2241.4418518066404
INFO:root:8432000,2228.995080566406
INFO:root:8440000,2253.4298095703125
INFO:root:8448000,2202.2184448242188
INFO:root:8456000,2832.8602905273438
INFO:root:8464000,2910.366418457031
INFO:root:8472000,2111.961602783203
INFO:root:8480000,2293.5580871582033
INFO:root:8488000,2404.608850097656
INFO:root:8496000,2001.379638671875
INFO:root:8504000,1969.2994140625
INFO:root:8512000,2627.682165527344
INFO:root:8520000,2653.4126586914062
INFO:root:8528000,2664.885107421875
INFO:root:8536000,2558.7638732910154
INFO:root:8544000,1920.8691467285157
INFO:root:8552000,1969.6186828613281
INFO:root:8560000,1884.1206787109375
INFO:root:8568000,2537.025280761719
INFO:root:8576000,2444.8959228515623
INFO:root:8584000,2560.8653930664063
INFO:root:8592000,2782.6089721679687
INFO:root:8600000,2409.7959716796877
INFO:root:8608000,2179.8124755859376
INFO:root:8616000,2792.4372314453126
INFO:root:8624000,2263.027136230469
INFO:root:8632000,2474.754260253906
INFO:root:8640000,2346.1670166015624
INFO:root:8648000,2317.027136230469
INFO:root:8656000,2621.035754394531
INFO:root:8664000,2656.2867065429687
INFO:root:8672000,2465.3740356445314
INFO:root:8680000,2489.027966308594
INFO:root:8688000,2422.2732666015627
INFO:root:8696000,2121.7968872070314
INFO:root:8704000,1849.7287963867188
INFO:root:8712000,2867.781115722656
INFO:root:8720000,2451.313623046875
INFO:root:8728000,2004.044970703125
INFO:root:8736000,2414.9646484375
INFO:root:8744000,1882.310498046875
INFO:root:8752000,2458.716943359375
INFO:root:8760000,2749.51611328125
INFO:root:8768000,3034.8752319335936
INFO:root:8776000,2232.74033203125
INFO:root:8784000,1846.2116577148438
INFO:root:8792000,2420.9655578613283
INFO:root:8800000,2403.3307250976563
INFO:root:8808000,2417.0785522460938
INFO:root:8816000,2738.33271484375
INFO:root:8824000,1995.1110473632812
INFO:root:8832000,2066.74150390625
INFO:root:8840000,2023.7122192382812
INFO:root:8848000,2462.2574462890625
INFO:root:8856000,2778.3923889160155
INFO:root:8864000,2740.1960693359374
INFO:root:8872000,2521.8664672851564
INFO:root:8880000,2297.3043823242188
INFO:root:8888000,2966.872265625
INFO:root:8896000,2632.2536010742188
INFO:root:8904000,2201.9248046875
INFO:root:8912000,2596.678253173828
INFO:root:8920000,2443.217169189453
INFO:root:8928000,2211.539660644531
INFO:root:8936000,2262.0073364257814
INFO:root:8944000,1956.6911987304688
INFO:root:8952000,2072.30068359375
INFO:root:8960000,2547.2862915039063
INFO:root:8968000,2541.905065917969
INFO:root:8976000,2260.299353027344
INFO:root:8984000,2469.0761596679686
INFO:root:8992000,2275.5586181640624
INFO:root:9000000,2383.3623779296877
INFO:root:9008000,2601.9325561523438
INFO:root:9016000,1928.7684997558595
INFO:root:9024000,1540.309307861328
INFO:root:9032000,1453.3990661621094
INFO:root:9040000,2127.4947509765625
INFO:root:9048000,2086.977429199219
INFO:root:9056000,2591.3776977539064
INFO:root:9064000,2939.165173339844
INFO:root:9072000,2259.727673339844
INFO:root:9080000,2798.934680175781
INFO:root:9088000,2042.2181030273437
INFO:root:9096000,3166.552587890625
INFO:root:9104000,3185.8264282226564
INFO:root:9112000,2503.5855712890625
INFO:root:9120000,2118.5901733398437
INFO:root:9128000,2041.2480773925781
INFO:root:9136000,2062.8662841796877
INFO:root:9144000,2144.7640625
INFO:root:9152000,2595.8652954101562
INFO:root:9160000,1835.1607299804687
INFO:root:9168000,2524.29521484375
INFO:root:9176000,1802.8205322265626
INFO:root:9184000,2155.038427734375
INFO:root:9192000,2516.32109375
INFO:root:9200000,2488.018908691406
INFO:root:9208000,2286.3114013671875
INFO:root:9216000,2401.943017578125
INFO:root:9224000,2799.842431640625
INFO:root:9232000,2721.0792602539063
INFO:root:9240000,1805.0214477539062
INFO:root:9248000,2285.5980834960938
INFO:root:9256000,2607.96455078125
INFO:root:9264000,2437.5571166992186
INFO:root:9272000,2836.931591796875
INFO:root:9280000,2567.685583496094
INFO:root:9288000,2034.8988159179687
INFO:root:9296000,2433.358837890625
INFO:root:9304000,2487.677880859375
INFO:root:9312000,2467.748254394531
INFO:root:9320000,2215.4904663085936
INFO:root:9328000,2364.3445556640627
INFO:root:9336000,2901.6659423828123
INFO:root:9344000,2449.546008300781
INFO:root:9352000,2092.080944824219
INFO:root:9360000,2718.5492431640623
INFO:root:9368000,2429.718615722656
INFO:root:9376000,2983.9953491210936
INFO:root:9384000,2564.0554809570312
INFO:root:9392000,2117.489959716797
INFO:root:9400000,2062.3592529296875
INFO:root:9408000,2022.43134765625
INFO:root:9416000,2118.7880310058595
INFO:root:9424000,2169.0384155273437
INFO:root:9432000,2684.7361328125
INFO:root:9440000,2310.271484375
INFO:root:9448000,2407.9287963867187
INFO:root:9456000,2264.5072021484375
INFO:root:9464000,2254.707861328125
INFO:root:9472000,2142.1852416992188
INFO:root:9480000,1766.5111999511719
INFO:root:9488000,1976.5291137695312
INFO:root:9496000,2146.8479125976564
INFO:root:9504000,2234.045947265625
INFO:root:9512000,1977.8774047851562
INFO:root:9520000,2116.0576782226562
INFO:root:9528000,2586.8466186523438
INFO:root:9536000,2429.5068603515624
INFO:root:9544000,1720.6701110839845
INFO:root:9552000,2174.656640625
INFO:root:9560000,2494.1762084960938
INFO:root:9568000,2342.2397583007814
INFO:root:9576000,2330.206335449219
INFO:root:9584000,2694.2314331054686
INFO:root:9592000,2586.5452392578127
INFO:root:9600000,2463.5078308105467
INFO:root:9608000,2172.1520263671873
INFO:root:9616000,1751.148486328125
INFO:root:9624000,1965.829345703125
INFO:root:9632000,2297.4672241210938
INFO:root:9640000,2401.2468017578126
INFO:root:9648000,2205.6787231445314
INFO:root:9656000,2315.845080566406
INFO:root:9664000,2290.059118652344
INFO:root:9672000,2682.7296752929688
INFO:root:9680000,2366.6397094726562
INFO:root:9688000,2569.958142089844
INFO:root:9696000,2055.689318847656
INFO:root:9704000,2011.1699584960938
INFO:root:9712000,2131.579211425781
INFO:root:9720000,2800.1210693359376
INFO:root:9728000,1656.4519287109374
INFO:root:9736000,1789.8315185546876
INFO:root:9744000,2394.805310058594
INFO:root:9752000,2588.1858764648437
INFO:root:9760000,2767.514990234375
INFO:root:9768000,2795.7549682617187
INFO:root:9776000,2664.058386230469
INFO:root:9784000,2880.0622619628907
INFO:root:9792000,2750.952252197266
INFO:root:9800000,2707.1097778320313
INFO:root:9808000,2238.543249511719
INFO:root:9816000,2209.922802734375
INFO:root:9824000,2366.9235229492188
INFO:root:9832000,2810.7544189453124
INFO:root:9840000,3081.3267822265625
INFO:root:9848000,2987.1682373046874
INFO:root:9856000,2875.637890625
INFO:root:9864000,2818.447155761719
INFO:root:9872000,2411.8086181640624
INFO:root:9880000,2785.0538330078125
INFO:root:9888000,2121.0793212890626
INFO:root:9896000,2037.0675903320312
INFO:root:9904000,2629.3588623046876
INFO:root:9912000,2512.088830566406
INFO:root:9920000,2769.093212890625
INFO:root:9928000,2803.8135009765624
INFO:root:9936000,2362.3182067871094
INFO:root:9944000,2371.9949645996094
INFO:root:9952000,1693.8486389160157
INFO:root:9960000,2292.6086547851564
INFO:root:9968000,3176.4944702148437
INFO:root:9976000,2678.053515625
INFO:root:9984000,2315.277392578125
INFO:root:9992000,2011.7694946289062
INFO:root:10000000,2009.3714721679687
