INFO:root:134,0.2
INFO:root:1509,2.2
INFO:root:2930,2.2
INFO:root:4265,2.9
INFO:root:5515,2.4
INFO:root:7206,2.9
INFO:root:8561,2.6
INFO:root:9938,3.0
INFO:root:11122,2.8
INFO:root:12627,2.9
INFO:root:14277,3.0
INFO:root:15613,2.3
INFO:root:17159,3.0
INFO:root:18642,4.0
INFO:root:20171,3.2
INFO:root:21535,2.2
INFO:root:22761,3.1
INFO:root:24357,2.6
INFO:root:25691,2.7
INFO:root:26593,2.1
INFO:root:28071,3.0
INFO:root:29330,2.4
INFO:root:30726,3.2
INFO:root:32224,3.2
INFO:root:33376,2.9
INFO:root:34882,3.2
INFO:root:36020,2.2
INFO:root:37659,3.1
INFO:root:39173,2.8
INFO:root:40355,2.5
INFO:root:41703,3.3
INFO:root:42886,2.3
INFO:root:44421,3.1
INFO:root:46139,2.8
INFO:root:47641,3.1
INFO:root:49186,3.7
INFO:root:50396,2.3
INFO:root:51613,2.8
INFO:root:52943,3.1
INFO:root:54568,3.0
INFO:root:55991,2.7
INFO:root:57001,2.0
INFO:root:58409,3.1
INFO:root:59651,2.4
INFO:root:61077,3.8
INFO:root:62294,3.3
INFO:root:63756,3.0
INFO:root:65151,3.5
INFO:root:66268,2.7
INFO:root:67474,2.2
INFO:root:69146,3.4
INFO:root:70595,3.3
INFO:root:72160,3.5
INFO:root:73445,2.1
INFO:root:75034,2.7
INFO:root:76912,4.0
INFO:root:78566,3.1
INFO:root:79833,2.4
INFO:root:81326,3.5
INFO:root:82288,1.9
INFO:root:83514,2.4
INFO:root:84867,3.0
INFO:root:86114,2.5
INFO:root:87522,3.3
INFO:root:89091,2.6
INFO:root:90307,2.8
INFO:root:92101,3.0
INFO:root:93516,3.3
INFO:root:94953,3.4
INFO:root:96576,3.4
INFO:root:97920,4.1
INFO:root:99435,4.3
INFO:root:100974,3.7
INFO:root:102701,4.0
INFO:root:104209,2.6
INFO:root:105715,3.8
INFO:root:107100,2.7
INFO:root:108556,3.0
INFO:root:110343,3.7
INFO:root:111954,2.6
INFO:root:113625,4.1
INFO:root:115209,3.3
INFO:root:116669,3.3
INFO:root:118088,3.0
INFO:root:119476,2.9
INFO:root:120888,4.0
INFO:root:122397,3.7
INFO:root:123783,2.5
INFO:root:125056,2.8
INFO:root:126530,2.8
INFO:root:127823,2.5
INFO:root:129274,2.8
INFO:root:130838,3.2
INFO:root:132278,3.1
INFO:root:133420,2.9
INFO:root:134787,2.8
INFO:root:136179,3.0
INFO:root:137537,2.2
INFO:root:138825,2.7
INFO:root:140379,3.0
INFO:root:142072,3.9
INFO:root:143666,3.2
INFO:root:145201,2.5
INFO:root:146314,2.6
INFO:root:147988,3.5
INFO:root:149538,3.2
INFO:root:151002,2.9
INFO:root:152312,2.6
INFO:root:153826,2.5
INFO:root:155260,2.1
INFO:root:156591,2.0
INFO:root:158128,3.3
INFO:root:159705,3.6
INFO:root:161306,4.0
INFO:root:162990,3.2
INFO:root:164550,3.5
INFO:root:166217,3.3
INFO:root:167676,4.0
INFO:root:169105,3.5
INFO:root:170422,2.1
INFO:root:171792,3.3
INFO:root:173498,4.0
INFO:root:174769,2.4
INFO:root:176462,3.2
INFO:root:177749,3.0
INFO:root:178770,2.3
INFO:root:180009,2.4
INFO:root:181494,2.9
INFO:root:183090,3.6
INFO:root:184385,3.0
INFO:root:185932,2.9
INFO:root:187284,3.7
INFO:root:188661,2.1
INFO:root:189983,2.6
INFO:root:191640,4.1
INFO:root:193073,3.4
INFO:root:194388,2.9
INFO:root:195871,2.8
INFO:root:197220,2.1
INFO:root:198591,3.5
INFO:root:199965,3.3
INFO:root:201052,2.3
INFO:root:202703,3.6
INFO:root:204494,4.2
INFO:root:205899,2.3
INFO:root:207413,3.7
INFO:root:208646,3.1
INFO:root:210227,3.6
INFO:root:211841,3.2
INFO:root:213295,2.6
INFO:root:214769,4.0
INFO:root:215877,2.3
INFO:root:216897,2.2
INFO:root:218614,3.2
INFO:root:220131,2.9
INFO:root:221605,2.9
INFO:root:222943,3.4
INFO:root:224067,2.5
INFO:root:225417,2.4
INFO:root:226950,3.5
INFO:root:228477,3.1
INFO:root:229869,2.8
INFO:root:231486,2.5
INFO:root:233266,3.9
INFO:root:234640,2.6
INFO:root:235995,2.8
INFO:root:237310,2.4
INFO:root:238722,3.3
INFO:root:240207,3.6
INFO:root:241451,2.4
INFO:root:242985,2.7
INFO:root:244512,3.4
INFO:root:246141,3.2
INFO:root:247323,2.5
INFO:root:248791,3.2
INFO:root:250256,2.7
INFO:root:251748,3.0
INFO:root:253139,2.4
INFO:root:254802,2.9
INFO:root:256490,3.2
INFO:root:258077,3.4
INFO:root:259618,3.6
INFO:root:261371,5.1
INFO:root:262907,2.5
INFO:root:264131,3.1
INFO:root:265470,2.5
INFO:root:266902,2.8
INFO:root:268642,3.4
INFO:root:269985,3.1
INFO:root:271683,2.9
INFO:root:272873,2.6
INFO:root:274150,2.7
INFO:root:275578,3.5
INFO:root:277266,3.1
INFO:root:278471,2.3
INFO:root:279808,2.3
INFO:root:281285,2.6
INFO:root:283038,4.0
INFO:root:284755,3.1
INFO:root:285789,1.9
INFO:root:287255,3.5
INFO:root:288373,2.3
INFO:root:289900,3.6
INFO:root:291478,2.6
INFO:root:293183,3.6
INFO:root:294433,2.6
INFO:root:296237,3.9
INFO:root:298008,3.1
INFO:root:299213,2.6
INFO:root:300580,3.2
INFO:root:301931,3.2
INFO:root:303214,3.4
INFO:root:304691,3.5
INFO:root:305966,3.0
INFO:root:307542,3.8
INFO:root:309199,3.4
INFO:root:310448,2.9
INFO:root:311806,3.0
INFO:root:313341,3.7
INFO:root:314839,2.6
INFO:root:316053,2.5
INFO:root:317186,2.6
INFO:root:318706,2.6
INFO:root:320150,2.9
INFO:root:321714,2.8
INFO:root:323358,3.5
INFO:root:324676,2.6
INFO:root:325916,2.4
INFO:root:327406,4.1
INFO:root:328959,2.5
INFO:root:330272,2.9
INFO:root:331789,3.3
INFO:root:333075,2.4
INFO:root:334599,3.9
INFO:root:336208,3.7
INFO:root:337529,3.3
INFO:root:338759,2.6
INFO:root:340218,3.5
INFO:root:341688,3.9
INFO:root:343097,2.3
INFO:root:344769,3.6
INFO:root:346151,3.4
INFO:root:347662,2.8
INFO:root:348895,2.9
INFO:root:350543,3.3
INFO:root:351715,2.2
INFO:root:353266,3.4
INFO:root:354566,2.6
INFO:root:355949,3.3
INFO:root:357486,3.2
INFO:root:359073,2.9
INFO:root:360543,2.6
INFO:root:361890,2.4
INFO:root:363520,3.1
INFO:root:364896,3.4
INFO:root:366223,3.0
INFO:root:368043,4.3
INFO:root:369950,4.3
INFO:root:371383,3.0
INFO:root:373281,3.3
INFO:root:374615,3.1
INFO:root:376622,3.6
INFO:root:378390,3.6
INFO:root:380055,4.3
INFO:root:381944,4.1
INFO:root:383445,3.7
INFO:root:385063,3.1
INFO:root:386399,1.6
INFO:root:388042,4.0
INFO:root:389627,3.0
INFO:root:391118,2.6
INFO:root:392701,3.9
INFO:root:394105,2.3
INFO:root:395319,3.1
INFO:root:396777,3.3
INFO:root:398279,3.3
INFO:root:399706,2.3
INFO:root:401198,3.7
INFO:root:402526,2.3
INFO:root:403772,3.3
INFO:root:404971,2.1
INFO:root:406405,3.0
INFO:root:408036,3.6
INFO:root:409359,1.6
INFO:root:410758,3.5
INFO:root:412682,4.8
INFO:root:414216,3.2
INFO:root:415854,3.1
INFO:root:417192,3.0
INFO:root:418582,3.3
INFO:root:420071,3.8
INFO:root:421559,3.5
INFO:root:422807,3.6
INFO:root:424132,3.2
INFO:root:425653,2.9
INFO:root:427051,2.9
INFO:root:428700,3.4
INFO:root:430452,4.2
INFO:root:432134,3.1
INFO:root:433864,3.2
INFO:root:435311,2.7
INFO:root:436279,1.9
INFO:root:438049,3.4
INFO:root:439331,2.4
INFO:root:440950,2.5
INFO:root:442638,3.6
INFO:root:444277,3.6
INFO:root:445737,3.2
INFO:root:447133,3.5
INFO:root:448693,3.5
INFO:root:450409,3.8
INFO:root:451838,3.1
INFO:root:452889,2.5
INFO:root:454225,2.1
INFO:root:456000,3.6
INFO:root:457956,4.0
INFO:root:459552,3.7
INFO:root:461098,2.8
INFO:root:462692,3.9
INFO:root:464175,2.6
INFO:root:465747,3.4
INFO:root:467128,2.6
INFO:root:468795,3.7
INFO:root:470130,2.5
INFO:root:471461,2.9
INFO:root:472745,2.6
INFO:root:474245,3.3
INFO:root:476073,3.2
INFO:root:477765,3.7
INFO:root:479239,4.0
INFO:root:481020,4.4
INFO:root:482428,2.6
INFO:root:484113,3.8
INFO:root:485833,4.3
INFO:root:487194,2.9
INFO:root:488595,3.3
INFO:root:490130,3.6
INFO:root:491377,2.8
INFO:root:492818,3.1
INFO:root:494396,4.4
INFO:root:496249,4.5
INFO:root:497553,2.3
INFO:root:499267,2.6
INFO:root:500775,2.8
INFO:root:502529,3.7
INFO:root:503716,2.5
INFO:root:505303,3.8
INFO:root:506760,3.5
INFO:root:508226,3.4
INFO:root:509671,3.3
INFO:root:511165,2.7
INFO:root:512497,3.3
INFO:root:514013,2.7
INFO:root:515421,2.9
INFO:root:516772,2.5
INFO:root:518155,3.5
INFO:root:519695,2.5
INFO:root:521240,3.2
INFO:root:522501,3.0
INFO:root:524026,2.7
INFO:root:525572,4.0
INFO:root:526967,3.2
INFO:root:528224,3.1
INFO:root:529636,3.2
INFO:root:531233,3.3
INFO:root:532636,2.4
INFO:root:534237,3.8
INFO:root:535316,2.2
INFO:root:537098,4.0
INFO:root:538765,3.8
INFO:root:540191,4.0
INFO:root:541716,3.2
INFO:root:543408,3.4
INFO:root:544771,3.8
INFO:root:546288,3.8
INFO:root:547548,2.2
INFO:root:549452,4.1
INFO:root:551071,3.9
INFO:root:552644,4.2
INFO:root:554339,2.5
INFO:root:556294,4.7
INFO:root:557835,2.9
INFO:root:559600,4.3
INFO:root:561060,3.6
INFO:root:562477,2.9
INFO:root:563893,3.3
INFO:root:565688,4.4
INFO:root:567067,3.1
INFO:root:568291,2.7
INFO:root:569976,4.0
INFO:root:571621,2.7
INFO:root:573101,3.1
INFO:root:574446,3.5
INFO:root:576109,3.2
INFO:root:577802,3.5
INFO:root:579220,3.2
INFO:root:581001,3.2
INFO:root:582608,4.1
INFO:root:584154,3.4
INFO:root:585577,3.3
INFO:root:587082,3.3
INFO:root:588654,3.9
INFO:root:590165,2.8
INFO:root:591623,2.7
INFO:root:593056,4.1
INFO:root:594517,3.3
INFO:root:596210,4.1
INFO:root:597436,2.3
INFO:root:598974,3.2
INFO:root:600216,3.2
INFO:root:601801,2.7
INFO:root:603661,4.1
INFO:root:605261,4.1
INFO:root:606665,2.6
INFO:root:608200,3.5
INFO:root:609646,3.3
INFO:root:611075,2.4
INFO:root:612574,2.7
INFO:root:614383,4.0
INFO:root:616141,4.3
INFO:root:617844,2.7
INFO:root:619598,4.5
INFO:root:620991,3.4
INFO:root:622361,2.7
INFO:root:623695,3.1
INFO:root:625400,3.3
INFO:root:627109,3.5
INFO:root:628483,2.3
INFO:root:629941,2.5
INFO:root:631466,3.1
INFO:root:633024,2.7
INFO:root:634543,3.1
INFO:root:636178,3.5
INFO:root:637610,2.8
INFO:root:639264,3.9
INFO:root:640737,3.3
INFO:root:642312,3.6
INFO:root:643684,3.6
INFO:root:645383,4.2
INFO:root:647026,3.1
INFO:root:648677,3.9
INFO:root:650240,3.5
INFO:root:652019,4.3
INFO:root:653666,4.1
INFO:root:655709,4.0
INFO:root:657423,4.1
INFO:root:659267,3.6
INFO:root:660625,2.5
INFO:root:662025,2.7
INFO:root:663269,2.9
INFO:root:664553,2.8
INFO:root:665995,2.7
INFO:root:667593,3.0
INFO:root:668961,3.1
INFO:root:670529,2.6
INFO:root:672532,4.6
INFO:root:673836,2.7
INFO:root:675433,3.0
INFO:root:676734,2.6
INFO:root:678075,3.5
INFO:root:679472,3.1
INFO:root:680715,2.9
INFO:root:682291,3.1
INFO:root:683958,4.0
INFO:root:685441,3.3
INFO:root:687053,3.9
INFO:root:688635,2.3
INFO:root:690171,3.2
INFO:root:691738,3.9
INFO:root:693373,2.9
INFO:root:695308,5.2
INFO:root:696644,2.4
INFO:root:698221,3.3
INFO:root:699922,2.8
INFO:root:701525,4.1
INFO:root:703283,4.0
INFO:root:704871,4.4
INFO:root:706424,3.1
INFO:root:707761,3.3
INFO:root:709243,3.4
INFO:root:710622,2.9
INFO:root:711851,2.2
INFO:root:713622,4.1
INFO:root:715351,3.5
INFO:root:717382,4.6
INFO:root:718655,2.7
INFO:root:720433,4.2
INFO:root:721921,3.2
INFO:root:723459,3.8
INFO:root:724856,2.8
INFO:root:726441,3.6
INFO:root:728026,3.4
INFO:root:729053,2.0
INFO:root:730579,3.4
INFO:root:732474,4.8
INFO:root:733775,2.3
INFO:root:735461,3.7
INFO:root:737111,2.8
INFO:root:738508,3.1
INFO:root:739790,2.8
INFO:root:741246,3.3
INFO:root:742690,3.8
INFO:root:744402,3.4
INFO:root:746264,3.4
INFO:root:748010,4.2
INFO:root:749286,2.8
INFO:root:750767,3.8
INFO:root:752192,4.0
INFO:root:753749,4.4
INFO:root:755426,3.5
INFO:root:756933,4.1
INFO:root:758516,3.1
INFO:root:760029,3.3
INFO:root:761774,3.8
INFO:root:763225,3.0
INFO:root:764603,3.0
INFO:root:765790,2.8
INFO:root:767575,3.3
INFO:root:768966,2.8
INFO:root:770728,4.6
INFO:root:772633,3.8
INFO:root:774229,3.1
INFO:root:775704,2.8
INFO:root:777137,3.1
INFO:root:778745,3.3
INFO:root:780398,2.6
INFO:root:782172,3.2
INFO:root:783642,3.1
INFO:root:785512,3.2
INFO:root:787115,4.5
INFO:root:788663,3.1
INFO:root:790268,3.7
INFO:root:792117,4.8
INFO:root:793565,3.2
INFO:root:795960,5.0
INFO:root:797143,3.1
INFO:root:798501,2.4
INFO:root:799700,2.6
INFO:root:801353,4.9
INFO:root:802872,3.0
INFO:root:804444,3.8
INFO:root:806046,4.0
INFO:root:807921,3.3
INFO:root:809652,4.5
INFO:root:811143,3.8
INFO:root:812264,2.1
INFO:root:813919,3.9
INFO:root:815558,3.3
INFO:root:817155,3.5
INFO:root:818539,3.0
INFO:root:820283,3.7
INFO:root:821919,3.1
INFO:root:823656,3.8
INFO:root:824969,3.4
INFO:root:826639,2.8
INFO:root:828276,3.2
INFO:root:829755,2.4
INFO:root:831518,3.7
INFO:root:833523,4.7
INFO:root:835406,3.7
INFO:root:837155,4.0
INFO:root:838805,4.0
INFO:root:840410,3.0
INFO:root:842047,2.5
INFO:root:843878,3.7
INFO:root:845324,3.0
INFO:root:846838,3.1
INFO:root:848681,3.1
INFO:root:850197,3.1
INFO:root:852074,2.8
INFO:root:853777,3.5
INFO:root:855552,3.5
INFO:root:857163,3.5
INFO:root:858743,3.9
INFO:root:860624,3.3
INFO:root:862813,4.3
INFO:root:864202,3.0
INFO:root:865876,3.6
INFO:root:867389,3.5
INFO:root:868672,2.1
INFO:root:870228,2.9
INFO:root:871696,3.6
INFO:root:873631,4.7
INFO:root:875216,3.0
INFO:root:876987,3.5
INFO:root:878616,3.6
INFO:root:880119,4.2
INFO:root:881712,4.4
INFO:root:883169,2.8
INFO:root:884441,2.7
INFO:root:886146,3.5
INFO:root:887409,2.5
INFO:root:888955,3.7
INFO:root:890481,3.6
INFO:root:891879,3.2
INFO:root:893490,3.3
INFO:root:895343,3.5
INFO:root:897043,3.2
INFO:root:899063,3.8
INFO:root:900719,4.4
INFO:root:902239,3.1
INFO:root:903722,3.5
INFO:root:905330,4.2
INFO:root:907135,4.3
INFO:root:909213,3.2
INFO:root:910903,3.3
INFO:root:912589,4.3
INFO:root:914554,4.7
INFO:root:916921,6.0
INFO:root:918946,5.9
INFO:root:920402,2.4
INFO:root:922656,4.6
INFO:root:924395,2.8
INFO:root:926208,4.6
INFO:root:927707,3.0
INFO:root:929120,3.7
INFO:root:930701,3.9
INFO:root:932220,4.1
INFO:root:933839,3.9
INFO:root:935176,2.2
INFO:root:937130,5.0
INFO:root:938719,2.8
INFO:root:940383,4.3
INFO:root:941728,2.6
INFO:root:943411,4.0
INFO:root:945201,4.5
INFO:root:946975,3.4
INFO:root:948406,2.9
INFO:root:949914,3.6
INFO:root:951708,4.5
INFO:root:953618,3.7
INFO:root:955284,3.9
INFO:root:956886,3.6
INFO:root:958760,3.1
INFO:root:960435,4.1
INFO:root:961904,3.5
INFO:root:963208,3.4
INFO:root:964729,3.2
INFO:root:966183,3.6
INFO:root:967627,2.5
INFO:root:969006,3.3
INFO:root:970540,3.4
INFO:root:971771,3.2
INFO:root:973508,3.8
INFO:root:975922,3.8
INFO:root:977659,3.1
INFO:root:979256,4.3
INFO:root:980773,3.3
INFO:root:982554,4.1
INFO:root:983891,2.4
INFO:root:985870,4.8
INFO:root:987772,4.1
INFO:root:989374,4.4
INFO:root:990681,3.2
INFO:root:992005,2.9
INFO:root:993615,3.9
INFO:root:995093,3.3
INFO:root:996618,3.2
INFO:root:998854,4.9
