INFO:root:0,-93.40066887358219
INFO:root:10,-176.1688762910852
INFO:root:20,-201.5336905172664
INFO:root:30,-202.0149500851701
INFO:root:40,-236.22178926810244
INFO:root:50,-263.353823511181
INFO:root:60,-233.6316678541697
INFO:root:70,-211.69743187543287
INFO:root:80,-260.9533787737017
INFO:root:90,-227.65801274456842
INFO:root:100,-170.6356794656169
INFO:root:110,-158.03713878264185
INFO:root:120,-163.53726767955627
INFO:root:130,-230.4414441847266
INFO:root:140,-206.29434394293312
INFO:root:150,-226.78730226267294
INFO:root:160,-217.84724252935072
INFO:root:170,-225.48978183992352
INFO:root:180,-245.62502010531833
INFO:root:190,-219.6661534507229
INFO:root:200,-154.85128736415248
INFO:root:210,-258.519162997079
INFO:root:220,-241.97540089221727
INFO:root:230,-263.85955740466767
INFO:root:240,-224.61394443600346
INFO:root:250,-176.0967494261585
INFO:root:260,-180.24234892130647
INFO:root:270,-180.35198606170204
INFO:root:280,-180.42274733037308
INFO:root:290,-150.1688974894888
INFO:root:300,-150.3096501423235
INFO:root:310,-135.48410375250901
INFO:root:320,-168.4676606168054
INFO:root:330,-155.2637081830009
INFO:root:340,-142.33039633091843
INFO:root:350,-133.02901935053677
INFO:root:360,-147.99697439840443
INFO:root:370,-144.41926701450495
INFO:root:380,-160.36560076992095
INFO:root:390,-156.74084215458086
INFO:root:400,-146.61283603488428
INFO:root:410,-170.1452318526874
INFO:root:420,-134.13151989623609
INFO:root:430,-127.8872936306494
INFO:root:440,-141.09598065085106
INFO:root:450,-172.24430227800354
INFO:root:460,-170.78947278796676
INFO:root:470,-169.52807789202598
INFO:root:480,-131.94907588883498
INFO:root:490,-102.66576920776859
INFO:root:500,-86.79182581529889
INFO:root:510,-71.63676591794682
INFO:root:520,-142.2055857843227
INFO:root:530,-115.57878797004143
INFO:root:540,-143.4927959931555
INFO:root:550,-162.16369289492786
INFO:root:560,-179.29484689926866
INFO:root:570,-141.76219099604432
INFO:root:580,-151.54703129780535
INFO:root:590,-126.90563637225027
INFO:root:600,-141.84472614468802
INFO:root:610,-135.90798622579374
INFO:root:620,-142.1787191273492
INFO:root:630,-144.04891318480873
INFO:root:640,-138.00271295032425
INFO:root:650,-127.8146391412659
INFO:root:660,-141.47256708744698
INFO:root:670,-153.645733449102
INFO:root:680,-136.001707723365
INFO:root:690,-134.5636821634365
INFO:root:700,-121.74416135717861
INFO:root:710,-156.46328978513168
INFO:root:720,-154.2576273570289
INFO:root:730,-139.34440917403333
INFO:root:740,-102.33134442750546
INFO:root:750,-73.20910423507124
INFO:root:760,-102.36240957004588
INFO:root:770,-117.10079601918264
INFO:root:780,-129.1699255570203
INFO:root:790,-107.37567892366556
INFO:root:800,-88.4818087812855
INFO:root:810,-131.8780529372896
INFO:root:820,-114.27740993764053
INFO:root:830,-80.5755712099155
INFO:root:840,-109.17309190418919
INFO:root:850,-127.94853671300912
INFO:root:860,-68.2680726515745
INFO:root:870,-111.32575846674027
INFO:root:880,-75.9253306336269
INFO:root:890,-66.17372983284966
INFO:root:900,-99.614956235279
INFO:root:910,-89.55142312563918
INFO:root:920,-103.49262379776394
INFO:root:930,-84.66223059504287
INFO:root:940,-62.40856552847598
INFO:root:950,-113.43680766976543
INFO:root:960,-153.2761418642251
INFO:root:970,-69.70022917104448
INFO:root:980,-82.84998690747
INFO:root:990,-114.71012473146642
INFO:root:1000,-110.02704672438539
INFO:root:1010,-47.21892994129395
INFO:root:1020,-96.37485696096816
INFO:root:1030,-62.37352234263455
INFO:root:1040,-93.92707569731745
INFO:root:1050,-90.11896411111944
INFO:root:1060,-75.22458769715467
INFO:root:1070,-86.98607642602082
INFO:root:1080,-116.49375457564095
INFO:root:1090,-72.21935648269178
INFO:root:1100,-88.99886546738448
INFO:root:1110,-107.37232201873725
INFO:root:1120,-81.70503457323042
INFO:root:1130,-82.03386770605654
INFO:root:1140,-118.96712441664599
INFO:root:1150,-123.10079761912957
INFO:root:1160,-85.1230218601669
INFO:root:1170,-94.74525387312593
INFO:root:1180,-130.59260383965187
INFO:root:1190,-65.51513833894451
INFO:root:1200,-113.90553595163009
INFO:root:1210,-99.73803790814578
INFO:root:1220,-69.78461476594275
INFO:root:1230,-96.00170962598288
INFO:root:1240,-103.25291239374931
INFO:root:1250,-38.5577648981039
INFO:root:1260,-40.43992876617481
INFO:root:1270,-84.5061387727911
INFO:root:1280,-51.98550978627847
INFO:root:1290,-85.36183599077404
INFO:root:1300,-99.08649344566004
INFO:root:1310,-97.68797745939953
INFO:root:1320,-72.08547808449165
INFO:root:1330,-51.075234371371266
INFO:root:1340,-101.47852281611159
INFO:root:1350,-82.79524479688267
INFO:root:1360,-97.55500328550895
INFO:root:1370,-67.05876709793927
INFO:root:1380,-66.36842732730206
INFO:root:1390,-81.74499511395899
INFO:root:1400,-26.543666166706494
INFO:root:1410,28.195818851314073
INFO:root:1420,-63.542068869506195
INFO:root:1430,-22.60310184624101
INFO:root:1440,-38.4053785204314
INFO:root:1450,-91.47709974845287
INFO:root:1460,-45.61701640727628
INFO:root:1470,-69.33977674141349
INFO:root:1480,-49.76356852597586
INFO:root:1490,-54.789072628843144
INFO:root:1500,-20.50786552917676
INFO:root:1510,-44.406675494125594
INFO:root:1520,-69.35409098725945
INFO:root:1530,-75.2753706046404
INFO:root:1540,-85.76750096808394
INFO:root:1550,-39.53931067089303
INFO:root:1560,-36.94319552603028
INFO:root:1570,-79.33845076899317
INFO:root:1580,-60.55862099613767
INFO:root:1590,-98.90446884983656
INFO:root:1600,-54.78146975031252
INFO:root:1610,-47.620291336103655
INFO:root:1620,-81.19901016591507
INFO:root:1630,-45.81801885361069
INFO:root:1640,-69.36916361336434
INFO:root:1650,-103.29849474628469
INFO:root:1660,-35.531225172842994
INFO:root:1670,-12.399371890908693
INFO:root:1680,-22.081237627441407
INFO:root:1690,-63.99899830730436
INFO:root:1700,-76.0134748182598
INFO:root:1710,-71.72802789965837
INFO:root:1720,-75.75931220723945
INFO:root:1730,-129.7567391988143
INFO:root:1740,-124.72790120390624
INFO:root:1750,-119.95057040069435
INFO:root:1760,-75.35107934921376
INFO:root:1770,-72.43215933968268
INFO:root:1780,-96.44211107371713
INFO:root:1790,-49.646629054427436
INFO:root:1800,-2.2162532098657373
INFO:root:1810,-18.601186376837454
INFO:root:1820,-24.920877741753877
INFO:root:1830,-4.81697907270034
INFO:root:1840,-42.488507269808224
INFO:root:1850,-45.90207364347
INFO:root:1860,-17.778339122841547
INFO:root:1870,-64.25990057941428
INFO:root:1880,-85.14462435496354
INFO:root:1890,9.990689145881031
INFO:root:1900,-50.62711457354978
INFO:root:1910,-21.474073274224168
INFO:root:1920,-45.78288304860932
INFO:root:1930,-64.15218656144133
INFO:root:1940,-61.10770494336491
INFO:root:1950,-60.10426216491253
INFO:root:1960,-56.965528306080046
INFO:root:1970,-25.866764032045296
INFO:root:1980,-40.97884133251562
INFO:root:1990,-51.08894166187585
INFO:root:2000,-69.88569916868481
INFO:root:2010,-105.21523769912999
INFO:root:2020,-74.95762892651868
INFO:root:2030,-78.69719744839337
INFO:root:2040,-78.70738770823552
INFO:root:2050,-58.62882435199652
INFO:root:2060,-64.1179659496799
INFO:root:2070,-66.12277880375716
INFO:root:2080,-78.35797459724222
INFO:root:2090,-48.47644750955461
INFO:root:2100,-96.66489203859238
INFO:root:2110,-3.2959098029941885
INFO:root:2120,-83.56490444558024
INFO:root:2130,-49.36712984900412
INFO:root:2140,-30.451369624868974
INFO:root:2150,-74.46395249469856
INFO:root:2160,-100.82148303144038
INFO:root:2170,-88.48470501008548
INFO:root:2180,-58.044101615651385
INFO:root:2190,-82.71808009327282
INFO:root:2200,-105.72313180454391
INFO:root:2210,-39.90042429659259
INFO:root:2220,-98.17132194785988
INFO:root:2230,-106.43171648389435
INFO:root:2240,-8.598827015395196
INFO:root:2250,-65.84687188598824
INFO:root:2260,-90.29695196125441
INFO:root:2270,-70.40808572226884
INFO:root:2280,-99.48938548660239
INFO:root:2290,-57.03380087941827
INFO:root:2300,-92.0777094477244
INFO:root:2310,-70.15623225839502
INFO:root:2320,-64.93594805076972
INFO:root:2330,-30.399870266264735
INFO:root:2340,-81.31002838935362
INFO:root:2350,-40.279454835203744
INFO:root:2360,-13.115673043897544
INFO:root:2370,-57.81163311915428
INFO:root:2380,1.6117130464751135
INFO:root:2390,3.355350660453926
INFO:root:2400,-37.54004671340638
INFO:root:2410,-13.625451212348398
INFO:root:2420,4.709539733084522
INFO:root:2430,-16.675687549851393
INFO:root:2440,-28.154611009325805
INFO:root:2450,27.662268242614104
INFO:root:2460,-62.96521383565585
INFO:root:2470,-126.52714349007235
INFO:root:2480,-92.15762621884211
INFO:root:2490,-95.04532895292473
INFO:root:2500,-11.974521611996723
INFO:root:2510,-10.656435174279608
INFO:root:2520,0.22413093630679404
INFO:root:2530,-78.5009074628246
INFO:root:2540,-77.38466615967923
INFO:root:2550,-95.15276336957548
INFO:root:2560,-27.891751647733074
INFO:root:2570,4.142923064295785
INFO:root:2580,-27.980507999499316
INFO:root:2590,-48.423201744069246
INFO:root:2600,-44.75823870779796
INFO:root:2610,-37.18683299627206
INFO:root:2620,-5.990230147087155
INFO:root:2630,-39.98272363938618
INFO:root:2640,-59.99658171895753
INFO:root:2650,-46.22487340656549
INFO:root:2660,-72.93216852728969
INFO:root:2670,-39.218621832023665
INFO:root:2680,-39.70098870091014
INFO:root:2690,-13.590800226352794
INFO:root:2700,13.634580035713974
INFO:root:2710,-37.90527191108194
INFO:root:2720,-62.83499951657529
INFO:root:2730,-119.80706325946883
INFO:root:2740,-35.674385839061806
INFO:root:2750,6.010336666446369
INFO:root:2760,-13.003320784410747
INFO:root:2770,-37.28883009091297
INFO:root:2780,-36.46268285122019
INFO:root:2790,-58.43820380273257
INFO:root:2800,-58.560875046633896
INFO:root:2810,-10.870751928350304
INFO:root:2820,-82.75014607320833
INFO:root:2830,-61.63655557609876
INFO:root:2840,-115.15421449879922
INFO:root:2850,-62.394903639859855
INFO:root:2860,-57.266101914497426
INFO:root:2870,-56.314003951717396
INFO:root:2880,-49.08252927301701
INFO:root:2890,-57.351013131805175
INFO:root:2900,0.17557895724278083
INFO:root:2910,-0.2331510381441788
INFO:root:2920,-8.157400963895897
INFO:root:2930,9.856788730216167
INFO:root:2940,-42.43603141373971
INFO:root:2950,-81.94885666056493
INFO:root:2960,-66.71617048979618
INFO:root:2970,-40.44364316720218
INFO:root:2980,-72.97725310502379
INFO:root:2990,-68.87597709099141
INFO:root:3000,-42.32392719685174
INFO:root:3010,-59.84323107162936
INFO:root:3020,-26.654188657908335
INFO:root:3030,7.8756304099873855
INFO:root:3040,0.8617068573620195
INFO:root:3050,-60.65585380354068
INFO:root:3060,-33.746546705854335
INFO:root:3070,-49.20734103065444
INFO:root:3080,-16.1401691554901
INFO:root:3090,-42.21186740634825
INFO:root:3100,-79.56632369332489
INFO:root:3110,-21.57483300269482
INFO:root:3120,-71.32064405862246
INFO:root:3130,-39.01235434955932
INFO:root:3140,-88.03227760199451
INFO:root:3150,-71.72932307838171
INFO:root:3160,-56.35762635585635
INFO:root:3170,-54.13470672637195
INFO:root:3180,-72.66179893991638
INFO:root:3190,-9.515606942952992
INFO:root:3200,-89.7515308640037
INFO:root:3210,-90.24341991743813
INFO:root:3220,-51.165270565718636
INFO:root:3230,-33.74899909681691
INFO:root:3240,-58.575765413062726
INFO:root:3250,-92.34278195617962
INFO:root:3260,-24.208842174030092
INFO:root:3270,-63.330365126370175
INFO:root:3280,-34.60730707846571
INFO:root:3290,-17.331052732281638
INFO:root:3300,-42.1210772393987
INFO:root:3310,-50.782711355084125
INFO:root:3320,-25.346006554241548
INFO:root:3330,-64.31408038997286
INFO:root:3340,9.736854920773046
INFO:root:3350,-72.21659994840657
INFO:root:3360,-107.7121041816237
INFO:root:3370,-76.01597771607693
INFO:root:3380,-43.07943217726118
INFO:root:3390,-75.46888252874629
INFO:root:3400,-43.28635682163301
INFO:root:3410,16.834193408998726
INFO:root:3420,-25.15821574253032
INFO:root:3430,-61.1864656303743
INFO:root:3440,-62.84210284884075
INFO:root:3450,-2.225566045088968
INFO:root:3460,-57.795250767236496
INFO:root:3470,-36.17781082465581
INFO:root:3480,-16.539905188298743
INFO:root:3490,-12.047115257129917
INFO:root:3500,21.597493557040263
INFO:root:3510,-56.85988296232179
INFO:root:3520,-56.53182056480263
INFO:root:3530,-34.88252340563916
INFO:root:3540,-67.18700886255137
INFO:root:3550,-56.7796521695607
INFO:root:3560,-19.20091016858749
INFO:root:3570,-19.940291764741485
INFO:root:3580,-50.996877597135324
INFO:root:3590,-76.11501753603174
INFO:root:3600,-53.994841426153485
INFO:root:3610,-46.32275921638693
INFO:root:3620,-76.38416454384281
INFO:root:3630,3.525954284907847
INFO:root:3640,-26.683581307407717
INFO:root:3650,-68.43482404755603
INFO:root:3660,-70.63635240995072
INFO:root:3670,-44.41162756362716
INFO:root:3680,-26.96423443910526
INFO:root:3690,-60.806474722038175
INFO:root:3700,-44.9582591641172
INFO:root:3710,-48.107423286715466
INFO:root:3720,-23.716860418484373
INFO:root:3730,-54.6604653316441
INFO:root:3740,-60.769694248241436
INFO:root:3750,-16.96849568525673
INFO:root:3760,13.38875630792634
INFO:root:3770,17.270776481766926
INFO:root:3780,14.040290738232525
INFO:root:3790,-42.65555861080033
INFO:root:3800,-29.675055295401858
INFO:root:3810,-98.04870797767575
INFO:root:3820,-89.48738586604347
INFO:root:3830,-24.98098820403476
INFO:root:3840,-21.15541596822471
INFO:root:3850,-8.208514823734406
INFO:root:3860,-48.694302393451615
INFO:root:3870,-49.31791440977908
INFO:root:3880,-47.45538129164159
INFO:root:3890,-81.52893664766297
INFO:root:3900,-28.399079314304746
INFO:root:3910,-31.35283175632425
INFO:root:3920,-34.28035277156814
INFO:root:3930,-28.734602578643816
INFO:root:3940,-79.86360284161854
INFO:root:3950,-78.57506339015376
INFO:root:3960,-87.8893234563941
INFO:root:3970,-29.89968385294142
INFO:root:3980,-9.405515987454248
INFO:root:3990,-44.643557468896304
INFO:root:4000,-87.2847899921258
INFO:root:4010,-92.90558948758664
INFO:root:4020,-51.06675449387399
INFO:root:4030,-88.5619296686975
INFO:root:4040,-60.0512261265513
INFO:root:4050,-24.728804077754738
INFO:root:4060,-39.45218034971459
INFO:root:4070,-49.37361209678716
INFO:root:4080,-65.93438775280293
INFO:root:4090,-83.41529722936582
INFO:root:4100,-24.84917261856106
INFO:root:4110,4.145547794195261
INFO:root:4120,10.48874358847905
INFO:root:4130,-31.776620859035944
INFO:root:4140,15.963322506644458
INFO:root:4150,8.651761914630566
INFO:root:4160,-46.75541107263967
INFO:root:4170,-94.81780996908601
INFO:root:4180,-0.2833962303208306
INFO:root:4190,-1.4737953050154786
INFO:root:4200,4.372944620314036
INFO:root:4210,-22.250523097400972
INFO:root:4220,-60.28121303619825
INFO:root:4230,-98.25411914660151
INFO:root:4240,-82.82218747197729
INFO:root:4250,-30.04539564107053
INFO:root:4260,3.2373824410912384
INFO:root:4270,-66.50850441700109
INFO:root:4280,-45.2100748096765
INFO:root:4290,-41.022554375839746
INFO:root:4300,-54.990638125080736
INFO:root:4310,10.90031120167197
INFO:root:4320,-21.000094619908026
INFO:root:4330,14.807500943401822
INFO:root:4340,-35.80859503249434
INFO:root:4350,-67.30727722608043
INFO:root:4360,-123.63889568720658
INFO:root:4370,-102.18830549949429
INFO:root:4380,-26.756433131026068
INFO:root:4390,-36.2405483243776
INFO:root:4400,-26.002200328576137
INFO:root:4410,-8.052510695273327
INFO:root:4420,8.696305820720447
INFO:root:4430,-76.1158899004309
INFO:root:4440,-44.46151721221412
INFO:root:4450,-59.491396967606825
INFO:root:4460,-6.354659682118388
INFO:root:4470,-3.82321586292527
INFO:root:4480,3.4578763700298474
INFO:root:4490,-33.15443854039665
INFO:root:4500,-55.27697102174367
INFO:root:4510,-54.8648252914077
INFO:root:4520,-60.348211102578425
INFO:root:4530,-42.90640590446084
INFO:root:4540,-68.17256088260868
INFO:root:4550,-44.69915671754356
INFO:root:4560,-74.08120212224087
INFO:root:4570,-90.39235005450428
INFO:root:4580,-94.09172962344499
INFO:root:4590,-34.089337175471044
INFO:root:4600,-44.227712467613884
INFO:root:4610,-38.35522702255567
INFO:root:4620,-104.32811177719077
INFO:root:4630,-88.93295119072533
INFO:root:4640,-108.51106636104842
INFO:root:4650,-35.45422409165465
INFO:root:4660,-37.55792769496302
INFO:root:4670,-79.56391218090737
INFO:root:4680,-35.14590441054915
INFO:root:4690,-15.561256330933304
INFO:root:4700,-79.22870014458641
INFO:root:4710,-81.1223676652988
INFO:root:4720,-36.07527519090865
INFO:root:4730,4.258527378176402
INFO:root:4740,-56.22993924666096
INFO:root:4750,-48.849735158917454
INFO:root:4760,-25.892794427164187
INFO:root:4770,-2.33356556727945
INFO:root:4780,-95.96728795922262
INFO:root:4790,-107.67120508949063
INFO:root:4800,-98.2905783176735
INFO:root:4810,-53.44176630349894
INFO:root:4820,-100.01247954039812
INFO:root:4830,-89.36996733613452
INFO:root:4840,-38.64342233387841
INFO:root:4850,-30.58938571326064
INFO:root:4860,-63.69747254775755
INFO:root:4870,-10.124150469750456
INFO:root:4880,-61.57824750788799
INFO:root:4890,-71.51888677532057
INFO:root:4900,-43.02119278035268
INFO:root:4910,-32.02447441006038
INFO:root:4920,-33.21423074277402
INFO:root:4930,-47.425787770618854
INFO:root:4940,-4.079132837779736
INFO:root:4950,-8.510416740309275
INFO:root:4960,2.4447369021863423
INFO:root:4970,-32.882694407059354
INFO:root:4980,-46.75734899832369
INFO:root:4990,-4.611123878779162
INFO:root:5000,-72.96961713237069
INFO:root:5010,-108.90965703000667
INFO:root:5020,-111.42130682696758
INFO:root:5030,-84.59608484245007
INFO:root:5040,-0.5555608202710935
INFO:root:5050,-59.68584957165636
INFO:root:5060,-32.518338708631866
INFO:root:5070,6.241234900772113
INFO:root:5080,-32.13562756727094
INFO:root:5090,-4.486393738420866
INFO:root:5100,-62.473853011278024
INFO:root:5110,-20.833116574198016
INFO:root:5120,-69.08295823839853
INFO:root:5130,-58.14910003115335
INFO:root:5140,-83.82877662308269
INFO:root:5150,-18.64759468147912
INFO:root:5160,-8.166027035153562
INFO:root:5170,-35.31051088031826
INFO:root:5180,-28.333716675019353
